
-------------------- Trial 0  --------------------

Trial 0 Training MaxEntTrainer,numIterations=10,gaussianPriorVariance=1.0 with 46451 instances
Trial 0 Training MaxEntTrainer,numIterations=10,gaussianPriorVariance=1.0 finished
Trial 0 Trainer MaxEntTrainer,numIterations=10,gaussianPriorVariance=1.0 Training Data Confusion Matrix
Confusion Matrix, row=true, column=predicted  accuracy=0.9888269359109599
    label   0   1   2   3   4   5   6   7   8   9  10  11  12  13  14  15  16  17  18  19  20  21  22  23  24  25  26  27  28  29  30  31  32  33  34  35  36  37  38  39  40  41  42  43  44  |total
  0   NNP 5078   .   .   1   6   .   3   3  10   2   .   .   .   .   .   1   .   .   .   .   .   .   .   .   .   .   .   .   .   .   .   .   .   .   .   .   .   .   .   .   .   .   .   .   .  |5104
  1 comma   1 2525   .   .   .   .   .   .   .   .   .   .   .   .   .   .   .   .   .   .   .   .   .   .   .   .   .   .   .   .   .   .   .   .   .   .   .   .   .   .   .   .   .   .   .  |2526
  2    CD   7   . 1395   .   1   .   2   1   8   .   .   .   .   .   .   .   .   .   .   .   .   .   .   .   .   .   .   .   .   .   .   .   .   .   .   .   .   .   .   .   .   .   .   .   .  |1414
  3   NNS   8   .   . 2936   4   .   1   .  14   .   .   .   .   .   .   1   2   .   .   .   .   .   .   .   .   .   .   .   .   .   .   .   .   .   .   .   .   .   .   .   .   .   .   .   .  |2966
  4    JJ  17   .   .   1 2882   .   2   4  27   1   .   .   1   1   2   5   3   .   .   .   .   1   .   .   .   .   .   .   .   .   .   1   .   .   .   .   .   .   .   .   .   .   .   .   .  |2948
  5    MD   .   .   .   .   . 405   .   .   .   .   .   .   .   .   .   .   .   .   .   .   .   .   .   .   .   .   .   .   .   .   .   .   .   .   .   .   .   .   .   .   .   .   .   .   .  |405
  6    VB   4   .   .   .   .   . 1162   .   4   1   .   .   1   .   1   .   1   .   .   .   .   4   .   .   .   .   .   .   .   .   .   .   .   .   .   .   .   .   .   .   .   .   .   .   .  |1178
  7    DT   .   .   .   .   .   .   . 3982   2   6   .   .   .   .   .   .   .   .   .   .   .   .   .   .   .   .   .   .   .   .   .   .   .   .   .   .   .   .   .   .   .   .   .   .   .  |3990
  8    NN  21   .   4   4  15   .   4   . 6077   1   .   .   1   2   .   1   .   .   .   .   .   1   .   .   .   .   .   .   .   .   .   .   .   .   .   .   .   .   .   .   .   .   .   .   .  |6131
  9    IN   .   .   .   .   4   .   .   1   . 4834   .   .   .   2   .   .  10   .   .   .   .   .   1   .   .   .   .   .   .   .   .   .   .   .   .   .   .   .   .   .   .   .   .   .   .  |4852
 10     .   .   .   .   .   .   .   .   .   1   . 1916   .   .   .   .   .   .   .   .   .   .   .   .   .   .   .   .   .   .   .   .   .   .   .   .   .   .   .   .   .   .   .   .   .   .  |1917
 11   VBZ   4   .   .   3   1   .   .   .   3   1   . 1084   .   .   .   .   .   .   .   .   .   .   .   .   .   1   .   .   .   .   .   .   .   .   .   .   .   .   .   .   .   .   .   .   .  |1097
 12   VBG   3   .   .   .   1   .   2   .  25   .   .   . 706   .   1   2   .   .   .   .   .   .   .   .   .   .   .   .   .   .   .   .   .   .   .   .   .   .   .   .   .   .   .   .   .  |740
 13    CC   .   .   .   .   .   .   .   .   .   1   .   .   . 1123   .   .   .   .   .   .   .   .   .   .   .   .   .   .   .   .   .   .   .   .   .   .   .   .   .   .   .   .   .   .   .  |1124
 14   VBD   5   .   .   1   .   .   .   .   3   1   .   .   .   . 1500   8   .   .   .   .   .   .   .   .   .   .   .   .   .   .   .   .   .   .   .   .   .   .   .   .   .   .   .   .   .  |1518
 15   VBN   3   .   .   2   9   .   1   .  13   .   .   .   .   .   5 978   .   .   .   .   .   1   .   .   .   .   .   .   .   .   .   .   .   .   .   .   .   .   .   .   .   .   .   .   .  |1012
 16    RB   7   .   .   4   6   .   3   2   8  21   .   .   .   .   2   1 1405   .   .   .   .   .   3   .   .   .   .   .   .   .   .   1   .   .   .   .   .   .   .   .   .   .   .   .   .  |1463
 17    TO   .   .   .   .   .   .   .   .   .   .   .   .   .   .   .   .   . 1015   .   .   .   .   .   .   .   .   .   .   .   .   .   .   .   .   .   .   .   .   .   .   .   .   .   .   .  |1015
 18   PRP   1   .   2   .   .   .   .   .   3   .   .   .   .   .   .   .   .   . 923   .   .   .   .   .   .   .   .   .   .   .   .   .   .   .   .   .   .   .   .   .   .   .   .   .   .  |929
 19   RBR   1   .   .   .   1   .   .   .   2   .   .   1   .   .   .   .   2   .   .  73   .   .   .   .   .   .   .   .   .   .   .   5   .   .   .   .   .   .   .   .   .   .   .   .   .  |85
 20   WDT   .   .   .   .   .   .   .   1   .   .   .   .   .   .   .   .   .   .   .   . 198   .   .   .   .   .   .   .   .   .   .   .   .   .   .   .   .   .   .   .   .   .   .   .   .  |199
 21   VBP   4   .   .   .   1   .   .   .  12   1   .   1   .   .   1   .   .   .   .   .   . 697   .   .   .   .   .   .   .   .   .   .   .   .   .   .   .   .   .   .   .   .   .   .   .  |717
 22    RP   .   .   .   .   .   .   .   .   1  12   .   .   .   .   .   .   4   .   .   .   .   . 117   .   .   .   .   .   .   .   .   .   .   .   .   .   .   .   .   .   .   .   .   .   .  |134
 23  PRP$   2   .   .   .   .   .   .   .   .   .   .   .   .   .   .   .   .   .   .   .   .   .   . 402   .   .   .   .   .   .   .   .   .   .   .   .   .   .   .   .   .   .   .   .   .  |404
 24   JJS   1   .   .   .   2   .   .   .   2   .   .   .   .   .   .   .   .   .   .   .   .   .   .   .  85   .   .   .   .   .   .   .   .   .   .   .   .   .   .   .   .   .   .   .   .  |90
 25   POS   .   .   .   .   .   .   .   .   .   .   .   .   .   .   .   .   .   .   .   .   .   .   .   .   . 398   .   .   .   .   .   .   .   .   .   .   .   .   .   .   .   .   .   .   .  |398
 26    ``   .   .   .   .   .   .   .   .   .   .   .   .   .   .   .   .   .   .   .   .   .   .   .   .   .   . 402   .   .   .   .   .   .   .   .   .   .   .   .   .   .   .   .   .   .  |402
 27    EX   .   .   .   .   .   .   .   .   .   .   .   .   .   .   .   .   .   .   .   .   .   .   .   .   .   .   .  48   .   .   .   .   .   .   .   .   .   .   .   .   .   .   .   .   .  |48
 28    ''   .   .   .   .   .   .   .   .   .   .   .   .   .   .   .   .   .   .   .   .   .   .   .   .   .   .   .   . 393   .   .   .   .   .   .   .   .   .   .   .   .   .   .   .   .  |393
 29    WP   .   .   .   1   .   .   .   .   .   .   .   .   .   .   .   .   1   .   .   .   .   .   .   .   .   .   .   .   . 133   .   .   .   .   .   .   .   .   .   .   .   .   .   .   .  |135
 30     :   .   .   .   .   .   .   .   .   .   .   .   .   .   .   .   .   .   .   .   .   .   .   .   .   .   .   .   .   .   . 285   .   .   .   .   .   .   .   .   .   .   .   .   .   .  |285
 31   JJR   1   .   .   2   2   .   .   .   2   1   .   .   .   .   .   1   2   .   .   1   .   .   .   .   .   .   .   .   .   .   . 143   .   .   .   .   .   .   .   .   .   .   .   .   .  |155
 32   WRB   .   .   .   1   .   .   .   .   1   2   .   .   .   .   .   .   .   .   .   .   .   .   .   .   .   .   .   .   .   .   .   .  87   .   .   .   .   .   .   .   .   .   .   .   .  |91
 33     $   .   .   .   .   .   .   1   .   .   .   .   .   .   .   .   .   .   .   .   .   .   .   .   .   .   .   .   .   .   .   .   .   . 335   .   .   .   .   .   .   .   .   .   .   .  |336
 34  NNPS  19   .   .   5   .   .   .   .   6   .   .   .   .   .   .   .   .   .   .   .   .   .   .   .   .   .   .   .   .   .   .   .   .   .  64   .   .   .   .   .   .   .   .   .   .  |94
 35   WP$   .   .   .   .   1   .   .   .   .   .   .   .   .   .   .   .   .   .   .   .   .   .   .   .   .   .   .   .   .   .   .   .   .   .   .   5   .   .   .   .   .   .   .   .   .  |6
 36 -LRB-   .   .   .   .   .   .   .   .   .   .   .   .   .   .   .   .   .   .   .   .   .   .   .   .   .   .   .   .   .   .   .   .   .   .   .   .  52   .   .   .   .   .   .   .   .  |52
 37 -RRB-   .   .   .   .   .   .   .   .   .   .   .   .   .   .   .   .   .   .   .   .   .   .   .   .   .   .   .   .   .   .   .   .   .   .   .   .   .  55   .   .   .   .   .   .   .  |55
 38   PDT   .   .   .   .   2   .   .   2   .   .   .   .   .   .   .   .   .   .   .   .   .   .   .   .   .   .   .   .   .   .   .   .   .   .   .   .   .   .   5   .   .   .   .   .   .  |9
 39   RBS   .   .   .   .   .   .   .   .   .   .   .   .   .   .   .   .   .   .   .   .   .   .   .   .   .   .   .   .   .   .   .   .   .   .   .   .   .   .   .  19   .   .   .   .   .  |19
 40    FW   .   .   .   .   .   .   .   .   1   .   .   .   .   .   .   .   .   .   .   .   .   .   .   .   .   .   .   .   .   .   .   .   .   .   .   .   .   .   .   .   1   .   .   .   .  |2
 41    UH   1   .   .   .   .   .   .   .   .   .   .   .   .   .   .   .   .   .   .   .   .   .   .   .   .   .   .   .   .   .   .   .   .   .   .   .   .   .   .   .   .   .   .   .   .  |1
 42   SYM   .   .   .   .   .   .   .   .   .   .   .   .   .   1   .   .   .   .   .   .   .   .   .   .   .   .   .   .   .   .   .   .   .   .   .   .   .   .   .   .   .   .   .   .   .  |1
 43    LS   .   .   .   .   .   .   .   1   .   .   .   .   .   .   .   .   .   .   .   .   .   .   .   .   .   .   .   .   .   .   .   .   .   .   .   .   .   .   .   .   .   .   .   9   .  |10
 44     #   1   .   .   .   .   .   .   .   .   .   .   .   .   .   .   .   .   .   .   .   .   .   .   .   .   .   .   .   .   .   .   .   .   .   .   .   .   .   .   .   .   .   .   .   .  |1

Trial 0 Trainer MaxEntTrainer,numIterations=10,gaussianPriorVariance=1.0 training data accuracy= 0.9888269359109599

MaxEntTrainer,numIterations=10,gaussianPriorVariance=1.0
Summary. train accuracy mean = 0.9888269359109599 stddev = 0.0 stderr = 0.0
