
-------------------- Trial 0  --------------------

Trial 0 Training MaxEntTrainer,numIterations=10,gaussianPriorVariance=1.0 with 46451 instances
Trial 0 Training MaxEntTrainer,numIterations=10,gaussianPriorVariance=1.0 finished
Trial 0 Trainer MaxEntTrainer,numIterations=10,gaussianPriorVariance=1.0 Training Data Confusion Matrix
Confusion Matrix, row=true, column=predicted  accuracy=0.9855977266366709
    label   0   1   2   3   4   5   6   7   8   9  10  11  12  13  14  15  16  17  18  19  20  21  22  23  24  25  26  27  28  29  30  31  32  33  34  35  36  37  38  39  40  41  42  43  44  |total
  0   NNP 5067   .   .   1   9   .   2   3  16   2   .   .   .   .   .   .   2   .   .   .   .   .   1   .   .   .   .   .   .   .   .   .   .   .   1   .   .   .   .   .   .   .   .   .   .  |5104
  1 comma   1 2525   .   .   .   .   .   .   .   .   .   .   .   .   .   .   .   .   .   .   .   .   .   .   .   .   .   .   .   .   .   .   .   .   .   .   .   .   .   .   .   .   .   .   .  |2526
  2    CD  10   . 1386   2   2   .   1   1  11   .   .   .   .   .   .   1   .   .   .   .   .   .   .   .   .   .   .   .   .   .   .   .   .   .   .   .   .   .   .   .   .   .   .   .   .  |1414
  3   NNS  13   .   1 2931   5   .   .   .  12   3   .   .   .   .   .   1   .   .   .   .   .   .   .   .   .   .   .   .   .   .   .   .   .   .   .   .   .   .   .   .   .   .   .   .   .  |2966
  4    JJ  25   .   .   . 2831   .   2   4  57   2   .   .   7   1   2   5  10   1   .   .   .   .   .   .   .   .   .   .   .   .   .   1   .   .   .   .   .   .   .   .   .   .   .   .   .  |2948
  5    MD   .   .   .   .   . 405   .   .   .   .   .   .   .   .   .   .   .   .   .   .   .   .   .   .   .   .   .   .   .   .   .   .   .   .   .   .   .   .   .   .   .   .   .   .   .  |405
  6    VB   4   .   .   .   .   . 1157   1   7   .   .   .   .   .   1   1   1   .   .   .   .   6   .   .   .   .   .   .   .   .   .   .   .   .   .   .   .   .   .   .   .   .   .   .   .  |1178
  7    DT   4   .   .   .   2   .   1 3973   3   7   .   .   .   .   .   .   .   .   .   .   .   .   .   .   .   .   .   .   .   .   .   .   .   .   .   .   .   .   .   .   .   .   .   .   .  |3990
  8    NN  31   .   5   7  39   .   3   . 6037   1   .   .   3   2   .   1   .   .   .   .   .   2   .   .   .   .   .   .   .   .   .   .   .   .   .   .   .   .   .   .   .   .   .   .   .  |6131
  9    IN   3   .   .   .   6   .   .   1   . 4824   .   .   .   2   .   .  12   1   .   .   1   .   2   .   .   .   .   .   .   .   .   .   .   .   .   .   .   .   .   .   .   .   .   .   .  |4852
 10     .   .   .   .   .   .   .   .   .   1   . 1916   .   .   .   .   .   .   .   .   .   .   .   .   .   .   .   .   .   .   .   .   .   .   .   .   .   .   .   .   .   .   .   .   .   .  |1917
 11   VBZ   2   .   .   4   1   .   .   .   2   .   . 1086   .   .   1   .   .   .   .   .   .   .   .   .   .   1   .   .   .   .   .   .   .   .   .   .   .   .   .   .   .   .   .   .   .  |1097
 12   VBG   6   .   .   .   .   .   3   .  31   .   .   . 700   .   .   .   .   .   .   .   .   .   .   .   .   .   .   .   .   .   .   .   .   .   .   .   .   .   .   .   .   .   .   .   .  |740
 13    CC   .   .   .   .   .   .   .   .   .   .   .   .   . 1124   .   .   .   .   .   .   .   .   .   .   .   .   .   .   .   .   .   .   .   .   .   .   .   .   .   .   .   .   .   .   .  |1124
 14   VBD   3   .   .   1   .   .   .   .   3   .   .   .   .   . 1502   9   .   .   .   .   .   .   .   .   .   .   .   .   .   .   .   .   .   .   .   .   .   .   .   .   .   .   .   .   .  |1518
 15   VBN   2   .   .   .   9   .   1   .  12   .   .   .   .   .   8 980   .   .   .   .   .   .   .   .   .   .   .   .   .   .   .   .   .   .   .   .   .   .   .   .   .   .   .   .   .  |1012
 16    RB   7   .   .   3   7   .   .   2  17  22   .   .   .   .   .   1 1398   .   .   1   .   .   4   .   .   .   .   .   .   .   .   1   .   .   .   .   .   .   .   .   .   .   .   .   .  |1463
 17    TO   1   .   .   .   .   .   .   .   .   .   .   .   .   .   .   .   . 1014   .   .   .   .   .   .   .   .   .   .   .   .   .   .   .   .   .   .   .   .   .   .   .   .   .   .   .  |1015
 18   PRP   1   .   1   .   .   .   .   .   3   .   .   .   .   .   .   .   .   . 924   .   .   .   .   .   .   .   .   .   .   .   .   .   .   .   .   .   .   .   .   .   .   .   .   .   .  |929
 19   RBR   .   .   .   1   2   .   .   .   2   1   .   .   .   .   .   .   1   .   .  71   .   .   .   .   .   .   .   .   .   .   .   7   .   .   .   .   .   .   .   .   .   .   .   .   .  |85
 20   WDT   .   .   .   .   .   .   .   1   .   1   .   .   .   .   .   .   .   .   .   . 197   .   .   .   .   .   .   .   .   .   .   .   .   .   .   .   .   .   .   .   .   .   .   .   .  |199
 21   VBP   7   .   .   .   .   .   1   .   9   1   .   1   .   .   .   .   .   .   .   .   . 698   .   .   .   .   .   .   .   .   .   .   .   .   .   .   .   .   .   .   .   .   .   .   .  |717
 22    RP   .   .   .   .   .   .   .   .   1  15   .   .   .   .   .   .   5   .   .   .   .   . 113   .   .   .   .   .   .   .   .   .   .   .   .   .   .   .   .   .   .   .   .   .   .  |134
 23  PRP$   3   .   .   1   .   .   .   .   .   .   .   .   .   .   .   .   .   .   .   .   .   .   . 400   .   .   .   .   .   .   .   .   .   .   .   .   .   .   .   .   .   .   .   .   .  |404
 24   JJS   1   .   .   .   1   .   .   .   2   .   .   .   .   .   .   .   .   .   .   .   .   .   .   .  86   .   .   .   .   .   .   .   .   .   .   .   .   .   .   .   .   .   .   .   .  |90
 25   POS   .   .   .   .   .   .   .   .   .   .   .   .   .   .   .   .   .   .   .   .   .   .   .   .   . 398   .   .   .   .   .   .   .   .   .   .   .   .   .   .   .   .   .   .   .  |398
 26    ``   .   .   .   .   .   .   .   .   1   .   .   .   .   .   .   .   .   .   .   .   .   .   .   .   .   . 401   .   .   .   .   .   .   .   .   .   .   .   .   .   .   .   .   .   .  |402
 27    EX   .   .   .   .   .   .   .   .   .   .   .   .   .   .   .   .   .   .   .   .   .   .   .   .   .   .   .  48   .   .   .   .   .   .   .   .   .   .   .   .   .   .   .   .   .  |48
 28    ''   .   .   .   .   .   .   .   .   .   .   .   .   .   .   .   .   .   .   .   .   .   .   .   .   .   1   .   . 392   .   .   .   .   .   .   .   .   .   .   .   .   .   .   .   .  |393
 29    WP   .   .   .   .   .   .   .   .   .   .   .   .   .   .   .   .   .   .   .   .   .   .   .   .   .   .   .   .   . 135   .   .   .   .   .   .   .   .   .   .   .   .   .   .   .  |135
 30     :   .   .   .   .   1   .   .   .   .   .   .   .   .   .   .   .   .   .   .   .   .   .   .   .   .   .   .   .   .   . 284   .   .   .   .   .   .   .   .   .   .   .   .   .   .  |285
 31   JJR   1   .   .   1   2   .   .   .   5   .   .   .   .   .   .   .   1   .   .   .   .   .   .   .   .   .   .   .   .   .   . 145   .   .   .   .   .   .   .   .   .   .   .   .   .  |155
 32   WRB   .   .   .   .   .   .   .   .   1   .   .   .   .   .   .   .   .   .   .   .   .   .   .   .   .   .   .   .   .   .   .   .  90   .   .   .   .   .   .   .   .   .   .   .   .  |91
 33     $   3   .   .   .   .   .   .   .   .   .   .   .   .   .   .   .   .   .   .   .   .   .   .   .   .   .   .   .   .   .   .   .   . 333   .   .   .   .   .   .   .   .   .   .   .  |336
 34  NNPS  19   .   .   6   .   .   .   .   2   .   .   .   .   .   .   .   .   .   .   .   .   .   .   .   .   .   .   .   .   .   .   .   .   .  67   .   .   .   .   .   .   .   .   .   .  |94
 35   WP$   .   .   .   .   .   .   .   .   .   .   .   .   .   .   .   .   .   .   .   .   .   .   .   .   .   .   .   .   .   .   .   .   .   .   .   6   .   .   .   .   .   .   .   .   .  |6
 36 -LRB-   .   .   .   .   .   .   .   .   .   .   .   .   .   .   .   .   .   .   .   .   .   .   .   .   .   .   .   .   .   .   .   .   .   .   .   .  52   .   .   .   .   .   .   .   .  |52
 37 -RRB-   .   .   .   .   .   .   .   .   .   .   .   .   .   .   .   .   .   .   .   .   .   .   .   .   .   .   .   .   .   .   .   .   .   .   .   .   .  55   .   .   .   .   .   .   .  |55
 38   PDT   .   .   .   .   2   .   .   2   .   .   .   .   .   .   .   .   .   .   .   .   .   .   .   .   .   .   .   .   .   .   .   .   .   .   .   .   .   .   5   .   .   .   .   .   .  |9
 39   RBS   .   .   .   .   .   .   .   .   .   .   .   .   .   .   .   .   .   .   .   .   .   .   .   .   1   .   .   .   .   .   .   .   .   .   .   .   .   .   .  18   .   .   .   .   .  |19
 40    FW   .   .   .   .   .   .   .   .   1   1   .   .   .   .   .   .   .   .   .   .   .   .   .   .   .   .   .   .   .   .   .   .   .   .   .   .   .   .   .   .   .   .   .   .   .  |2
 41    UH   1   .   .   .   .   .   .   .   .   .   .   .   .   .   .   .   .   .   .   .   .   .   .   .   .   .   .   .   .   .   .   .   .   .   .   .   .   .   .   .   .   .   .   .   .  |1
 42   SYM   .   .   .   .   .   .   .   .   .   .   .   .   .   1   .   .   .   .   .   .   .   .   .   .   .   .   .   .   .   .   .   .   .   .   .   .   .   .   .   .   .   .   .   .   .  |1
 43    LS   .   .   .   .   .   .   .   1   .   1   .   .   .   .   .   .   .   .   .   .   .   .   .   .   .   .   .   .   .   .   .   .   .   .   .   .   .   .   .   .   .   .   .   8   .  |10
 44     #   1   .   .   .   .   .   .   .   .   .   .   .   .   .   .   .   .   .   .   .   .   .   .   .   .   .   .   .   .   .   .   .   .   .   .   .   .   .   .   .   .   .   .   .   .  |1

Trial 0 Trainer MaxEntTrainer,numIterations=10,gaussianPriorVariance=1.0 training data accuracy= 0.9855977266366709

MaxEntTrainer,numIterations=10,gaussianPriorVariance=1.0
Summary. train accuracy mean = 0.9855977266366709 stddev = 0.0 stderr = 0.0
