 Raw Testing Data
../../20_newsgroups/rec.autos/103696 rec.autos rec.autos:0.8340524553722233 rec.motorcycles:0.13600959062840656 rec.sport.baseball:0.018730320148447558 rec.sport.hockey:0.011207633850922716 
../../20_newsgroups/rec.autos/103697 rec.autos rec.autos:0.8504675999360459 rec.motorcycles:0.14326026746498563 rec.sport.hockey:0.00368928545971204 rec.sport.baseball:0.0025828471392564333 
../../20_newsgroups/rec.autos/103698 rec.autos rec.autos:0.9999997977126521 rec.motorcycles:2.0228026709190614E-7 rec.sport.hockey:4.7324355955380245E-12 rec.sport.baseball:2.3483632520903583E-12 
../../20_newsgroups/rec.autos/103699 rec.autos rec.autos:0.9999961660808786 rec.sport.baseball:1.7315674752655956E-6 rec.motorcycles:1.4904068986769782E-6 rec.sport.hockey:6.119447474734197E-7 
../../20_newsgroups/rec.autos/103700 rec.autos rec.autos:0.9993832454990857 rec.sport.hockey:5.616721321043245E-4 rec.sport.baseball:3.8056746552192756E-5 rec.motorcycles:1.7025622257703993E-5 
../../20_newsgroups/rec.autos/103701 rec.autos rec.autos:0.9848014166138721 rec.sport.baseball:0.008356241951518342 rec.sport.hockey:0.004196486541093209 rec.motorcycles:0.002645854893516235 
../../20_newsgroups/rec.autos/103702 rec.autos rec.autos:0.9998768867569722 rec.motorcycles:1.1305598213355174E-4 rec.sport.baseball:8.706669314755472E-6 rec.sport.hockey:1.350591579378865E-6 
../../20_newsgroups/rec.autos/103703 rec.autos rec.motorcycles:0.5009805807831925 rec.autos:0.4981266374046035 rec.sport.hockey:7.765939801784527E-4 rec.sport.baseball:1.1618783202551651E-4 
../../20_newsgroups/rec.autos/103704 rec.autos rec.autos:0.9999937313350812 rec.motorcycles:6.225219183523145E-6 rec.sport.hockey:3.8727756131312265E-8 rec.sport.baseball:4.717979199266384E-9 
../../20_newsgroups/rec.autos/103705 rec.autos rec.autos:0.997936960417887 rec.motorcycles:0.0020452307036860256 rec.sport.hockey:1.7362885531457855E-5 rec.sport.baseball:4.459928954786083E-7 
../../20_newsgroups/rec.autos/103706 rec.autos rec.sport.baseball:0.8220200306673076 rec.motorcycles:0.06842323434873833 rec.autos:0.06323658078371615 rec.sport.hockey:0.046320154200238044 
../../20_newsgroups/rec.autos/103707 rec.autos rec.autos:0.49860660520332 rec.sport.baseball:0.3839550302886829 rec.sport.hockey:0.08371425046047999 rec.motorcycles:0.033724114047517205 
../../20_newsgroups/rec.autos/103708 rec.autos rec.autos:0.9999287514493291 rec.motorcycles:5.194581426111253E-5 rec.sport.baseball:1.7975316050813362E-5 rec.sport.hockey:1.3274203589967913E-6 
../../20_newsgroups/rec.autos/103709 rec.autos rec.autos:0.999999999976475 rec.motorcycles:2.352496746104647E-11 rec.sport.hockey:1.0624886680199906E-17 rec.sport.baseball:3.152733461275322E-22 
../../20_newsgroups/rec.autos/103710 rec.autos rec.autos:0.999812620181521 rec.motorcycles:1.8580911513417137E-4 rec.sport.hockey:1.3475379507075089E-6 rec.sport.baseball:2.231653942554409E-7 
../../20_newsgroups/rec.autos/103711 rec.autos rec.autos:0.9223091777062171 rec.sport.hockey:0.04204752192047941 rec.motorcycles:0.029496513847700436 rec.sport.baseball:0.006146786525602991 
../../20_newsgroups/rec.autos/103712 rec.autos rec.autos:0.9997512442577705 rec.motorcycles:2.4875493932796584E-4 rec.sport.hockey:5.707287186383843E-10 rec.sport.baseball:2.3217282888714396E-10 
../../20_newsgroups/rec.autos/103713 rec.autos rec.autos:0.9647087117281495 rec.sport.baseball:0.026661748594021005 rec.motorcycles:0.0073779045065656 rec.sport.hockey:0.0012516351712639222 
../../20_newsgroups/rec.autos/103714 rec.autos rec.autos:0.6370830942552315 rec.sport.baseball:0.3246252274196817 rec.motorcycles:0.032956547294760434 rec.sport.hockey:0.005335131030326275 
../../20_newsgroups/rec.autos/103715 rec.autos rec.autos:0.9910747009462483 rec.sport.hockey:0.007861402027992244 rec.motorcycles:8.419383436496561E-4 rec.sport.baseball:2.2195868210973268E-4 
../../20_newsgroups/rec.autos/103716 rec.autos rec.autos:0.9997017608597011 rec.motorcycles:1.9126591698989648E-4 rec.sport.hockey:7.47959451867588E-5 rec.sport.baseball:3.217727812215126E-5 
../../20_newsgroups/rec.autos/103717 rec.autos rec.autos:0.9984408080266632 rec.motorcycles:0.0012765778272745513 rec.sport.baseball:2.097054933480868E-4 rec.sport.hockey:7.290865271405183E-5 
../../20_newsgroups/rec.autos/103718 rec.autos rec.autos:0.5755921412287718 rec.sport.baseball:0.2689100963943989 rec.motorcycles:0.09566253659102196 rec.sport.hockey:0.05983522578580738 
../../20_newsgroups/rec.autos/103719 rec.autos rec.autos:0.9969539473018498 rec.motorcycles:0.002825882769530369 rec.sport.hockey:1.5075628402115327E-4 rec.sport.baseball:6.941364459862237E-5 
../../20_newsgroups/rec.autos/103720 rec.autos rec.autos:0.9976780881634788 rec.motorcycles:0.0022962658014273997 rec.sport.hockey:2.246540066360581E-5 rec.sport.baseball:3.180634430063183E-6 
../../20_newsgroups/rec.autos/103721 rec.autos rec.autos:0.9933772065287654 rec.sport.baseball:0.004036661885375338 rec.sport.hockey:0.0018972701491924023 rec.motorcycles:6.888614366668823E-4 
../../20_newsgroups/rec.autos/103722 rec.autos rec.autos:0.8219133330918884 rec.sport.baseball:0.0840610365885354 rec.motorcycles:0.06377078689124978 rec.sport.hockey:0.030254843428326506 
../../20_newsgroups/rec.autos/103723 rec.autos rec.autos:0.998932422202822 rec.motorcycles:9.22880655547422E-4 rec.sport.baseball:7.834403513558129E-5 rec.sport.hockey:6.63531064950352E-5 
../../20_newsgroups/rec.autos/103724 rec.autos rec.autos:0.8124893097159499 rec.motorcycles:0.0958259983931074 rec.sport.baseball:0.08961149659529144 rec.sport.hockey:0.0020731952956512087 
../../20_newsgroups/rec.autos/103725 rec.autos rec.autos:0.999722280669151 rec.sport.hockey:2.4234911227896617E-4 rec.sport.baseball:2.847588749318959E-5 rec.motorcycles:6.894331076952655E-6 
../../20_newsgroups/rec.autos/103726 rec.autos rec.autos:0.9999183739571249 rec.motorcycles:7.644454153339583E-5 rec.sport.hockey:4.1150515310027E-6 rec.sport.baseball:1.0664498107943281E-6 
../../20_newsgroups/rec.autos/103727 rec.autos rec.autos:0.9994625367772416 rec.motorcycles:2.926318900545578E-4 rec.sport.baseball:1.2599406797380986E-4 rec.sport.hockey:1.1883726473007806E-4 
../../20_newsgroups/rec.autos/103728 rec.autos rec.autos:0.7439200410594586 rec.sport.baseball:0.1358214485427176 rec.motorcycles:0.10930656564462023 rec.sport.hockey:0.010951944753203574 
../../20_newsgroups/rec.autos/103729 rec.autos rec.autos:0.987267900172886 rec.motorcycles:0.008655993330605793 rec.sport.hockey:0.002318631426031117 rec.sport.baseball:0.001757475070477067 
../../20_newsgroups/rec.autos/103731 rec.autos rec.autos:0.9691618054127009 rec.motorcycles:0.027833046278592 rec.sport.hockey:0.0028662699030005396 rec.sport.baseball:1.388784057065629E-4 
../../20_newsgroups/rec.autos/103732 rec.autos rec.autos:0.9997109645967948 rec.motorcycles:2.890326435855655E-4 rec.sport.baseball:2.7434512636394986E-9 rec.sport.hockey:1.6168544595936715E-11 
../../20_newsgroups/rec.autos/103733 rec.autos rec.autos:0.7114176250828895 rec.motorcycles:0.27488325763278465 rec.sport.baseball:0.006973266216631835 rec.sport.hockey:0.0067258510676938225 
../../20_newsgroups/rec.autos/103734 rec.autos rec.autos:0.9743602579273486 rec.motorcycles:0.01842367613942551 rec.sport.baseball:0.0069144227375770185 rec.sport.hockey:3.0164319564894283E-4 
../../20_newsgroups/rec.autos/103735 rec.autos rec.autos:0.999999966552622 rec.motorcycles:3.344708042818614E-8 rec.sport.hockey:2.769145768119581E-13 rec.sport.baseball:2.0727322108518868E-14 
../../20_newsgroups/rec.autos/103736 rec.autos rec.autos:0.9736262582500148 rec.motorcycles:0.010780629978578702 rec.sport.hockey:0.009210242015131319 rec.sport.baseball:0.006382869756275043 
../../20_newsgroups/rec.autos/103737 rec.autos rec.motorcycles:0.8576209564021703 rec.autos:0.1367810490045988 rec.sport.hockey:0.004184278821717319 rec.sport.baseball:0.0014137157715135022 
../../20_newsgroups/rec.autos/103738 rec.autos rec.autos:0.9957375560532077 rec.motorcycles:0.004233981344302391 rec.sport.hockey:1.8684191997971598E-5 rec.sport.baseball:9.778410492063758E-6 
../../20_newsgroups/rec.autos/103739 rec.autos rec.autos:1.0 rec.motorcycles:7.786310973549052E-18 rec.sport.baseball:3.3414494639457397E-28 rec.sport.hockey:1.2299290052071887E-28 
../../20_newsgroups/rec.autos/103740 rec.autos rec.autos:0.9993190060208347 rec.motorcycles:5.563627413154978E-4 rec.sport.hockey:1.1874976788700927E-4 rec.sport.baseball:5.881469962778069E-6 
../../20_newsgroups/rec.autos/103741 rec.autos rec.autos:0.9999910939938206 rec.motorcycles:8.899060490887307E-6 rec.sport.hockey:4.712500978425488E-9 rec.sport.baseball:2.2331874653881074E-9 
../../20_newsgroups/rec.autos/103742 rec.autos rec.autos:0.9999991507709052 rec.motorcycles:8.455696363375938E-7 rec.sport.baseball:2.05509569148561E-9 rec.sport.hockey:1.6043627759042032E-9 
../../20_newsgroups/rec.autos/103743 rec.autos rec.autos:0.9999999878146512 rec.motorcycles:1.2030557982134846E-8 rec.sport.baseball:1.3370308583474482E-10 rec.sport.hockey:2.108772771386812E-11 
../../20_newsgroups/rec.autos/103744 rec.autos rec.autos:0.998064955839479 rec.sport.baseball:0.0011229986744194498 rec.motorcycles:5.941829029896154E-4 rec.sport.hockey:2.1786258311196467E-4 
../../20_newsgroups/rec.autos/103745 rec.autos rec.autos:0.9999017125717644 rec.motorcycles:9.774342194475086E-5 rec.sport.baseball:3.9682214680636634E-7 rec.sport.hockey:1.4718414405534015E-7 
../../20_newsgroups/rec.autos/103746 rec.autos rec.autos:0.9999927559786608 rec.sport.baseball:7.21904350346647E-6 rec.sport.hockey:2.4971912790531904E-8 rec.motorcycles:5.92305455474026E-12 
../../20_newsgroups/rec.autos/103747 rec.autos rec.autos:0.9950163530821892 rec.motorcycles:0.00257815572081359 rec.sport.baseball:0.0018465300676386446 rec.sport.hockey:5.589611293585389E-4 
../../20_newsgroups/rec.autos/103748 rec.autos rec.autos:0.995645138057412 rec.sport.baseball:0.002346107046115526 rec.motorcycles:0.0016484223024196565 rec.sport.hockey:3.6033259405297716E-4 
../../20_newsgroups/rec.autos/103749 rec.autos rec.autos:0.9997553999593565 rec.motorcycles:1.4199869825859223E-4 rec.sport.hockey:7.354235398755579E-5 rec.sport.baseball:2.9058988397390574E-5 
../../20_newsgroups/rec.autos/103750 rec.autos rec.autos:0.9999999050857952 rec.sport.hockey:5.33113581675956E-8 rec.sport.baseball:4.1576638150983126E-8 rec.motorcycles:2.620847459032383E-11 
../../20_newsgroups/rec.autos/103751 rec.autos rec.autos:0.9999999994849491 rec.motorcycles:5.126132027909309E-10 rec.sport.hockey:1.607859423530018E-12 rec.sport.baseball:8.298325211718107E-13 
../../20_newsgroups/rec.autos/103752 rec.autos rec.autos:0.9999999999998881 rec.motorcycles:8.08480443662186E-14 rec.sport.hockey:3.097761865721733E-14 rec.sport.baseball:2.0436586742917746E-18 
../../20_newsgroups/rec.autos/103753 rec.autos rec.autos:0.9999982302275529 rec.motorcycles:1.0637443249250364E-6 rec.sport.hockey:5.194760270571001E-7 rec.sport.baseball:1.8655209517948182E-7 
../../20_newsgroups/rec.autos/103754 rec.autos rec.autos:0.4651451019795046 rec.motorcycles:0.2479520291649666 rec.sport.hockey:0.23733915073039344 rec.sport.baseball:0.049563718125135346 
../../20_newsgroups/rec.autos/103755 rec.autos rec.autos:0.9930170100556212 rec.sport.hockey:0.005971486272984585 rec.sport.baseball:6.417860896932179E-4 rec.motorcycles:3.6971758170088E-4 
../../20_newsgroups/rec.autos/103756 rec.autos rec.autos:0.9999979870118691 rec.motorcycles:1.9639429547412797E-6 rec.sport.hockey:2.712452017367528E-8 rec.sport.baseball:2.192065588569538E-8 
../../20_newsgroups/rec.autos/103757 rec.autos rec.autos:0.9236734868241016 rec.motorcycles:0.07406806267991861 rec.sport.hockey:0.0013572298137800411 rec.sport.baseball:9.0122068219978E-4 
../../20_newsgroups/rec.autos/103758 rec.autos rec.autos:0.9999999756405703 rec.motorcycles:2.427762707506981E-8 rec.sport.hockey:7.98361218371607E-11 rec.sport.baseball:1.9663871101737254E-12 
../../20_newsgroups/rec.autos/103760 rec.autos rec.autos:0.90117222191955 rec.sport.baseball:0.0484223213162494 rec.motorcycles:0.0483819809446231 rec.sport.hockey:0.002023475819577609 
../../20_newsgroups/rec.autos/103761 rec.autos rec.autos:0.9991564040904488 rec.motorcycles:7.465642244275527E-4 rec.sport.hockey:8.50926406815135E-5 rec.sport.baseball:1.1939044442157225E-5 
../../20_newsgroups/rec.autos/103762 rec.autos rec.autos:0.9897889149665482 rec.motorcycles:0.008314842562128225 rec.sport.baseball:0.0015051055672923158 rec.sport.hockey:3.9113690403113174E-4 
../../20_newsgroups/rec.autos/103763 rec.autos rec.autos:0.9999999903963744 rec.motorcycles:9.57266195203094E-9 rec.sport.baseball:3.08565144376785E-11 rec.sport.hockey:1.0721633830076126E-13 
../../20_newsgroups/rec.autos/103764 rec.autos rec.autos:0.9992439274369596 rec.sport.baseball:7.111963705313658E-4 rec.motorcycles:4.3275601107700814E-5 rec.sport.hockey:1.600591401241042E-6 
../../20_newsgroups/rec.autos/103765 rec.autos rec.autos:0.919509232985643 rec.motorcycles:0.06660423805504341 rec.sport.hockey:0.008121159240284066 rec.sport.baseball:0.0057653697190294265 
../../20_newsgroups/rec.autos/103766 rec.autos rec.autos:0.9993178519824117 rec.motorcycles:3.436052329322428E-4 rec.sport.baseball:3.0634636300840316E-4 rec.sport.hockey:3.21964216475488E-5 
../../20_newsgroups/rec.autos/103767 rec.autos rec.autos:0.952411417652164 rec.motorcycles:0.03916177351721281 rec.sport.baseball:0.007170165560935407 rec.sport.hockey:0.0012566432696878983 
../../20_newsgroups/rec.autos/103768 rec.autos rec.autos:0.9999989962298262 rec.motorcycles:6.1062394234002E-7 rec.sport.hockey:3.6545318129084605E-7 rec.sport.baseball:2.7693050056903992E-8 
../../20_newsgroups/rec.autos/103769 rec.autos rec.autos:0.9999047923419243 rec.sport.baseball:4.79121634334586E-5 rec.motorcycles:4.0532289048131544E-5 rec.sport.hockey:6.763205593966037E-6 
../../20_newsgroups/rec.autos/103770 rec.autos rec.autos:0.9264704779358777 rec.motorcycles:0.06750681670605829 rec.sport.baseball:0.004478522717254811 rec.sport.hockey:0.001544182640809431 
../../20_newsgroups/rec.autos/103771 rec.autos rec.autos:0.9911039904065423 rec.sport.baseball:0.0040526729406991134 rec.motorcycles:0.002920966607923929 rec.sport.hockey:0.0019223700448343858 
../../20_newsgroups/rec.autos/103772 rec.autos rec.autos:0.9963263451068193 rec.motorcycles:0.0034871479721288 rec.sport.hockey:1.24872634830151E-4 rec.sport.baseball:6.163428622179271E-5 
../../20_newsgroups/rec.autos/103773 rec.autos rec.autos:0.9994827694520861 rec.motorcycles:5.135935805197227E-4 rec.sport.hockey:2.9053317706893283E-6 rec.sport.baseball:7.316356235607439E-7 
../../20_newsgroups/rec.autos/103774 rec.autos rec.autos:0.9931327385923258 rec.sport.hockey:0.0042549495646417 rec.sport.baseball:0.0016930694223368983 rec.motorcycles:9.192424206955965E-4 
../../20_newsgroups/rec.autos/103775 rec.autos rec.autos:0.9998217735840572 rec.motorcycles:1.6965744409660414E-4 rec.sport.baseball:6.1201246769116914E-6 rec.sport.hockey:2.4488471692113462E-6 
../../20_newsgroups/rec.autos/103776 rec.autos rec.autos:0.9889220657984297 rec.motorcycles:0.00955201900831722 rec.sport.baseball:0.0013325224056594572 rec.sport.hockey:1.933927875936548E-4 
../../20_newsgroups/rec.autos/103777 rec.autos rec.autos:0.9776907856140975 rec.motorcycles:0.022045662871241725 rec.sport.baseball:2.4690888280043014E-4 rec.sport.hockey:1.6642631860085864E-5 
../../20_newsgroups/rec.autos/103778 rec.autos rec.autos:0.9975647727573576 rec.motorcycles:0.0021510007204121077 rec.sport.hockey:2.8400380988955897E-4 rec.sport.baseball:2.2271234085516248E-7 
../../20_newsgroups/rec.autos/103779 rec.autos rec.autos:0.8147288047747405 rec.motorcycles:0.17768595549782673 rec.sport.hockey:0.006872298063746752 rec.sport.baseball:7.129416636861385E-4 
../../20_newsgroups/rec.autos/103780 rec.autos rec.autos:0.7812665348986623 rec.motorcycles:0.2183887339829979 rec.sport.hockey:1.955262392459342E-4 rec.sport.baseball:1.49204879093845E-4 
../../20_newsgroups/rec.autos/103781 rec.autos rec.autos:0.9020007251927291 rec.motorcycles:0.095737353322406 rec.sport.hockey:0.0017098809488755378 rec.sport.baseball:5.520405359892908E-4 
../../20_newsgroups/rec.autos/103801 rec.autos rec.autos:0.998920907452662 rec.motorcycles:7.907958081701976E-4 rec.sport.baseball:2.2740655159653953E-4 rec.sport.hockey:6.0890187571307975E-5 
../../20_newsgroups/rec.autos/103802 rec.autos rec.autos:0.8346241489943331 rec.sport.hockey:0.06427772055379806 rec.sport.baseball:0.05301014199942616 rec.motorcycles:0.048087988452442554 
../../20_newsgroups/rec.autos/103803 rec.autos rec.autos:0.9745389200569415 rec.motorcycles:0.016010058897149064 rec.sport.hockey:0.00854754354977916 rec.sport.baseball:9.034774961302523E-4 
../../20_newsgroups/rec.autos/103804 rec.autos rec.motorcycles:0.4162964014218938 rec.sport.baseball:0.3394584190395123 rec.autos:0.22923967064123937 rec.sport.hockey:0.015005508897354657 
../../20_newsgroups/rec.autos/103805 rec.autos rec.autos:0.720067920304552 rec.sport.baseball:0.2273965226774072 rec.motorcycles:0.03812279652662819 rec.sport.hockey:0.014412760491412442 
../../20_newsgroups/rec.autos/103806 rec.autos rec.autos:0.513054337319428 rec.motorcycles:0.4640816646373373 rec.sport.baseball:0.020926911842434188 rec.sport.hockey:0.001937086200800606 
../../20_newsgroups/rec.autos/103807 rec.autos rec.autos:0.9999999982095373 rec.motorcycles:1.097635172678566E-9 rec.sport.hockey:5.531663715883238E-10 rec.sport.baseball:1.3966106056115817E-10 
../../20_newsgroups/rec.autos/103808 rec.autos rec.autos:0.9986590785038235 rec.motorcycles:8.800407833403047E-4 rec.sport.baseball:3.446216790965431E-4 rec.sport.hockey:1.1625903373965925E-4 
../../20_newsgroups/rec.autos/103809 rec.autos rec.autos:0.9143532534032899 rec.motorcycles:0.08554350061114016 rec.sport.hockey:9.93074460724929E-5 rec.sport.baseball:3.938539497451627E-6 
../../20_newsgroups/rec.autos/103810 rec.autos rec.autos:0.9989827761444293 rec.sport.baseball:3.779922031558791E-4 rec.sport.hockey:3.4201216714198075E-4 rec.motorcycles:2.972194852728276E-4 
../../20_newsgroups/rec.autos/103811 rec.autos rec.autos:0.9666060870137241 rec.motorcycles:0.02657873600837202 rec.sport.hockey:0.005851435401941967 rec.sport.baseball:9.637415759618557E-4 
../../20_newsgroups/rec.autos/103812 rec.autos rec.autos:0.7395038128386725 rec.motorcycles:0.24103739245483974 rec.sport.baseball:0.01338261881596602 rec.sport.hockey:0.0060761758905218104 
../../20_newsgroups/rec.autos/103813 rec.autos rec.autos:0.9997089440845078 rec.motorcycles:2.2183391896089536E-4 rec.sport.baseball:3.9994311247206905E-5 rec.sport.hockey:2.922768528414113E-5 
../../20_newsgroups/rec.autos/103814 rec.autos rec.autos:0.9982322906196853 rec.sport.hockey:0.0014477995574067092 rec.motorcycles:3.091945330435841E-4 rec.sport.baseball:1.0715289864290614E-5 
../../20_newsgroups/rec.autos/103815 rec.autos rec.autos:0.9999421893305525 rec.motorcycles:5.757082448071888E-5 rec.sport.hockey:1.3452375319005002E-7 rec.sport.baseball:1.0532121362255606E-7 
../../20_newsgroups/rec.autos/103895 rec.autos rec.autos:0.9678782718310298 rec.motorcycles:0.021797553002836596 rec.sport.baseball:0.0070959897283691675 rec.sport.hockey:0.0032281854377641706 
../../20_newsgroups/rec.motorcycles/105137 rec.motorcycles rec.motorcycles:0.9999167122316763 rec.autos:8.129288667828888E-5 rec.sport.baseball:1.0568779023636633E-6 rec.sport.hockey:9.380037429715504E-7 
../../20_newsgroups/rec.motorcycles/105138 rec.motorcycles rec.motorcycles:0.8868765746896027 rec.autos:0.10485339298503622 rec.sport.hockey:0.005953544687294149 rec.sport.baseball:0.002316487638066828 
../../20_newsgroups/rec.motorcycles/105139 rec.motorcycles rec.motorcycles:0.999900233484052 rec.autos:9.975384931732723E-5 rec.sport.hockey:1.0154185411391307E-8 rec.sport.baseball:2.512445314710256E-9 
../../20_newsgroups/rec.motorcycles/105140 rec.motorcycles rec.motorcycles:0.9967292156640366 rec.autos:0.0031260465253112463 rec.sport.baseball:9.860288931756893E-5 rec.sport.hockey:4.613492133452537E-5 
../../20_newsgroups/rec.motorcycles/105141 rec.motorcycles rec.motorcycles:0.999999999983737 rec.autos:1.4680228417401858E-11 rec.sport.baseball:1.1675068512667057E-12 rec.sport.hockey:4.1514960933896724E-13 
../../20_newsgroups/rec.motorcycles/105142 rec.motorcycles rec.motorcycles:0.9402314524612553 rec.sport.hockey:0.03277663130528405 rec.autos:0.021344582690190742 rec.sport.baseball:0.005647333543269989 
../../20_newsgroups/rec.motorcycles/105143 rec.motorcycles rec.motorcycles:0.9988491066043117 rec.sport.hockey:9.102114183528922E-4 rec.sport.baseball:2.0365831068002837E-4 rec.autos:3.7023666655580716E-5 
../../20_newsgroups/rec.motorcycles/105144 rec.motorcycles rec.motorcycles:0.9999718963760459 rec.autos:2.6922384755829154E-5 rec.sport.hockey:9.729263543697933E-7 rec.sport.baseball:2.083128440215564E-7 
../../20_newsgroups/rec.motorcycles/105145 rec.motorcycles rec.motorcycles:0.9973207502748157 rec.sport.baseball:0.0013278126357300396 rec.sport.hockey:8.543764223630569E-4 rec.autos:4.970606670910646E-4 
../../20_newsgroups/rec.motorcycles/105146 rec.motorcycles rec.motorcycles:0.9999979210085107 rec.autos:1.665210098860213E-6 rec.sport.baseball:3.938506857501354E-7 rec.sport.hockey:1.9930704767034606E-8 
../../20_newsgroups/rec.motorcycles/105147 rec.motorcycles rec.motorcycles:0.9991621169315228 rec.autos:8.08740416364604E-4 rec.sport.hockey:2.640551814826974E-5 rec.sport.baseball:2.7371339642395976E-6 
../../20_newsgroups/rec.motorcycles/105148 rec.motorcycles rec.autos:0.9844814854979531 rec.motorcycles:0.015154792275744558 rec.sport.baseball:2.7788869924388063E-4 rec.sport.hockey:8.583352705842169E-5 
../../20_newsgroups/rec.motorcycles/105149 rec.motorcycles rec.motorcycles:0.999999998179087 rec.autos:1.0531555466782219E-9 rec.sport.baseball:7.456360497572447E-10 rec.sport.hockey:2.2121362784093102E-11 
../../20_newsgroups/rec.motorcycles/105150 rec.motorcycles rec.motorcycles:0.9917949397767919 rec.autos:0.008196179320479776 rec.sport.hockey:8.378880850658212E-6 rec.sport.baseball:5.020218775420058E-7 
../../20_newsgroups/rec.motorcycles/105151 rec.motorcycles rec.motorcycles:0.9999992742940735 rec.autos:7.256490637619251E-7 rec.sport.hockey:5.287757571707973E-11 rec.sport.baseball:3.984964790822995E-12 
../../20_newsgroups/rec.motorcycles/105152 rec.motorcycles rec.motorcycles:0.9990296433314964 rec.autos:8.938580591415864E-4 rec.sport.baseball:6.835492134321407E-5 rec.sport.hockey:8.143688018922115E-6 
../../20_newsgroups/rec.motorcycles/105153 rec.motorcycles rec.motorcycles:0.9876746020892516 rec.autos:0.007197976463362412 rec.sport.baseball:0.0026556068198487796 rec.sport.hockey:0.002471814627537196 
../../20_newsgroups/rec.motorcycles/105154 rec.motorcycles rec.sport.baseball:0.333559168210459 rec.sport.hockey:0.31876498173297624 rec.motorcycles:0.24219611106180405 rec.autos:0.10547973899476074 
../../20_newsgroups/rec.motorcycles/105155 rec.motorcycles rec.motorcycles:0.9720469246026541 rec.autos:0.024977579442361442 rec.sport.baseball:0.0028932401349865905 rec.sport.hockey:8.225581999798252E-5 
../../20_newsgroups/rec.motorcycles/105156 rec.motorcycles rec.motorcycles:0.9884862498068299 rec.sport.baseball:0.005391720063931035 rec.autos:0.0033788202662711764 rec.sport.hockey:0.002743209862967939 
../../20_newsgroups/rec.motorcycles/105157 rec.motorcycles rec.motorcycles:0.9780558862951705 rec.sport.baseball:0.021296603627931756 rec.sport.hockey:4.040249983518096E-4 rec.autos:2.4348507854596353E-4 
../../20_newsgroups/rec.motorcycles/105158 rec.motorcycles rec.motorcycles:0.9505665102195895 rec.sport.baseball:0.04570736329868 rec.autos:0.003137773873102243 rec.sport.hockey:5.883526086281458E-4 
../../20_newsgroups/rec.motorcycles/105159 rec.motorcycles rec.motorcycles:0.9985036986150191 rec.autos:9.113343141456599E-4 rec.sport.baseball:5.755617774419626E-4 rec.sport.hockey:9.40529339332687E-6 
../../20_newsgroups/rec.motorcycles/105160 rec.motorcycles rec.motorcycles:0.9999935225338322 rec.sport.baseball:5.0848575028514405E-6 rec.sport.hockey:7.164775906493616E-7 rec.autos:6.761310744869869E-7 
../../20_newsgroups/rec.motorcycles/105161 rec.motorcycles rec.motorcycles:0.4822148848948127 rec.sport.baseball:0.34528344232542735 rec.autos:0.13762998225245768 rec.sport.hockey:0.034871690527302476 
../../20_newsgroups/rec.motorcycles/105162 rec.motorcycles rec.motorcycles:0.9999981060175727 rec.autos:1.7611728157488704E-6 rec.sport.hockey:1.305541065464199E-7 rec.sport.baseball:2.2555049807429477E-9 
../../20_newsgroups/rec.motorcycles/105202 rec.motorcycles rec.motorcycles:0.9650268905683451 rec.sport.baseball:0.022081468095651438 rec.autos:0.007193625154559601 rec.sport.hockey:0.005698016181443661 
../../20_newsgroups/rec.motorcycles/105203 rec.motorcycles rec.motorcycles:0.9989275312995887 rec.autos:8.010013379102244E-4 rec.sport.hockey:2.4187033747633983E-4 rec.sport.baseball:2.9597025024857035E-5 
../../20_newsgroups/rec.motorcycles/105204 rec.motorcycles rec.motorcycles:0.9998778538065254 rec.autos:1.0363092785444393E-4 rec.sport.hockey:9.470710424377911E-6 rec.sport.baseball:9.044555195886962E-6 
../../20_newsgroups/rec.motorcycles/105205 rec.motorcycles rec.motorcycles:0.9816711378972491 rec.autos:0.01466293387581975 rec.sport.hockey:0.002610845143860263 rec.sport.baseball:0.0010550830830706437 
../../20_newsgroups/rec.motorcycles/105206 rec.motorcycles rec.motorcycles:0.9850501347995898 rec.autos:0.013899631854961366 rec.sport.hockey:0.0010285328260990897 rec.sport.baseball:2.1700519349733977E-5 
../../20_newsgroups/rec.motorcycles/105207 rec.motorcycles rec.motorcycles:0.9932338715748301 rec.sport.baseball:0.006131511245148691 rec.sport.hockey:5.144436774764618E-4 rec.autos:1.2017350254465029E-4 
../../20_newsgroups/rec.motorcycles/105208 rec.motorcycles rec.motorcycles:0.9995636708469892 rec.autos:4.334409189405718E-4 rec.sport.hockey:2.209389759584299E-6 rec.sport.baseball:6.78844310735869E-7 
../../20_newsgroups/rec.motorcycles/105209 rec.motorcycles rec.motorcycles:0.9743886349978546 rec.autos:0.013369203844483936 rec.sport.hockey:0.0070956561571705575 rec.sport.baseball:0.005146505000490943 
../../20_newsgroups/rec.motorcycles/105210 rec.motorcycles rec.motorcycles:0.9994158437690877 rec.autos:4.656665120231458E-4 rec.sport.hockey:7.800539225486591E-5 rec.sport.baseball:4.048432663427587E-5 
../../20_newsgroups/rec.motorcycles/105211 rec.motorcycles rec.motorcycles:0.872813823826774 rec.autos:0.12694142116459606 rec.sport.baseball:2.0261305143716668E-4 rec.sport.hockey:4.2141957192928335E-5 
../../20_newsgroups/rec.motorcycles/105212 rec.motorcycles rec.motorcycles:0.9919518651399722 rec.sport.baseball:0.004619765249488352 rec.sport.hockey:0.002810016548060149 rec.autos:6.18353062479075E-4 
../../20_newsgroups/rec.motorcycles/105213 rec.motorcycles rec.motorcycles:0.9880054319774866 rec.autos:0.011727330176498501 rec.sport.hockey:2.2144761234438277E-4 rec.sport.baseball:4.5790233670314516E-5 
../../20_newsgroups/rec.motorcycles/105214 rec.motorcycles rec.motorcycles:0.9998529770599802 rec.autos:1.3269278034230272E-4 rec.sport.hockey:1.1173675970309344E-5 rec.sport.baseball:3.156483706836181E-6 
../../20_newsgroups/rec.motorcycles/105215 rec.motorcycles rec.motorcycles:0.9999705491490907 rec.autos:1.6635583541370457E-5 rec.sport.baseball:1.1843911349829122E-5 rec.sport.hockey:9.713560181601193E-7 
../../20_newsgroups/rec.motorcycles/105216 rec.motorcycles rec.motorcycles:0.9820270854380989 rec.autos:0.016610515304159676 rec.sport.baseball:7.460799439020629E-4 rec.sport.hockey:6.163193138393657E-4 
../../20_newsgroups/rec.motorcycles/105217 rec.motorcycles rec.motorcycles:0.9999777946642986 rec.autos:2.1776989783091374E-5 rec.sport.baseball:2.9753409039871477E-7 rec.sport.hockey:1.308118278956454E-7 
../../20_newsgroups/rec.motorcycles/105218 rec.motorcycles rec.motorcycles:0.9852811947593798 rec.autos:0.012753839426596037 rec.sport.baseball:0.0011848385384638006 rec.sport.hockey:7.801272755604345E-4 
../../20_newsgroups/rec.motorcycles/105219 rec.motorcycles rec.motorcycles:0.9387524676672782 rec.autos:0.06111002598049599 rec.sport.baseball:9.481667825994045E-5 rec.sport.hockey:4.2689673965837184E-5 
../../20_newsgroups/rec.motorcycles/105220 rec.motorcycles rec.motorcycles:0.8732662664240989 rec.autos:0.1196014226184958 rec.sport.baseball:0.005493291193965738 rec.sport.hockey:0.0016390197634396021 
../../20_newsgroups/rec.motorcycles/105221 rec.motorcycles rec.autos:0.6226927517938443 rec.motorcycles:0.3772571323776702 rec.sport.baseball:4.6227173391462785E-5 rec.sport.hockey:3.8886550939382255E-6 
../../20_newsgroups/rec.motorcycles/105222 rec.motorcycles rec.motorcycles:0.9979728534802582 rec.autos:0.001988080293811266 rec.sport.hockey:3.0861326858084416E-5 rec.sport.baseball:8.20489907260073E-6 
../../20_newsgroups/rec.motorcycles/105223 rec.motorcycles rec.motorcycles:0.9938661156197357 rec.autos:0.0032790547668449014 rec.sport.baseball:0.0026367383887366063 rec.sport.hockey:2.1809122468299103E-4 
../../20_newsgroups/rec.motorcycles/105224 rec.motorcycles rec.motorcycles:0.9340670264532931 rec.sport.baseball:0.027080983229271594 rec.sport.hockey:0.026623187067923697 rec.autos:0.012228803249511803 
../../20_newsgroups/rec.motorcycles/105225 rec.motorcycles rec.autos:0.6199481964215644 rec.motorcycles:0.3737526146384143 rec.sport.hockey:0.004488367957581568 rec.sport.baseball:0.0018108209824398566 
../../20_newsgroups/rec.motorcycles/105226 rec.motorcycles rec.motorcycles:0.9927455257031886 rec.autos:0.007166565599541613 rec.sport.baseball:5.9191903808719045E-5 rec.sport.hockey:2.8716793461097127E-5 
../../20_newsgroups/rec.motorcycles/105227 rec.motorcycles rec.motorcycles:0.9957153174799002 rec.autos:0.00369772785284468 rec.sport.baseball:3.267053848857317E-4 rec.sport.hockey:2.602492823693808E-4 
../../20_newsgroups/rec.motorcycles/105228 rec.motorcycles rec.motorcycles:0.9987161075285304 rec.autos:8.964975263694026E-4 rec.sport.hockey:3.099647643961255E-4 rec.sport.baseball:7.743018070391304E-5 
../../20_newsgroups/rec.motorcycles/105229 rec.motorcycles rec.motorcycles:0.773303392180686 rec.autos:0.18628532704655681 rec.sport.hockey:0.03427341508476774 rec.sport.baseball:0.006137865687989561 
../../20_newsgroups/rec.motorcycles/105230 rec.motorcycles rec.motorcycles:0.9995068854222245 rec.sport.hockey:2.7783016784807275E-4 rec.autos:1.6062220343666798E-4 rec.sport.baseball:5.466220649068539E-5 
../../20_newsgroups/rec.motorcycles/105231 rec.motorcycles rec.motorcycles:0.9993725538794757 rec.autos:6.026370995936392E-4 rec.sport.hockey:1.7332083277000604E-5 rec.sport.baseball:7.476937653675725E-6 
../../20_newsgroups/rec.motorcycles/105232 rec.motorcycles rec.motorcycles:0.9955231472079236 rec.autos:0.0036758413450263395 rec.sport.baseball:4.10152340807666E-4 rec.sport.hockey:3.9085910624244693E-4 
../../20_newsgroups/rec.motorcycles/105233 rec.motorcycles rec.motorcycles:0.5749007390247761 rec.autos:0.35223064451932096 rec.sport.baseball:0.03705009873110156 rec.sport.hockey:0.035818517724801394 
../../20_newsgroups/rec.motorcycles/105234 rec.motorcycles rec.motorcycles:0.9999976660467166 rec.sport.hockey:1.9346727086699188E-6 rec.autos:3.042477117825073E-7 rec.sport.baseball:9.503286295100262E-8 
../../20_newsgroups/rec.motorcycles/105235 rec.motorcycles rec.motorcycles:0.9766293958263701 rec.autos:0.02328626569655497 rec.sport.baseball:8.161711819194657E-5 rec.sport.hockey:2.7213588828895235E-6 
../../20_newsgroups/rec.motorcycles/105236 rec.motorcycles rec.motorcycles:0.9999953647358665 rec.sport.hockey:3.333716247176105E-6 rec.sport.baseball:1.2468758896583646E-6 rec.autos:5.467199691174229E-8 
../../20_newsgroups/rec.motorcycles/105237 rec.motorcycles rec.motorcycles:0.9980357592753695 rec.autos:0.0016864840848399754 rec.sport.hockey:2.135698377150019E-4 rec.sport.baseball:6.418680207570754E-5 
../../20_newsgroups/rec.motorcycles/105238 rec.motorcycles rec.autos:0.5063183461119433 rec.motorcycles:0.40696048207166113 rec.sport.baseball:0.05744536184089698 rec.sport.hockey:0.029275809975498644 
../../20_newsgroups/rec.motorcycles/105239 rec.motorcycles rec.motorcycles:0.9999999999792568 rec.autos:2.074316783569728E-11 rec.sport.baseball:1.2926590491345494E-23 rec.sport.hockey:2.317067015354638E-25 
../../20_newsgroups/rec.motorcycles/105240 rec.motorcycles rec.motorcycles:0.9999427490987665 rec.sport.hockey:4.982613990740229E-5 rec.sport.baseball:7.378928664384692E-6 rec.autos:4.5832662003157165E-8 
../../20_newsgroups/rec.motorcycles/105241 rec.motorcycles rec.motorcycles:0.9999897051247558 rec.sport.baseball:5.1744952580124596E-6 rec.sport.hockey:3.2001948761467933E-6 rec.autos:1.920185109968343E-6 
../../20_newsgroups/rec.motorcycles/105242 rec.motorcycles rec.motorcycles:0.999596519479368 rec.sport.hockey:2.8581456009692333E-4 rec.autos:8.925333031150423E-5 rec.sport.baseball:2.841263022357255E-5 
../../20_newsgroups/rec.motorcycles/105243 rec.motorcycles rec.motorcycles:0.9960253388138695 rec.sport.baseball:0.0030606800206373595 rec.sport.hockey:6.982965761993148E-4 rec.autos:2.1568458929380554E-4 
../../20_newsgroups/rec.motorcycles/105244 rec.motorcycles rec.motorcycles:0.9990468644023273 rec.autos:4.5209986594285754E-4 rec.sport.hockey:4.2694337325811343E-4 rec.sport.baseball:7.409235847169442E-5 
../../20_newsgroups/rec.motorcycles/105245 rec.motorcycles rec.motorcycles:0.9974910444848719 rec.autos:0.0016475203875105451 rec.sport.baseball:8.601990720852861E-4 rec.sport.hockey:1.236055532285497E-6 
../../20_newsgroups/rec.motorcycles/105246 rec.motorcycles rec.motorcycles:0.9533676558360911 rec.autos:0.04662252555551506 rec.sport.baseball:9.672067380033453E-6 rec.sport.hockey:1.4654101387877747E-7 
../../20_newsgroups/rec.motorcycles/105247 rec.motorcycles rec.autos:0.49038643482023214 rec.motorcycles:0.485475540338788 rec.sport.baseball:0.023627033255768454 rec.sport.hockey:5.109915852113539E-4 
../../20_newsgroups/rec.motorcycles/105248 rec.motorcycles rec.motorcycles:0.45773459282525 rec.autos:0.44025354817243856 rec.sport.baseball:0.05258540966015047 rec.sport.hockey:0.049426449342160915 
../../20_newsgroups/rec.motorcycles/105249 rec.motorcycles rec.motorcycles:0.9995644849883738 rec.sport.baseball:2.1375570447744642E-4 rec.sport.hockey:1.3838975837342032E-4 rec.autos:8.336954877528962E-5 
../../20_newsgroups/rec.motorcycles/105250 rec.motorcycles rec.motorcycles:0.999999677114268 rec.autos:3.215975074172387E-7 rec.sport.baseball:9.024930933344727E-10 rec.sport.hockey:3.857314688229599E-10 
../../20_newsgroups/rec.motorcycles/105251 rec.motorcycles rec.motorcycles:0.9999999982474328 rec.autos:1.7518195868108799E-9 rec.sport.hockey:4.552290860362456E-13 rec.sport.baseball:2.923833765173015E-13 
../../20_newsgroups/rec.motorcycles/105252 rec.motorcycles rec.motorcycles:0.9998568021033081 rec.sport.hockey:1.1454192210042867E-4 rec.autos:2.0326874742448606E-5 rec.sport.baseball:8.329099849029308E-6 
../../20_newsgroups/rec.motorcycles/105253 rec.motorcycles rec.motorcycles:0.9999999821648461 rec.autos:1.75223503862753E-8 rec.sport.baseball:1.7535900184400065E-10 rec.sport.hockey:1.3744438898519405E-10 
../../20_newsgroups/rec.motorcycles/105254 rec.motorcycles rec.motorcycles:0.9636404316098676 rec.autos:0.01648138948438127 rec.sport.baseball:0.011872851562191774 rec.sport.hockey:0.00800532734355952 
../../20_newsgroups/rec.motorcycles/105255 rec.motorcycles rec.motorcycles:0.9999242752605951 rec.autos:4.068586240739335E-5 rec.sport.hockey:2.31147379497559E-5 rec.sport.baseball:1.1924139047658919E-5 
../../20_newsgroups/rec.motorcycles/105256 rec.motorcycles rec.motorcycles:0.993164044538713 rec.autos:0.004167093714726761 rec.sport.baseball:0.001587726655010909 rec.sport.hockey:0.0010811350915493336 
../../20_newsgroups/rec.motorcycles/105257 rec.motorcycles rec.motorcycles:0.6622057877060463 rec.autos:0.3135373814429147 rec.sport.hockey:0.01847446643123619 rec.sport.baseball:0.005782364419802912 
../../20_newsgroups/rec.motorcycles/105258 rec.motorcycles rec.motorcycles:0.9995818930560755 rec.sport.baseball:2.39940226375027E-4 rec.sport.hockey:9.942349244215618E-5 rec.autos:7.874322510733006E-5 
../../20_newsgroups/rec.motorcycles/105259 rec.motorcycles rec.motorcycles:0.9991659995502244 rec.sport.hockey:3.7717379727454897E-4 rec.autos:2.727259299420334E-4 rec.sport.baseball:1.841007225588337E-4 
../../20_newsgroups/rec.motorcycles/105260 rec.motorcycles rec.motorcycles:0.999971834691592 rec.autos:2.722632637724095E-5 rec.sport.hockey:6.746055593635263E-7 rec.sport.baseball:2.643764714801596E-7 
../../20_newsgroups/rec.motorcycles/105261 rec.motorcycles rec.motorcycles:0.968724559947489 rec.autos:0.028508492443652615 rec.sport.hockey:0.002672653763910632 rec.sport.baseball:9.429384494767669E-5 
../../20_newsgroups/rec.motorcycles/105262 rec.motorcycles rec.motorcycles:0.9978144172406862 rec.autos:0.001179979759402499 rec.sport.baseball:9.457256985495677E-4 rec.sport.hockey:5.987730136164924E-5 
../../20_newsgroups/rec.motorcycles/105263 rec.motorcycles rec.motorcycles:0.9998553512057682 rec.autos:6.82162381643654E-5 rec.sport.hockey:4.8249297907721276E-5 rec.sport.baseball:2.818325815997273E-5 
../../20_newsgroups/rec.motorcycles/105380 rec.motorcycles rec.motorcycles:0.7647238836449125 rec.autos:0.22732991201327996 rec.sport.hockey:0.005449396551423431 rec.sport.baseball:0.002496807790384119 
../../20_newsgroups/rec.motorcycles/105381 rec.motorcycles rec.motorcycles:0.9174018725050587 rec.autos:0.041907532643548205 rec.sport.baseball:0.027414976882875742 rec.sport.hockey:0.013275617968517107 
../../20_newsgroups/rec.motorcycles/105517 rec.motorcycles rec.autos:0.46346405289400544 rec.sport.baseball:0.2704356124024082 rec.motorcycles:0.23962815270857335 rec.sport.hockey:0.026472181995012854 
../../20_newsgroups/rec.motorcycles/105558 rec.motorcycles rec.motorcycles:0.9981942491834724 rec.autos:0.00180374395897947 rec.sport.baseball:1.9558412659714427E-6 rec.sport.hockey:5.1016282074895397E-8 
../../20_newsgroups/rec.motorcycles/105559 rec.motorcycles rec.motorcycles:0.6421994350761946 rec.sport.baseball:0.21683461618487912 rec.autos:0.13450201965941602 rec.sport.hockey:0.006463929079510404 
../../20_newsgroups/rec.motorcycles/105560 rec.motorcycles rec.motorcycles:0.9999211718504821 rec.sport.baseball:3.873445033966698E-5 rec.autos:3.66782625788272E-5 rec.sport.hockey:3.4154365992737465E-6 
../../20_newsgroups/rec.motorcycles/105561 rec.motorcycles rec.motorcycles:0.6149670205073943 rec.autos:0.2995418092827036 rec.sport.hockey:0.05291039175784319 rec.sport.baseball:0.03258077845205895 
../../20_newsgroups/rec.motorcycles/105563 rec.motorcycles rec.motorcycles:0.7216591589196992 rec.autos:0.16341877395781673 rec.sport.baseball:0.11451868112757049 rec.sport.hockey:4.033859949136548E-4 
../../20_newsgroups/rec.motorcycles/105564 rec.motorcycles rec.motorcycles:0.9999177217502317 rec.autos:7.992262128535087E-5 rec.sport.hockey:2.0484042821714088E-6 rec.sport.baseball:3.0722420069033154E-7 
../../20_newsgroups/rec.motorcycles/105661 rec.motorcycles rec.motorcycles:0.999981320118783 rec.autos:1.863863146893818E-5 rec.sport.hockey:2.5008842298573673E-8 rec.sport.baseball:1.6240905683960258E-8 
../../20_newsgroups/rec.motorcycles/105662 rec.motorcycles rec.motorcycles:0.9986111436559673 rec.autos:0.0013251275919368745 rec.sport.baseball:6.205579236421923E-5 rec.sport.hockey:1.6729597318472342E-6 
../../20_newsgroups/rec.motorcycles/72052 rec.motorcycles rec.motorcycles:0.5844245286441951 rec.autos:0.3547148950078048 rec.sport.baseball:0.048866812745470084 rec.sport.hockey:0.01199376360253006 
../../20_newsgroups/rec.sport.baseball/105058 rec.sport.baseball rec.sport.baseball:0.9834993209326484 rec.autos:0.009595186300648503 rec.motorcycles:0.006038537076010575 rec.sport.hockey:8.669556906924756E-4 
../../20_newsgroups/rec.sport.baseball/105059 rec.sport.baseball rec.sport.baseball:0.38337591501653734 rec.autos:0.26407895711548957 rec.motorcycles:0.17974424543229717 rec.sport.hockey:0.1728008824356761 
../../20_newsgroups/rec.sport.baseball/105060 rec.sport.baseball rec.sport.baseball:0.9980286405842855 rec.sport.hockey:0.001148695273847619 rec.autos:5.945083292614661E-4 rec.motorcycles:2.2815581260528567E-4 
../../20_newsgroups/rec.sport.baseball/105061 rec.sport.baseball rec.sport.baseball:0.9916284417898338 rec.motorcycles:0.007717678242137266 rec.autos:5.113912192716871E-4 rec.sport.hockey:1.424887487571986E-4 
../../20_newsgroups/rec.sport.baseball/105062 rec.sport.baseball rec.sport.baseball:0.999999370042961 rec.sport.hockey:6.047496765682267E-7 rec.motorcycles:2.17196797991066E-8 rec.autos:3.4876825645130212E-9 
../../20_newsgroups/rec.sport.baseball/105063 rec.sport.baseball rec.sport.baseball:0.9674595466399883 rec.sport.hockey:0.0306357452390536 rec.autos:0.001202581115633862 rec.motorcycles:7.021270053239787E-4 
../../20_newsgroups/rec.sport.baseball/105064 rec.sport.baseball rec.sport.baseball:0.9999986819910637 rec.sport.hockey:1.2937941907944276E-6 rec.autos:1.4825429062989183E-8 rec.motorcycles:9.389316590985854E-9 
../../20_newsgroups/rec.sport.baseball/105065 rec.sport.baseball rec.sport.baseball:0.9992545123584755 rec.autos:4.836258660653855E-4 rec.sport.hockey:2.1782188568461068E-4 rec.motorcycles:4.4039889774577344E-5 
../../20_newsgroups/rec.sport.baseball/105066 rec.sport.baseball rec.sport.baseball:0.9998312534436209 rec.autos:1.5809763979639075E-4 rec.motorcycles:8.80215459768386E-6 rec.sport.hockey:1.8467619848102846E-6 
../../20_newsgroups/rec.sport.baseball/105067 rec.sport.baseball rec.sport.baseball:0.9967810836741721 rec.autos:0.0014656710630130709 rec.sport.hockey:0.001412556176607291 rec.motorcycles:3.4068908620744773E-4 
../../20_newsgroups/rec.sport.baseball/105068 rec.sport.baseball rec.sport.baseball:0.999999998976443 rec.sport.hockey:9.166068106302231E-10 rec.motorcycles:1.0383279359802108E-10 rec.autos:3.1174827430682387E-12 
../../20_newsgroups/rec.sport.baseball/105069 rec.sport.baseball rec.sport.baseball:0.9993201266110974 rec.sport.hockey:6.752126191912014E-4 rec.motorcycles:4.3337792435142135E-6 rec.autos:3.2699046794961593E-7 
../../20_newsgroups/rec.sport.baseball/105070 rec.sport.baseball rec.sport.baseball:0.9649124307632683 rec.sport.hockey:0.032881635270922006 rec.autos:0.0011539248293841687 rec.motorcycles:0.001052009136425549 
../../20_newsgroups/rec.sport.baseball/105071 rec.sport.baseball rec.sport.baseball:0.9932166485550717 rec.motorcycles:0.0037365818974248286 rec.autos:0.0025463240954465443 rec.sport.hockey:5.004454520570132E-4 
../../20_newsgroups/rec.sport.baseball/105072 rec.sport.baseball rec.sport.baseball:0.9054615120538256 rec.autos:0.0628768926795766 rec.motorcycles:0.017661638630642313 rec.sport.hockey:0.013999956635955425 
../../20_newsgroups/rec.sport.baseball/105073 rec.sport.baseball rec.sport.baseball:0.9999999997557858 rec.motorcycles:1.893347924470743E-10 rec.sport.hockey:5.404127759834499E-11 rec.autos:8.382716957886103E-13 
../../20_newsgroups/rec.sport.baseball/105074 rec.sport.baseball rec.sport.baseball:0.9999999166825156 rec.sport.hockey:8.256178796517773E-8 rec.motorcycles:6.687603728060883E-10 rec.autos:8.693622803752446E-11 
../../20_newsgroups/rec.sport.baseball/105075 rec.sport.baseball rec.sport.baseball:0.5367381210113358 rec.sport.hockey:0.2743285705810851 rec.autos:0.1520215064855786 rec.motorcycles:0.03691180192200055 
../../20_newsgroups/rec.sport.baseball/105076 rec.sport.baseball rec.sport.baseball:0.9991453884809768 rec.sport.hockey:6.630635102430147E-4 rec.motorcycles:1.4319101508017266E-4 rec.autos:4.835699369994607E-5 
../../20_newsgroups/rec.sport.baseball/105077 rec.sport.baseball rec.sport.baseball:0.9999999999976141 rec.sport.hockey:2.3859389010818973E-12 rec.motorcycles:7.975917300158533E-17 rec.autos:8.557037420809951E-22 
../../20_newsgroups/rec.sport.baseball/105078 rec.sport.baseball rec.sport.baseball:0.9999949077695837 rec.autos:3.6434423321893046E-6 rec.sport.hockey:1.3392845238821663E-6 rec.motorcycles:1.0950356022260672E-7 
../../20_newsgroups/rec.sport.baseball/105079 rec.sport.baseball rec.sport.baseball:0.9999999999974287 rec.autos:2.5712403872286703E-12 rec.sport.hockey:8.405406612031431E-17 rec.motorcycles:6.791285745049824E-19 
../../20_newsgroups/rec.sport.baseball/105080 rec.sport.baseball rec.sport.baseball:0.9996957952856198 rec.autos:2.2687939025766433E-4 rec.sport.hockey:3.916339168298976E-5 rec.motorcycles:3.816193243942121E-5 
../../20_newsgroups/rec.sport.baseball/105081 rec.sport.baseball rec.sport.baseball:0.9999882010685297 rec.sport.hockey:1.1703206105141198E-5 rec.motorcycles:9.562191098710287E-8 rec.autos:1.0345394582677657E-10 
../../20_newsgroups/rec.sport.baseball/105082 rec.sport.baseball rec.sport.baseball:0.9999937012611627 rec.motorcycles:3.913733025241394E-6 rec.sport.hockey:2.1390645265164574E-6 rec.autos:2.459412854717514E-7 
../../20_newsgroups/rec.sport.baseball/105083 rec.sport.baseball rec.sport.baseball:0.999978157419221 rec.motorcycles:1.3342261895454264E-5 rec.sport.hockey:7.910795837133748E-6 rec.autos:5.895230465072854E-7 
../../20_newsgroups/rec.sport.baseball/105084 rec.sport.baseball rec.sport.baseball:0.9997710917032517 rec.sport.hockey:2.2766036791572805E-4 rec.motorcycles:1.014624484697352E-6 rec.autos:2.3330434780896816E-7 
../../20_newsgroups/rec.sport.baseball/105085 rec.sport.baseball rec.sport.baseball:0.9999252206377607 rec.motorcycles:7.118356567148417E-5 rec.sport.hockey:3.2865905714693945E-6 rec.autos:3.092059963226021E-7 
../../20_newsgroups/rec.sport.baseball/105086 rec.sport.baseball rec.sport.baseball:0.993560876792976 rec.autos:0.005768047758746683 rec.motorcycles:6.676422250527826E-4 rec.sport.hockey:3.4332232245810777E-6 
../../20_newsgroups/rec.sport.baseball/105087 rec.sport.baseball rec.sport.baseball:0.9995488438776349 rec.motorcycles:3.4078303433478837E-4 rec.autos:9.587924661117034E-5 rec.sport.hockey:1.4493841419057059E-5 
../../20_newsgroups/rec.sport.baseball/105088 rec.sport.baseball rec.sport.baseball:0.9890260251546404 rec.sport.hockey:0.007189040558861917 rec.autos:0.0030193194368256116 rec.motorcycles:7.656148496718976E-4 
../../20_newsgroups/rec.sport.baseball/105089 rec.sport.baseball rec.sport.baseball:0.9299913946921793 rec.motorcycles:0.028704313233166426 rec.sport.hockey:0.02109527490448291 rec.autos:0.020209017170171477 
../../20_newsgroups/rec.sport.baseball/105090 rec.sport.baseball rec.sport.baseball:0.9615714981084212 rec.sport.hockey:0.02012375902763165 rec.autos:0.013827246966581667 rec.motorcycles:0.004477495897365481 
../../20_newsgroups/rec.sport.baseball/105091 rec.sport.baseball rec.sport.baseball:0.9974293054678541 rec.sport.hockey:0.002300897616071027 rec.motorcycles:2.69447002726216E-4 rec.autos:3.499133486005104E-7 
../../20_newsgroups/rec.sport.baseball/105092 rec.sport.baseball rec.sport.baseball:0.9999999990411617 rec.sport.hockey:9.587708530772701E-10 rec.motorcycles:6.738422691971857E-14 rec.autos:2.84195858887226E-17 
../../20_newsgroups/rec.sport.baseball/105093 rec.sport.baseball rec.sport.baseball:0.9999999980051995 rec.motorcycles:1.850416754749047E-9 rec.sport.hockey:1.248067304938591E-10 rec.autos:1.9576934309177914E-11 
../../20_newsgroups/rec.sport.baseball/105094 rec.sport.baseball rec.sport.baseball:0.4926096366544194 rec.motorcycles:0.18081731764281125 rec.autos:0.16979356546577662 rec.sport.hockey:0.15677948023699279 
../../20_newsgroups/rec.sport.baseball/105095 rec.sport.baseball rec.sport.baseball:0.48647435189417954 rec.autos:0.407555672950562 rec.motorcycles:0.05714162781191551 rec.sport.hockey:0.04882834734334298 
../../20_newsgroups/rec.sport.baseball/105096 rec.sport.baseball rec.sport.baseball:0.9999999938373032 rec.sport.hockey:5.868005663081911E-9 rec.motorcycles:2.8389230202309213E-10 rec.autos:1.0798825496232956E-11 
../../20_newsgroups/rec.sport.baseball/105097 rec.sport.baseball rec.sport.baseball:0.9999691321975994 rec.sport.hockey:2.9951673049658126E-5 rec.motorcycles:9.051750499016417E-7 rec.autos:1.0954301061699673E-8 
../../20_newsgroups/rec.sport.baseball/105098 rec.sport.baseball rec.sport.baseball:0.9998471219236041 rec.sport.hockey:9.555408636326584E-5 rec.autos:4.9337136127375674E-5 rec.motorcycles:7.98685390520931E-6 
../../20_newsgroups/rec.sport.baseball/105099 rec.sport.baseball rec.sport.baseball:0.9992217907031982 rec.motorcycles:6.890539869066008E-4 rec.sport.hockey:8.794705353141391E-5 rec.autos:1.2082563637692445E-6 
../../20_newsgroups/rec.sport.baseball/105100 rec.sport.baseball rec.sport.baseball:0.9912601797721281 rec.motorcycles:0.006536864186151017 rec.sport.hockey:0.002104061422819678 rec.autos:9.889461890134739E-5 
../../20_newsgroups/rec.sport.baseball/105101 rec.sport.baseball rec.sport.baseball:0.9998524809518629 rec.motorcycles:1.2208181779138665E-4 rec.autos:1.3711521838616004E-5 rec.sport.hockey:1.172570850701748E-5 
../../20_newsgroups/rec.sport.baseball/105102 rec.sport.baseball rec.sport.baseball:0.506391763522781 rec.sport.hockey:0.3215387290494331 rec.motorcycles:0.1469450351844745 rec.autos:0.025124472243311404 
../../20_newsgroups/rec.sport.baseball/105103 rec.sport.baseball rec.motorcycles:0.6601954223194691 rec.autos:0.2043122889319408 rec.sport.baseball:0.10314681015091508 rec.sport.hockey:0.03234547859767515 
../../20_newsgroups/rec.sport.baseball/105104 rec.sport.baseball rec.sport.baseball:0.9954008142049915 rec.sport.hockey:0.0024791380271608618 rec.motorcycles:0.0013585942204236098 rec.autos:7.614535474239854E-4 
../../20_newsgroups/rec.sport.baseball/105105 rec.sport.baseball rec.sport.baseball:0.9924490526011498 rec.motorcycles:0.006246169809719177 rec.autos:0.0010040558066868864 rec.sport.hockey:3.0072178244399235E-4 
../../20_newsgroups/rec.sport.baseball/105106 rec.sport.baseball rec.sport.baseball:0.5049041941300559 rec.autos:0.27578763819756186 rec.motorcycles:0.15539370286780965 rec.sport.hockey:0.06391446480457261 
../../20_newsgroups/rec.sport.baseball/105107 rec.sport.baseball rec.sport.baseball:0.4983646452111365 rec.sport.hockey:0.2558906787541046 rec.motorcycles:0.12310005132973224 rec.autos:0.12264462470502677 
../../20_newsgroups/rec.sport.baseball/105108 rec.sport.baseball rec.sport.baseball:0.9658746848750407 rec.autos:0.021147546612225995 rec.motorcycles:0.006889003172275027 rec.sport.hockey:0.006088765340458136 
../../20_newsgroups/rec.sport.baseball/105109 rec.sport.baseball rec.sport.baseball:0.9708730608750558 rec.sport.hockey:0.01490718582882053 rec.autos:0.007602561238123198 rec.motorcycles:0.006617192058000515 
../../20_newsgroups/rec.sport.baseball/105110 rec.sport.baseball rec.sport.baseball:0.9999969620844599 rec.sport.hockey:3.0353112313708803E-6 rec.motorcycles:2.604024349431084E-9 rec.autos:2.845240924408327E-13 
../../20_newsgroups/rec.sport.baseball/105111 rec.sport.baseball rec.sport.baseball:0.9999035714163996 rec.autos:4.937257486533402E-5 rec.sport.hockey:3.6196865875945526E-5 rec.motorcycles:1.0859142859234085E-5 
../../20_newsgroups/rec.sport.baseball/105112 rec.sport.baseball rec.sport.baseball:0.9991355311135481 rec.motorcycles:4.703042070098376E-4 rec.sport.hockey:3.415135180005553E-4 rec.autos:5.265116144134002E-5 
../../20_newsgroups/rec.sport.baseball/105113 rec.sport.baseball rec.sport.baseball:0.9365038442833544 rec.motorcycles:0.042855767801167115 rec.sport.hockey:0.01694237533858993 rec.autos:0.0036980125768885652 
../../20_newsgroups/rec.sport.baseball/105114 rec.sport.baseball rec.sport.baseball:0.9715067200065032 rec.sport.hockey:0.02681433614195155 rec.autos:0.0015817034823187247 rec.motorcycles:9.724036922643213E-5 
../../20_newsgroups/rec.sport.baseball/105115 rec.sport.baseball rec.sport.baseball:0.7994291824943974 rec.sport.hockey:0.1551511016764176 rec.motorcycles:0.04508035411425413 rec.autos:3.3936171493081994E-4 
../../20_newsgroups/rec.sport.baseball/105116 rec.sport.baseball rec.sport.hockey:0.349677667883663 rec.autos:0.30514437693009594 rec.sport.baseball:0.22915837404083855 rec.motorcycles:0.11601958114540258 
../../20_newsgroups/rec.sport.baseball/105117 rec.sport.baseball rec.sport.baseball:0.999988470890117 rec.sport.hockey:1.1529109881712017E-5 rec.motorcycles:1.3339467419956963E-15 rec.autos:6.636024631081196E-21 
../../20_newsgroups/rec.sport.baseball/105118 rec.sport.baseball rec.sport.baseball:0.9999998281005162 rec.sport.hockey:1.5004952976445238E-7 rec.motorcycles:1.3580867399290218E-8 rec.autos:8.269086786367611E-9 
../../20_newsgroups/rec.sport.baseball/105119 rec.sport.baseball rec.sport.baseball:0.9997964640938274 rec.sport.hockey:1.895171121535597E-4 rec.autos:1.1381191852171111E-5 rec.motorcycles:2.6376021667562255E-6 
../../20_newsgroups/rec.sport.baseball/105120 rec.sport.baseball rec.sport.baseball:0.9685038465736635 rec.sport.hockey:0.030066743092329526 rec.autos:0.0012737388448479392 rec.motorcycles:1.5567148915897677E-4 
../../20_newsgroups/rec.sport.baseball/105121 rec.sport.baseball rec.sport.baseball:0.983821712292739 rec.sport.hockey:0.016045265487155198 rec.motorcycles:8.832744277635408E-5 rec.autos:4.469477732932269E-5 
../../20_newsgroups/rec.sport.baseball/105122 rec.sport.baseball rec.sport.baseball:0.584048247688577 rec.autos:0.36701676843491876 rec.sport.hockey:0.035242307121106514 rec.motorcycles:0.013692676755397657 
../../20_newsgroups/rec.sport.baseball/105123 rec.sport.baseball rec.sport.baseball:0.9997969208409612 rec.sport.hockey:9.943526273143706E-5 rec.motorcycles:8.178571992349551E-5 rec.autos:2.1858176383969242E-5 
../../20_newsgroups/rec.sport.baseball/105124 rec.sport.baseball rec.sport.baseball:0.9961685968326083 rec.motorcycles:0.002079925974709351 rec.autos:0.0015194663341332078 rec.sport.hockey:2.3201085854920663E-4 
../../20_newsgroups/rec.sport.baseball/105130 rec.sport.baseball rec.sport.hockey:0.9256069158908985 rec.sport.baseball:0.0743289130345243 rec.autos:3.450854212704522E-5 rec.motorcycles:2.966253245027934E-5 
../../20_newsgroups/rec.sport.baseball/105144 rec.sport.baseball rec.sport.baseball:0.7855722039597857 rec.autos:0.1423849526774024 rec.motorcycles:0.05456837285678946 rec.sport.hockey:0.017474470506022476 
../../20_newsgroups/rec.sport.baseball/105145 rec.sport.baseball rec.sport.baseball:0.9128742645630767 rec.autos:0.08610777698110653 rec.sport.hockey:0.0010179152424097501 rec.motorcycles:4.3213406816397163E-8 
../../20_newsgroups/rec.sport.baseball/105146 rec.sport.baseball rec.sport.baseball:0.7107762194753509 rec.motorcycles:0.22747981916983254 rec.autos:0.0366961713613662 rec.sport.hockey:0.025047789993450285 
../../20_newsgroups/rec.sport.baseball/105147 rec.sport.baseball rec.sport.baseball:0.8052174117104435 rec.sport.hockey:0.19052777070556481 rec.autos:0.0027331506266692735 rec.motorcycles:0.0015216669573223495 
../../20_newsgroups/rec.sport.baseball/105148 rec.sport.baseball rec.sport.baseball:0.8113236320576089 rec.motorcycles:0.06690070801746231 rec.autos:0.06597585383835664 rec.sport.hockey:0.05579980608657206 
../../20_newsgroups/rec.sport.baseball/105149 rec.sport.baseball rec.sport.baseball:0.5614153563596355 rec.autos:0.29619306412258617 rec.motorcycles:0.09853155844502046 rec.sport.hockey:0.04386002107275799 
../../20_newsgroups/rec.sport.baseball/105150 rec.sport.baseball rec.sport.baseball:0.990847576188767 rec.sport.hockey:0.009152102169182332 rec.motorcycles:3.1530552574295817E-7 rec.autos:6.336525020780709E-9 
../../20_newsgroups/rec.sport.baseball/105151 rec.sport.baseball rec.sport.baseball:0.9986658110097962 rec.sport.hockey:8.696972631811841E-4 rec.autos:3.9565781931942345E-4 rec.motorcycles:6.883390770301786E-5 
../../20_newsgroups/rec.sport.baseball/105152 rec.sport.baseball rec.sport.baseball:0.9999972215306868 rec.sport.hockey:2.716744812135745E-6 rec.motorcycles:6.15823537465034E-8 rec.autos:1.4214719211335252E-10 
../../20_newsgroups/rec.sport.baseball/105153 rec.sport.baseball rec.sport.baseball:0.9785733206626802 rec.autos:0.009733060640416567 rec.motorcycles:0.007568503341532407 rec.sport.hockey:0.004125115355370879 
../../20_newsgroups/rec.sport.baseball/105154 rec.sport.baseball rec.sport.baseball:0.8769673853268898 rec.autos:0.05471387590162321 rec.motorcycles:0.05436604352711828 rec.sport.hockey:0.013952695244368851 
../../20_newsgroups/rec.sport.baseball/105155 rec.sport.baseball rec.sport.baseball:0.9979817345687817 rec.sport.hockey:0.0013339403947784719 rec.motorcycles:4.333011011251747E-4 rec.autos:2.510239353144936E-4 
../../20_newsgroups/rec.sport.baseball/105156 rec.sport.baseball rec.sport.baseball:0.9891115782491765 rec.autos:0.007993112335073594 rec.motorcycles:0.00228817098902335 rec.sport.hockey:6.07138426726437E-4 
../../20_newsgroups/rec.sport.baseball/105157 rec.sport.baseball rec.sport.baseball:0.9999999999664215 rec.autos:3.303276020257123E-11 rec.motorcycles:3.02863087876186E-13 rec.sport.hockey:2.4290872629617737E-13 
../../20_newsgroups/rec.sport.baseball/105158 rec.sport.baseball rec.sport.baseball:0.9999766871520165 rec.sport.hockey:2.3149794374500276E-5 rec.motorcycles:1.622567040483607E-7 rec.autos:7.969050357231373E-10 
../../20_newsgroups/rec.sport.baseball/105159 rec.sport.baseball rec.sport.baseball:0.9969290629987005 rec.motorcycles:0.0018129819581147936 rec.sport.hockey:0.0011603966746475886 rec.autos:9.755836853703443E-5 
../../20_newsgroups/rec.sport.baseball/105160 rec.sport.baseball rec.sport.baseball:0.920376020293315 rec.motorcycles:0.07896674315099302 rec.sport.hockey:3.840550731472758E-4 rec.autos:2.73181482544756E-4 
../../20_newsgroups/rec.sport.baseball/105161 rec.sport.baseball rec.sport.baseball:0.9999955135602284 rec.sport.hockey:2.311059844012634E-6 rec.motorcycles:2.165713470163187E-6 rec.autos:9.666457301429819E-9 
../../20_newsgroups/rec.sport.baseball/105162 rec.sport.baseball rec.sport.baseball:0.9999999999962794 rec.sport.hockey:2.455292880210914E-12 rec.autos:1.109007879392531E-12 rec.motorcycles:1.5616109671955948E-13 
../../20_newsgroups/rec.sport.baseball/105163 rec.sport.baseball rec.sport.baseball:0.5616306150186463 rec.sport.hockey:0.3860232298050264 rec.autos:0.033512583901693774 rec.motorcycles:0.018833571274633493 
../../20_newsgroups/rec.sport.baseball/105164 rec.sport.baseball rec.sport.baseball:0.9344029622040785 rec.sport.hockey:0.061846110676682324 rec.autos:0.0036238323677290564 rec.motorcycles:1.2709475151025524E-4 
../../20_newsgroups/rec.sport.baseball/105167 rec.sport.baseball rec.sport.baseball:0.8011701177389174 rec.motorcycles:0.160819438142788 rec.sport.hockey:0.028464139022568034 rec.autos:0.009546305095726617 
../../20_newsgroups/rec.sport.baseball/105168 rec.sport.baseball rec.sport.baseball:0.9936500863485394 rec.sport.hockey:0.0062231109952542146 rec.motorcycles:6.551327339709119E-5 rec.autos:6.128938280939599E-5 
../../20_newsgroups/rec.sport.baseball/105169 rec.sport.baseball rec.sport.baseball:0.859280993777344 rec.sport.hockey:0.1406345278456157 rec.motorcycles:6.0512046838679615E-5 rec.autos:2.3966330201680828E-5 
../../20_newsgroups/rec.sport.baseball/105299 rec.sport.baseball rec.sport.baseball:0.9957475443339432 rec.autos:0.004234178660405243 rec.sport.hockey:1.755756532346804E-5 rec.motorcycles:7.194403279619078E-7 
../../20_newsgroups/rec.sport.baseball/105400 rec.sport.baseball rec.sport.baseball:0.8893713768095399 rec.motorcycles:0.09168161782347571 rec.sport.hockey:0.012468590830154608 rec.autos:0.006478414536829811 
../../20_newsgroups/rec.sport.baseball/105401 rec.sport.baseball rec.sport.baseball:0.3682812850743564 rec.sport.hockey:0.35421715468606263 rec.autos:0.16213054932962492 rec.motorcycles:0.11537101090995586 
../../20_newsgroups/rec.sport.baseball/105466 rec.sport.baseball rec.sport.baseball:0.8934094890050277 rec.autos:0.052749371496178664 rec.sport.hockey:0.03620468386826464 rec.motorcycles:0.017636455630529017 
../../20_newsgroups/rec.sport.baseball/105989 rec.sport.baseball rec.sport.baseball:0.4745033619028066 rec.autos:0.3024064882281732 rec.motorcycles:0.11414114809991227 rec.sport.hockey:0.10894900176910799 
../../20_newsgroups/rec.sport.baseball/105990 rec.sport.baseball rec.sport.baseball:0.9975928916832245 rec.motorcycles:0.0016278336821821818 rec.autos:7.548467637128389E-4 rec.sport.hockey:2.4427870880366636E-5 
../../20_newsgroups/rec.sport.baseball/98657 rec.sport.baseball rec.sport.baseball:0.9903740787959313 rec.sport.hockey:0.009625759560978062 rec.autos:1.539494466287604E-7 rec.motorcycles:7.693644165144761E-9 
../../20_newsgroups/rec.sport.baseball/99971 rec.sport.baseball rec.sport.baseball:0.9937902601554374 rec.sport.hockey:0.006197678108395141 rec.autos:1.0968169173030259E-5 rec.motorcycles:1.0935669943194834E-6 
../../20_newsgroups/rec.sport.hockey/54541 rec.sport.hockey rec.sport.hockey:0.930483519313187 rec.sport.baseball:0.06864948683484894 rec.motorcycles:5.176151711578609E-4 rec.autos:3.4937868080619453E-4 
../../20_newsgroups/rec.sport.hockey/54542 rec.sport.hockey rec.sport.hockey:0.9793766593073351 rec.sport.baseball:0.018667725552170136 rec.autos:0.0017286874809730427 rec.motorcycles:2.2692765952176902E-4 
../../20_newsgroups/rec.sport.hockey/54543 rec.sport.hockey rec.sport.hockey:0.9999969514623793 rec.sport.baseball:2.5987362208937437E-6 rec.motorcycles:4.4317821882516353E-7 rec.autos:6.623180908559463E-9 
../../20_newsgroups/rec.sport.hockey/54544 rec.sport.hockey rec.sport.hockey:0.9803173359039573 rec.sport.baseball:0.019561639557061198 rec.autos:1.1007048724483809E-4 rec.motorcycles:1.0954051736698957E-5 
../../20_newsgroups/rec.sport.hockey/54545 rec.sport.hockey rec.sport.hockey:0.9775082685053103 rec.sport.baseball:0.021716259989022633 rec.autos:4.446516580842423E-4 rec.motorcycles:3.3081984758291763E-4 
../../20_newsgroups/rec.sport.hockey/54546 rec.sport.hockey rec.sport.hockey:0.9711198767013914 rec.sport.baseball:0.02887418470036766 rec.motorcycles:5.896834014874902E-6 rec.autos:4.176422612109414E-8 
../../20_newsgroups/rec.sport.hockey/54547 rec.sport.hockey rec.sport.hockey:0.5580527758198517 rec.motorcycles:0.1930261410555026 rec.sport.baseball:0.1605379629126394 rec.autos:0.08838312021200624 
../../20_newsgroups/rec.sport.hockey/54548 rec.sport.hockey rec.sport.hockey:0.9999998806999224 rec.sport.baseball:1.1930007697170034E-7 rec.motorcycles:5.840063526579794E-16 rec.autos:9.73793534665303E-22 
../../20_newsgroups/rec.sport.hockey/54549 rec.sport.hockey rec.sport.hockey:0.6087122502620366 rec.sport.baseball:0.28680681119988427 rec.autos:0.07712972032128111 rec.motorcycles:0.0273512182167981 
../../20_newsgroups/rec.sport.hockey/54550 rec.sport.hockey rec.sport.hockey:0.9999969624078838 rec.sport.baseball:2.8221333472971413E-6 rec.autos:1.2074299120889752E-7 rec.motorcycles:9.47157775621444E-8 
../../20_newsgroups/rec.sport.hockey/54551 rec.sport.hockey rec.sport.hockey:0.9999995380216635 rec.sport.baseball:4.5542997489589257E-7 rec.motorcycles:6.446720385104068E-9 rec.autos:1.016412635666633E-10 
../../20_newsgroups/rec.sport.hockey/54552 rec.sport.hockey rec.sport.hockey:0.9999915774449452 rec.sport.baseball:8.419890379130504E-6 rec.motorcycles:2.5991292956865733E-9 rec.autos:6.554638936619624E-11 
../../20_newsgroups/rec.sport.hockey/54553 rec.sport.hockey rec.sport.hockey:0.9999999998105669 rec.sport.baseball:1.3408461260443407E-10 rec.motorcycles:5.483232331758297E-11 rec.autos:5.160978381460818E-13 
../../20_newsgroups/rec.sport.hockey/54554 rec.sport.hockey rec.sport.hockey:0.9999957520047296 rec.sport.baseball:4.247994604493254E-6 rec.motorcycles:6.548725788994092E-13 rec.autos:1.1132078156580587E-14 
../../20_newsgroups/rec.sport.hockey/54555 rec.sport.hockey rec.sport.hockey:0.9993134394707136 rec.sport.baseball:5.004463494210238E-4 rec.autos:1.1271487711114742E-4 rec.motorcycles:7.339930275432147E-5 
../../20_newsgroups/rec.sport.hockey/54556 rec.sport.hockey rec.sport.hockey:0.9999982184422309 rec.sport.baseball:9.79280453359413E-7 rec.motorcycles:7.057222942058321E-7 rec.autos:9.655502145714398E-8 
../../20_newsgroups/rec.sport.hockey/54557 rec.sport.hockey rec.sport.hockey:0.9865425855189589 rec.sport.baseball:0.006320393278447309 rec.motorcycles:0.0043019899032432545 rec.autos:0.0028350312993505613 
../../20_newsgroups/rec.sport.hockey/54562 rec.sport.hockey rec.sport.hockey:0.9533448280296719 rec.sport.baseball:0.04582946246536058 rec.motorcycles:7.208934510088501E-4 rec.autos:1.048160539586833E-4 
../../20_newsgroups/rec.sport.hockey/54563 rec.sport.hockey rec.sport.hockey:0.9999999999999811 rec.sport.baseball:1.8763542687586885E-14 rec.autos:2.0049909170914976E-18 rec.motorcycles:4.130483803635466E-19 
../../20_newsgroups/rec.sport.hockey/54564 rec.sport.hockey rec.sport.hockey:0.9999999999998839 rec.sport.baseball:1.1558605948061675E-13 rec.motorcycles:5.325879901849863E-16 rec.autos:5.476333079256916E-17 
../../20_newsgroups/rec.sport.hockey/54704 rec.sport.hockey rec.sport.hockey:0.6579985979418947 rec.autos:0.20040428802534468 rec.motorcycles:0.10487678161990414 rec.sport.baseball:0.03672033241285654 
../../20_newsgroups/rec.sport.hockey/54705 rec.sport.hockey rec.sport.hockey:0.9999962753184688 rec.sport.baseball:3.6598219015595837E-6 rec.motorcycles:5.9114278995517127E-8 rec.autos:5.745350707098371E-9 
../../20_newsgroups/rec.sport.hockey/54706 rec.sport.hockey rec.sport.hockey:0.999999999983584 rec.sport.baseball:1.5843182258135302E-11 rec.autos:5.632949095055329E-13 rec.motorcycles:9.582101105106586E-15 
../../20_newsgroups/rec.sport.hockey/54707 rec.sport.hockey rec.sport.hockey:0.9999998815843585 rec.autos:8.951640161666567E-8 rec.motorcycles:2.877000083855585E-8 rec.sport.baseball:1.2923907899943615E-10 
../../20_newsgroups/rec.sport.hockey/54708 rec.sport.hockey rec.sport.hockey:0.9999999706700571 rec.sport.baseball:2.7939831897632574E-8 rec.autos:1.1646798012243978E-9 rec.motorcycles:2.2543119158755183E-10 
../../20_newsgroups/rec.sport.hockey/54709 rec.sport.hockey rec.sport.hockey:0.9770883529899179 rec.motorcycles:0.01557164174000165 rec.autos:0.00604127806547137 rec.sport.baseball:0.0012987272046090942 
../../20_newsgroups/rec.sport.hockey/54710 rec.sport.hockey rec.sport.hockey:0.9999221579831092 rec.sport.baseball:7.784164959230684E-5 rec.motorcycles:3.6729269683877446E-10 rec.autos:5.772513593053842E-15 
../../20_newsgroups/rec.sport.hockey/54711 rec.sport.hockey rec.sport.hockey:0.9999999999999929 rec.sport.baseball:7.041164721679273E-15 rec.autos:1.110449858545729E-18 rec.motorcycles:6.719911934158015E-20 
../../20_newsgroups/rec.sport.hockey/54712 rec.sport.hockey rec.sport.hockey:0.7802399893391717 rec.sport.baseball:0.2056920415964498 rec.autos:0.01388914878902846 rec.motorcycles:1.7882027535007485E-4 
../../20_newsgroups/rec.sport.hockey/54714 rec.sport.hockey rec.sport.hockey:0.5494880313808872 rec.sport.baseball:0.18801471089777522 rec.motorcycles:0.13690024712716742 rec.autos:0.12559701059417017 
../../20_newsgroups/rec.sport.hockey/54715 rec.sport.hockey rec.sport.hockey:0.8245832802292894 rec.sport.baseball:0.16721613301884405 rec.motorcycles:0.0074853928882843 rec.autos:7.151938635821716E-4 
../../20_newsgroups/rec.sport.hockey/54716 rec.sport.hockey rec.sport.hockey:0.9999998361694553 rec.autos:1.4948195688723952E-7 rec.sport.baseball:1.0926005217968859E-8 rec.motorcycles:3.4225826268535488E-9 
../../20_newsgroups/rec.sport.hockey/54717 rec.sport.hockey rec.sport.hockey:0.9505422692865522 rec.sport.baseball:0.04466957631276123 rec.autos:0.00308598395288331 rec.motorcycles:0.0017021704478034079 
../../20_newsgroups/rec.sport.hockey/54718 rec.sport.hockey rec.sport.hockey:0.9999992144680698 rec.sport.baseball:7.831783272809067E-7 rec.motorcycles:2.3492839514628917E-9 rec.autos:4.318863678886392E-12 
../../20_newsgroups/rec.sport.hockey/54719 rec.sport.hockey rec.sport.hockey:0.9999999998499871 rec.sport.baseball:1.5001236705823546E-10 rec.motorcycles:4.472003742130669E-16 rec.autos:4.870215536644477E-18 
../../20_newsgroups/rec.sport.hockey/54720 rec.sport.hockey rec.sport.hockey:0.9999560515837315 rec.motorcycles:3.296366979131163E-5 rec.sport.baseball:8.083772098840216E-6 rec.autos:2.900974378360678E-6 
../../20_newsgroups/rec.sport.hockey/54721 rec.sport.hockey rec.sport.hockey:0.9919027983436408 rec.autos:0.004219604541804746 rec.motorcycles:0.003703642515015267 rec.sport.baseball:1.7395459953918334E-4 
../../20_newsgroups/rec.sport.hockey/54722 rec.sport.hockey rec.sport.hockey:0.9961285526219641 rec.sport.baseball:0.0038635386610557086 rec.autos:6.0953539915757975E-6 rec.motorcycles:1.8133629885251948E-6 
../../20_newsgroups/rec.sport.hockey/54723 rec.sport.hockey rec.sport.hockey:0.9693040424056962 rec.sport.baseball:0.025931240852669037 rec.autos:0.004096955781343875 rec.motorcycles:6.677609602907938E-4 
../../20_newsgroups/rec.sport.hockey/54724 rec.sport.hockey rec.sport.hockey:0.999922854846387 rec.sport.baseball:7.404495555955726E-5 rec.autos:2.016126969507516E-6 rec.motorcycles:1.0840710840882124E-6 
../../20_newsgroups/rec.sport.hockey/54725 rec.sport.hockey rec.sport.hockey:0.9738660834369856 rec.motorcycles:0.011223484732434001 rec.autos:0.009779275573198902 rec.sport.baseball:0.005131156257381632 
../../20_newsgroups/rec.sport.hockey/54726 rec.sport.hockey rec.sport.hockey:0.9999873373951808 rec.sport.baseball:1.2656379712371353E-5 rec.autos:5.730428742302545E-9 rec.motorcycles:4.94678058830682E-10 
../../20_newsgroups/rec.sport.hockey/54727 rec.sport.hockey rec.sport.hockey:0.9999999750383024 rec.sport.baseball:2.4961697660831857E-8 rec.motorcycles:1.279448979077404E-24 rec.autos:5.579839428340448E-27 
../../20_newsgroups/rec.sport.hockey/54728 rec.sport.hockey rec.sport.hockey:0.9999677007586726 rec.sport.baseball:3.204403103485026E-5 rec.autos:2.457322561072602E-7 rec.motorcycles:9.478036414979047E-9 
../../20_newsgroups/rec.sport.hockey/54729 rec.sport.hockey rec.sport.hockey:0.999668011892134 rec.sport.baseball:1.4431951082412368E-4 rec.motorcycles:1.275739993974013E-4 rec.autos:6.0094597644471046E-5 
../../20_newsgroups/rec.sport.hockey/54730 rec.sport.hockey rec.sport.hockey:0.9999685814058632 rec.sport.baseball:1.3894309689655127E-5 rec.motorcycles:1.289300618430193E-5 rec.autos:4.631278262722192E-6 
../../20_newsgroups/rec.sport.hockey/54731 rec.sport.hockey rec.sport.hockey:0.999898814228637 rec.sport.baseball:1.0031989801829285E-4 rec.motorcycles:6.754330044380116E-7 rec.autos:1.904403401779759E-7 
../../20_newsgroups/rec.sport.hockey/54732 rec.sport.hockey rec.sport.hockey:0.9937080845970591 rec.sport.baseball:0.005518393819711949 rec.autos:4.863716845883699E-4 rec.motorcycles:2.8714989864069056E-4 
../../20_newsgroups/rec.sport.hockey/54733 rec.sport.hockey rec.sport.hockey:0.5041170869205764 rec.autos:0.39052469668748624 rec.sport.baseball:0.07059607098466912 rec.motorcycles:0.03476214540726825 
../../20_newsgroups/rec.sport.hockey/54734 rec.sport.hockey rec.sport.hockey:0.44617205565497087 rec.motorcycles:0.2870893979978186 rec.sport.baseball:0.17892621021615635 rec.autos:0.08781233613105432 
../../20_newsgroups/rec.sport.hockey/54735 rec.sport.hockey rec.motorcycles:0.6289579407041461 rec.autos:0.33303507936497384 rec.sport.hockey:0.0373443689629526 rec.sport.baseball:6.626109679274535E-4 
../../20_newsgroups/rec.sport.hockey/54736 rec.sport.hockey rec.sport.hockey:0.9901598083910631 rec.autos:0.007278039983527924 rec.motorcycles:0.0015377419776348897 rec.sport.baseball:0.0010244096477739857 
../../20_newsgroups/rec.sport.hockey/54737 rec.sport.hockey rec.sport.hockey:0.9999999744890928 rec.sport.baseball:2.551090715696654E-8 rec.autos:3.191591327119228E-19 rec.motorcycles:5.844024071111421E-20 
../../20_newsgroups/rec.sport.hockey/54738 rec.sport.hockey rec.sport.baseball:0.7063809436738503 rec.sport.hockey:0.23908965442646488 rec.motorcycles:0.051648407387772745 rec.autos:0.00288099451191212 
../../20_newsgroups/rec.sport.hockey/54739 rec.sport.hockey rec.motorcycles:0.5449943316248104 rec.sport.baseball:0.2271257364085141 rec.sport.hockey:0.12214407297136354 rec.autos:0.10573585899531193 
../../20_newsgroups/rec.sport.hockey/54740 rec.sport.hockey rec.sport.hockey:0.9999999453662284 rec.sport.baseball:5.08698802124622E-8 rec.autos:3.747298024971069E-9 rec.motorcycles:1.65933545939832E-11 
../../20_newsgroups/rec.sport.hockey/54741 rec.sport.hockey rec.sport.hockey:0.9999962521700436 rec.sport.baseball:2.8411507143079E-6 rec.autos:6.933658465166578E-7 rec.motorcycles:2.1331339563454595E-7 
../../20_newsgroups/rec.sport.hockey/54742 rec.sport.hockey rec.sport.hockey:0.8996571139740849 rec.sport.baseball:0.10034288592184193 rec.autos:6.591482559375242E-11 rec.motorcycles:3.815827237241408E-11 
../../20_newsgroups/rec.sport.hockey/54743 rec.sport.hockey rec.sport.hockey:0.999271214738093 rec.sport.baseball:7.286199520619268E-4 rec.motorcycles:1.5277855389917075E-7 rec.autos:1.2531291217534102E-8 
../../20_newsgroups/rec.sport.hockey/54744 rec.sport.hockey rec.sport.hockey:0.9999999999023899 rec.motorcycles:8.693090372125171E-11 rec.sport.baseball:7.486334713348258E-12 rec.autos:3.192879952363729E-12 
../../20_newsgroups/rec.sport.hockey/54745 rec.sport.hockey rec.sport.hockey:0.9790424920776064 rec.sport.baseball:0.015582403004799886 rec.motorcycles:0.004249305835340076 rec.autos:0.001125799082253489 
../../20_newsgroups/rec.sport.hockey/54746 rec.sport.hockey rec.sport.hockey:0.9999998268376435 rec.sport.baseball:1.7316235639296272E-7 rec.autos:3.046087993416938E-17 rec.motorcycles:1.1338016513191159E-17 
../../20_newsgroups/rec.sport.hockey/54747 rec.sport.hockey rec.sport.hockey:0.9944144248014408 rec.sport.baseball:0.004142218622377259 rec.autos:7.218506713751789E-4 rec.motorcycles:7.215059048068642E-4 
../../20_newsgroups/rec.sport.hockey/54748 rec.sport.hockey rec.sport.hockey:0.9973367549971198 rec.sport.baseball:0.0015420021111114013 rec.autos:0.0010247561822131356 rec.motorcycles:9.648670955574337E-5 
../../20_newsgroups/rec.sport.hockey/54749 rec.sport.hockey rec.sport.hockey:0.9999939704931675 rec.sport.baseball:6.029135258395885E-6 rec.autos:3.3260891718283526E-10 rec.motorcycles:3.8965115187932094E-11 
../../20_newsgroups/rec.sport.hockey/54750 rec.sport.hockey rec.sport.hockey:0.9999994238073191 rec.sport.baseball:5.760547557028079E-7 rec.motorcycles:1.357590030857938E-10 rec.autos:2.166064014385573E-12 
../../20_newsgroups/rec.sport.hockey/54751 rec.sport.hockey rec.sport.hockey:0.9974294938138702 rec.sport.baseball:0.002533189703271751 rec.motorcycles:3.504592002403185E-5 rec.autos:2.2705628339428685E-6 
../../20_newsgroups/rec.sport.hockey/54752 rec.sport.hockey rec.sport.baseball:0.9134887682908855 rec.sport.hockey:0.08212802318330632 rec.autos:0.004276533067091229 rec.motorcycles:1.0667545871688127E-4 
../../20_newsgroups/rec.sport.hockey/54753 rec.sport.hockey rec.sport.hockey:0.5098824362832042 rec.autos:0.22451817673130445 rec.motorcycles:0.18380648151461354 rec.sport.baseball:0.0817929054708779 
../../20_newsgroups/rec.sport.hockey/54754 rec.sport.hockey rec.sport.hockey:0.9060834868717921 rec.autos:0.052768193582551436 rec.motorcycles:0.027890840959630347 rec.sport.baseball:0.013257478586026222 
../../20_newsgroups/rec.sport.hockey/54755 rec.sport.hockey rec.sport.hockey:0.9995592664391418 rec.sport.baseball:4.406947728016046E-4 rec.motorcycles:3.8704020832993906E-8 rec.autos:8.403568193415397E-11 
../../20_newsgroups/rec.sport.hockey/54756 rec.sport.hockey rec.sport.hockey:0.8476729596827746 rec.sport.baseball:0.15227708857383127 rec.autos:4.857974239850229E-5 rec.motorcycles:1.3720009956865753E-6 
../../20_newsgroups/rec.sport.hockey/54757 rec.sport.hockey rec.sport.hockey:0.5001937371218488 rec.sport.baseball:0.41032723815349215 rec.motorcycles:0.08094895747797844 rec.autos:0.008530067246680702 
../../20_newsgroups/rec.sport.hockey/54758 rec.sport.hockey rec.sport.hockey:0.3221035817319234 rec.autos:0.259403306568287 rec.sport.baseball:0.24161460337917476 rec.motorcycles:0.1768785083206149 
../../20_newsgroups/rec.sport.hockey/54759 rec.sport.hockey rec.sport.hockey:0.9999997465621936 rec.motorcycles:1.4827782136640992E-7 rec.sport.baseball:9.97255758699994E-8 rec.autos:5.434409169568575E-9 
../../20_newsgroups/rec.sport.hockey/54760 rec.sport.hockey rec.autos:0.5467320012192624 rec.sport.hockey:0.26346134086668227 rec.sport.baseball:0.15524331254503917 rec.motorcycles:0.034563345369016146 
../../20_newsgroups/rec.sport.hockey/54761 rec.sport.hockey rec.sport.hockey:0.9999999382300808 rec.sport.baseball:6.02037621902572E-8 rec.motorcycles:1.5048525121364665E-9 rec.autos:6.130440300865243E-11 
../../20_newsgroups/rec.sport.hockey/54762 rec.sport.hockey rec.sport.hockey:0.999017984177863 rec.sport.baseball:9.709368034393738E-4 rec.motorcycles:1.0624596321735543E-5 rec.autos:4.544223757643949E-7 
../../20_newsgroups/rec.sport.hockey/54763 rec.sport.hockey rec.sport.hockey:0.9310421388756717 rec.autos:0.06553175563617579 rec.motorcycles:0.002299355258438072 rec.sport.baseball:0.0011267502297145026 
../../20_newsgroups/rec.sport.hockey/54764 rec.sport.hockey rec.sport.hockey:0.9238459509032408 rec.sport.baseball:0.06281980725609772 rec.motorcycles:0.00853352032526259 rec.autos:0.004800721515398874 
../../20_newsgroups/rec.sport.hockey/54765 rec.sport.hockey rec.sport.hockey:0.9764391362880415 rec.sport.baseball:0.023432033455552975 rec.motorcycles:7.65560853635956E-5 rec.autos:5.227417104188384E-5 
../../20_newsgroups/rec.sport.hockey/54766 rec.sport.hockey rec.sport.hockey:0.9999538128201328 rec.autos:2.4271043468009715E-5 rec.sport.baseball:1.6189919181927926E-5 rec.motorcycles:5.726217217360032E-6 
../../20_newsgroups/rec.sport.hockey/54767 rec.sport.hockey rec.sport.hockey:0.9504721443020525 rec.sport.baseball:0.047216222664425184 rec.motorcycles:0.0015614113190034176 rec.autos:7.502217145187913E-4 
../../20_newsgroups/rec.sport.hockey/54768 rec.sport.hockey rec.sport.hockey:0.910486851655637 rec.sport.baseball:0.08401389789165953 rec.autos:0.0035044326897295504 rec.motorcycles:0.001994817762973918 
../../20_newsgroups/rec.sport.hockey/54769 rec.sport.hockey rec.sport.hockey:0.999999949669334 rec.autos:1.947755629425712E-8 rec.motorcycles:1.657369857092654E-8 rec.sport.baseball:1.4279411099329875E-8 
../../20_newsgroups/rec.sport.hockey/54770 rec.sport.hockey rec.sport.hockey:0.9999892304150639 rec.sport.baseball:1.0704370732934609E-5 rec.autos:4.25473673985875E-8 rec.motorcycles:2.266683581052055E-8 
../../20_newsgroups/rec.sport.hockey/54771 rec.sport.hockey rec.sport.hockey:0.9999802796796005 rec.sport.baseball:1.971994044563225E-5 rec.motorcycles:3.545701971901576E-10 rec.autos:2.538366053888442E-11 
../../20_newsgroups/rec.sport.hockey/54772 rec.sport.hockey rec.sport.hockey:0.4375227977987068 rec.motorcycles:0.24218419452469644 rec.autos:0.21726050047520434 rec.sport.baseball:0.10303250720139237 
../../20_newsgroups/rec.sport.hockey/54773 rec.sport.hockey rec.sport.hockey:0.9973364980968024 rec.sport.baseball:0.0026316226960739755 rec.motorcycles:1.6358009801761648E-5 rec.autos:1.552119732190293E-5 
../../20_newsgroups/rec.sport.hockey/54774 rec.sport.hockey rec.sport.hockey:0.8015471240646558 rec.sport.baseball:0.19840957058425818 rec.autos:3.538043729294041E-5 rec.motorcycles:7.924913793050678E-6 
../../20_newsgroups/rec.sport.hockey/54775 rec.sport.hockey rec.sport.baseball:0.7367142629676334 rec.sport.hockey:0.2620980777766302 rec.autos:0.0010687405793982998 rec.motorcycles:1.1891867633802077E-4 
../../20_newsgroups/rec.sport.hockey/54776 rec.sport.hockey rec.sport.hockey:0.9992224293289916 rec.sport.baseball:7.77541610220931E-4 rec.motorcycles:2.78691444137627E-8 rec.autos:1.1916430192849777E-9 
../../20_newsgroups/rec.sport.hockey/54777 rec.sport.hockey rec.sport.hockey:0.9999915479726479 rec.sport.baseball:5.4358853639355134E-6 rec.autos:2.30118209744918E-6 rec.motorcycles:7.149598907170905E-7 
../../20_newsgroups/rec.sport.hockey/54778 rec.sport.hockey rec.sport.hockey:0.9999986841249435 rec.sport.baseball:1.0303134191800815E-6 rec.motorcycles:2.4611357174004576E-7 rec.autos:3.9448065574720895E-8 
../../20_newsgroups/rec.sport.hockey/54779 rec.sport.hockey rec.sport.hockey:0.9297114317460536 rec.sport.baseball:0.044172048269777824 rec.motorcycles:0.015185586703396628 rec.autos:0.010930933280771993 
../../20_newsgroups/rec.sport.hockey/54780 rec.sport.hockey rec.sport.hockey:0.986226876655982 rec.sport.baseball:0.013647975348884232 rec.motorcycles:8.610764767224864E-5 rec.autos:3.904034746161791E-5 
../../20_newsgroups/rec.sport.hockey/54896 rec.sport.hockey rec.sport.hockey:0.9932805040816944 rec.sport.baseball:0.006719255551664589 rec.autos:1.6154212200877468E-7 rec.motorcycles:7.882451899280914E-8 
../../20_newsgroups/rec.sport.hockey/54897 rec.sport.hockey rec.sport.hockey:0.9999999998132894 rec.motorcycles:1.307375319752212E-10 rec.sport.baseball:5.4527062884765297E-11 rec.autos:1.4461078169924629E-12 
../../20_newsgroups/rec.sport.hockey/54900 rec.sport.hockey rec.sport.hockey:0.650572980729985 rec.motorcycles:0.31030865947264324 rec.autos:0.039117236472405656 rec.sport.baseball:1.1233249660510757E-6 
../../20_newsgroups/rec.sport.hockey/55022 rec.sport.hockey rec.sport.hockey:0.9999998815843585 rec.autos:8.951640161666567E-8 rec.motorcycles:2.877000083855585E-8 rec.sport.baseball:1.2923907899943615E-10 
Test Data Confusion Matrix
Confusion Matrix, row=true, column=predicted  accuracy=0.95
                 label   0   1   2   3  |total
  0          rec.autos  96   3   1   .  |100
  1    rec.motorcycles   6  93   1   .  |100
  2 rec.sport.baseball   .   1  97   2  |100
  3   rec.sport.hockey   1   2   3  94  |100

Test data accuracy= 0.95
