
-------------------- Trial 0  --------------------

Trial 0 Training MaxEntTrainer,numIterations=10,gaussianPriorVariance=1.0 with 46451 instances
Trial 0 Training MaxEntTrainer,numIterations=10,gaussianPriorVariance=1.0 finished
Trial 0 Trainer MaxEntTrainer,numIterations=10,gaussianPriorVariance=1.0 Training Data Confusion Matrix
Confusion Matrix, row=true, column=predicted  accuracy=0.9920992013089062
    label   0   1   2   3   4   5   6   7   8   9  10  11  12  13  14  15  16  17  18  19  20  21  22  23  24  25  26  27  28  29  30  31  32  33  34  35  36  37  38  39  40  41  42  43  44  |total
  0   NNP 5081   .   .   1   5   .   2   3   9   2   .   .   .   .   .   1   .   .   .   .   .   .   .   .   .   .   .   .   .   .   .   .   .   .   .   .   .   .   .   .   .   .   .   .   .  |5104
  1 comma   1 2525   .   .   .   .   .   .   .   .   .   .   .   .   .   .   .   .   .   .   .   .   .   .   .   .   .   .   .   .   .   .   .   .   .   .   .   .   .   .   .   .   .   .   .  |2526
  2    CD   3   . 1402   .   1   .   1   1   6   .   .   .   .   .   .   .   .   .   .   .   .   .   .   .   .   .   .   .   .   .   .   .   .   .   .   .   .   .   .   .   .   .   .   .   .  |1414
  3   NNS   4   .   . 2951   3   .   .   .   7   .   .   .   .   .   .   .   1   .   .   .   .   .   .   .   .   .   .   .   .   .   .   .   .   .   .   .   .   .   .   .   .   .   .   .   .  |2966
  4    JJ  11   .   .   1 2900   .   2   3  20   1   .   .   1   1   1   4   2   .   .   .   .   .   .   .   .   .   .   .   .   .   .   1   .   .   .   .   .   .   .   .   .   .   .   .   .  |2948
  5    MD   .   .   .   .   . 405   .   .   .   .   .   .   .   .   .   .   .   .   .   .   .   .   .   .   .   .   .   .   .   .   .   .   .   .   .   .   .   .   .   .   .   .   .   .   .  |405
  6    VB   2   .   .   .   .   . 1165   .   3   1   .   .   1   .   1   1   .   .   .   .   .   4   .   .   .   .   .   .   .   .   .   .   .   .   .   .   .   .   .   .   .   .   .   .   .  |1178
  7    DT   .   .   .   .   .   .   . 3984   2   4   .   .   .   .   .   .   .   .   .   .   .   .   .   .   .   .   .   .   .   .   .   .   .   .   .   .   .   .   .   .   .   .   .   .   .  |3990
  8    NN  12   .   4   4  13   .   3   . 6090   1   .   .   1   2   .   .   .   .   .   .   .   1   .   .   .   .   .   .   .   .   .   .   .   .   .   .   .   .   .   .   .   .   .   .   .  |6131
  9    IN   .   .   .   .   3   .   .   1   . 4836   .   .   .   2   .   .   9   .   .   .   .   .   1   .   .   .   .   .   .   .   .   .   .   .   .   .   .   .   .   .   .   .   .   .   .  |4852
 10     .   .   .   .   .   .   .   .   .   1   . 1916   .   .   .   .   .   .   .   .   .   .   .   .   .   .   .   .   .   .   .   .   .   .   .   .   .   .   .   .   .   .   .   .   .   .  |1917
 11   VBZ   3   .   .   2   .   .   .   .   2   .   . 1089   .   .   .   .   .   .   .   .   .   .   .   .   .   1   .   .   .   .   .   .   .   .   .   .   .   .   .   .   .   .   .   .   .  |1097
 12   VBG   2   .   .   .   1   .   1   .  19   .   .   . 715   .   1   1   .   .   .   .   .   .   .   .   .   .   .   .   .   .   .   .   .   .   .   .   .   .   .   .   .   .   .   .   .  |740
 13    CC   .   .   .   .   .   .   .   .   .   1   .   .   . 1123   .   .   .   .   .   .   .   .   .   .   .   .   .   .   .   .   .   .   .   .   .   .   .   .   .   .   .   .   .   .   .  |1124
 14   VBD   2   .   .   1   .   .   .   .   1   1   .   .   .   . 1506   7   .   .   .   .   .   .   .   .   .   .   .   .   .   .   .   .   .   .   .   .   .   .   .   .   .   .   .   .   .  |1518
 15   VBN   .   .   .   2   8   .   1   .   5   1   .   .   .   .   4 990   .   .   .   .   .   1   .   .   .   .   .   .   .   .   .   .   .   .   .   .   .   .   .   .   .   .   .   .   .  |1012
 16    RB   .   .   .   3   4   .   1   2   8  18   .   .   .   .   .   1 1424   .   .   .   .   .   1   .   .   .   .   .   .   .   .   1   .   .   .   .   .   .   .   .   .   .   .   .   .  |1463
 17    TO   .   .   .   .   .   .   .   .   .   .   .   .   .   .   .   .   . 1015   .   .   .   .   .   .   .   .   .   .   .   .   .   .   .   .   .   .   .   .   .   .   .   .   .   .   .  |1015
 18   PRP   .   .   2   .   .   .   .   .   3   .   .   .   .   .   .   .   .   . 924   .   .   .   .   .   .   .   .   .   .   .   .   .   .   .   .   .   .   .   .   .   .   .   .   .   .  |929
 19   RBR   .   .   .   .   1   .   .   .   1   1   .   .   .   .   .   .   1   .   .  75   .   .   .   .   .   .   .   .   .   .   .   6   .   .   .   .   .   .   .   .   .   .   .   .   .  |85
 20   WDT   .   .   .   .   .   .   .   1   .   .   .   .   .   .   .   .   .   .   .   . 198   .   .   .   .   .   .   .   .   .   .   .   .   .   .   .   .   .   .   .   .   .   .   .   .  |199
 21   VBP   1   .   .   .   1   .   .   .   5   1   .   1   .   .   .   .   .   .   .   .   . 708   .   .   .   .   .   .   .   .   .   .   .   .   .   .   .   .   .   .   .   .   .   .   .  |717
 22    RP   .   .   .   .   .   .   .   .   1  10   .   .   .   .   .   .   4   .   .   .   .   . 119   .   .   .   .   .   .   .   .   .   .   .   .   .   .   .   .   .   .   .   .   .   .  |134
 23  PRP$   1   .   .   .   .   .   .   .   .   .   .   .   .   .   .   .   .   .   .   .   .   .   . 403   .   .   .   .   .   .   .   .   .   .   .   .   .   .   .   .   .   .   .   .   .  |404
 24   JJS   .   .   .   .   .   .   .   .   1   .   .   .   .   .   .   .   .   .   .   .   .   .   .   .  89   .   .   .   .   .   .   .   .   .   .   .   .   .   .   .   .   .   .   .   .  |90
 25   POS   .   .   .   .   .   .   .   .   .   .   .   .   .   .   .   .   .   .   .   .   .   .   .   .   . 398   .   .   .   .   .   .   .   .   .   .   .   .   .   .   .   .   .   .   .  |398
 26    ``   .   .   .   .   .   .   .   .   .   .   .   .   .   .   .   .   .   .   .   .   .   .   .   .   .   . 402   .   .   .   .   .   .   .   .   .   .   .   .   .   .   .   .   .   .  |402
 27    EX   .   .   .   .   .   .   .   .   .   .   .   .   .   .   .   .   .   .   .   .   .   .   .   .   .   .   .  48   .   .   .   .   .   .   .   .   .   .   .   .   .   .   .   .   .  |48
 28    ''   .   .   .   .   .   .   .   .   .   .   .   .   .   .   .   .   .   .   .   .   .   .   .   .   .   .   .   . 393   .   .   .   .   .   .   .   .   .   .   .   .   .   .   .   .  |393
 29    WP   .   .   .   .   .   .   .   .   .   .   .   .   .   .   .   .   .   .   .   .   .   .   .   .   .   .   .   .   . 135   .   .   .   .   .   .   .   .   .   .   .   .   .   .   .  |135
 30     :   .   .   .   .   .   .   .   .   .   .   .   .   .   .   .   .   .   .   .   .   .   .   .   .   .   .   .   .   .   . 285   .   .   .   .   .   .   .   .   .   .   .   .   .   .  |285
 31   JJR   .   .   .   1   1   .   .   .   .   2   .   .   .   .   .   .   1   .   .   1   .   .   .   .   .   .   .   .   .   .   . 149   .   .   .   .   .   .   .   .   .   .   .   .   .  |155
 32   WRB   .   .   .   1   .   .   .   .   .   .   .   .   .   .   .   .   .   .   .   .   .   .   .   .   .   .   .   .   .   .   .   .  90   .   .   .   .   .   .   .   .   .   .   .   .  |91
 33     $   .   .   .   .   .   .   1   .   .   .   .   .   .   .   .   .   .   .   .   .   .   .   .   .   .   .   .   .   .   .   .   .   . 335   .   .   .   .   .   .   .   .   .   .   .  |336
 34  NNPS  17   .   .   6   .   .   .   .   4   .   .   .   .   .   .   .   .   .   .   .   .   .   .   .   .   .   .   .   .   .   .   .   .   .  67   .   .   .   .   .   .   .   .   .   .  |94
 35   WP$   .   .   .   .   .   .   .   .   .   .   .   .   .   .   .   .   .   .   .   .   .   .   .   .   .   .   .   .   .   .   .   .   .   .   .   6   .   .   .   .   .   .   .   .   .  |6
 36 -LRB-   .   .   .   .   .   .   .   .   .   .   .   .   .   .   .   .   .   .   .   .   .   .   .   .   .   .   .   .   .   .   .   .   .   .   .   .  52   .   .   .   .   .   .   .   .  |52
 37 -RRB-   .   .   .   .   .   .   .   .   .   .   .   .   .   .   .   .   .   .   .   .   .   .   .   .   .   .   .   .   .   .   .   .   .   .   .   .   .  55   .   .   .   .   .   .   .  |55
 38   PDT   .   .   .   .   2   .   .   2   .   .   .   .   .   .   .   .   .   .   .   .   .   .   .   .   .   .   .   .   .   .   .   .   .   .   .   .   .   .   5   .   .   .   .   .   .  |9
 39   RBS   .   .   .   .   .   .   .   .   .   .   .   .   .   .   .   .   .   .   .   .   .   .   .   .   .   .   .   .   .   .   .   .   .   .   .   .   .   .   .  19   .   .   .   .   .  |19
 40    FW   .   .   .   .   .   .   .   .   1   .   .   .   .   .   .   .   .   .   .   .   .   .   .   .   .   .   .   .   .   .   .   .   .   .   .   .   .   .   .   .   1   .   .   .   .  |2
 41    UH   .   .   .   .   .   .   .   .   .   .   .   .   .   .   .   .   .   .   .   .   .   .   .   .   .   .   .   .   .   .   .   .   .   .   .   .   .   .   .   .   .   1   .   .   .  |1
 42   SYM   .   .   .   .   .   .   .   .   .   .   .   .   .   1   .   .   .   .   .   .   .   .   .   .   .   .   .   .   .   .   .   .   .   .   .   .   .   .   .   .   .   .   .   .   .  |1
 43    LS   .   .   .   .   .   .   .   1   .   .   .   .   .   .   .   .   .   .   .   .   .   .   .   .   .   .   .   .   .   .   .   .   .   .   .   .   .   .   .   .   .   .   .   9   .  |10
 44     #   .   .   .   .   .   .   .   .   .   .   .   .   .   .   .   .   .   .   .   .   .   .   .   .   .   .   .   .   .   .   .   .   .   .   .   .   .   .   .   .   .   .   .   .   1  |1

Trial 0 Trainer MaxEntTrainer,numIterations=10,gaussianPriorVariance=1.0 training data accuracy= 0.9920992013089062

MaxEntTrainer,numIterations=10,gaussianPriorVariance=1.0
Summary. train accuracy mean = 0.9920992013089062 stddev = 0.0 stderr = 0.0
