Logging configuration class "edu.umass.cs.mallet.base.util.Logger.DefaultConfigurator" failed
java.lang.ClassNotFoundException: edu.umass.cs.mallet.base.util.Logger.DefaultConfigurator
Training vectors loaded from train.vectors
Testing vectors loaded from test.vectors
Splitting feature "israel" infogain=0.1783630791430595
child0=2350 child1=350
Splitting feature "lo" infogain=0.04358930304293873
child0=347 child1=3
Splitting feature "an" infogain=0.2516291673878229
child0=1 child1=2
Splitting feature "jack" infogain=0.03607394162443639
child0=331 child1=16
Splitting feature "has" infogain=0.2710382325345575
child0=11 child1=5
Splitting feature "are" infogain=0.1831497988820474
child0=2 child1=9
Splitting feature "about" infogain=0.10218717094933327
child0=1 child1=8
Splitting feature "repeated" infogain=0.034599574162548496
child0=323 child1=8
Splitting feature "can" infogain=0.8112781244591328
child0=2 child1=6
Splitting feature "amendment" infogain=0.031119792351704867
child0=318 child1=5
Splitting feature "me" infogain=0.41997309402197514
child0=3 child1=2
Splitting feature "any" infogain=0.2516291673878229
child0=1 child1=2
Splitting feature "vm" infogain=0.029462632797914348
child0=302 child1=16
Splitting feature "most" infogain=0.20443400292496483
child0=6 child1=10
Splitting feature "wish" infogain=0.17095059445466876
child0=8 child1=2
Splitting feature "temporary" infogain=0.02823499298630444
child0=298 child1=4
Splitting feature "editorials" infogain=0.0231696399923935
child0=297 child1=1
Splitting feature "ormer" infogain=0.0190554651605672
child0=295 child1=2
Splitting feature "hearts" infogain=0.02335569718461166
child0=292 child1=3
Splitting feature "about" infogain=0.2516291673878229
child0=2 child1=1
Splitting feature "turkish" infogain=0.15628750790170454
child0=2161 child1=189
Splitting feature "mar" infogain=0.09244880015864897
child0=174 child1=15
Splitting feature "again" infogain=0.17095059445466876
child0=12 child1=3
Splitting feature "liberal" infogain=0.03954876377313417
child0=173 child1=1
Splitting feature "acuner" infogain=0.05128985879995682
child0=172 child1=1
Splitting feature "gun" infogain=0.11688062473019811
child0=1815 child1=346
Splitting feature "homeland" infogain=0.07184469497938906
child0=343 child1=3
Splitting feature "hallam" infogain=0.05782998642558934
child0=325 child1=18
Splitting feature "lot" infogain=0.42574379330261575
child0=12 child1=6
Splitting feature "individual" infogain=0.3166890883150208
child0=4 child1=2
Splitting feature "rate" infogain=0.24715018363696709
child0=10 child1=2
Splitting feature "government" infogain=0.04692523308961641
child0=229 child1=96
Splitting feature "capital" infogain=0.11061052655489578
child0=91 child1=5
Splitting feature "misc" infogain=0.07767809958869332
child0=88 child1=3
Splitting feature "arms" infogain=0.11360156613370032
child0=60 child1=28
Splitting feature "constitution" infogain=0.1573072340219912
child0=49 child1=11
Splitting feature "then" infogain=0.8453509366224365
child0=3 child1=8
Splitting feature "save" infogain=0.11366148182781988
child0=45 child1=4
Splitting feature "an" infogain=0.31127812445913283
child0=2 child1=2
Splitting feature "trained" infogain=0.14079986239983278
child0=40 child1=5
Splitting feature "about" infogain=0.17095059445466876
child0=1 child1=4
Splitting feature "came" infogain=0.1650281328091226
child0=35 child1=5
Splitting feature "me" infogain=0.9709505944546688
child0=2 child1=3
Splitting feature "entirely" infogain=0.05488209984529069
child0=226 child1=3
Splitting feature "crack" infogain=0.0397722131544232
child0=224 child1=2
Splitting feature "thread" infogain=0.044314821221824535
child0=219 child1=5
Splitting feature "about" infogain=0.41997309402197514
child0=2 child1=3
Splitting feature "an" infogain=0.2516291673878229
child0=2 child1=1
Splitting feature "gen" infogain=0.03736981889567151
child0=216 child1=3
Splitting feature "about" infogain=0.2516291673878229
child0=2 child1=1
Splitting feature "he" infogain=0.03024302951735784
child0=145 child1=71
Splitting feature "from" infogain=0.093007487388749
child0=24 child1=47
Splitting feature "shown" infogain=0.24715018363696684
child0=22 child1=2
Splitting feature "response" infogain=0.31427482773226484
child0=19 child1=3
Splitting feature "again" infogain=0.2516291673878229
child0=1 child1=2
Splitting feature "fbi" infogain=0.07644879758289203
child0=1544 child1=271
Splitting feature "months" infogain=0.09358322280007614
child0=240 child1=31
Splitting feature "hand" infogain=0.3770434857823402
child0=27 child1=4
Splitting feature "must" infogain=0.23279843755724194
child0=23 child1=4
Splitting feature "article" infogain=1.0
child0=2 child1=2
Splitting feature "disclaimer" infogain=0.10101752240215489
child0=216 child1=24
Splitting feature "got" infogain=0.22230714724780343
child0=17 child1=7
Splitting feature "people" infogain=0.5216406363433186
child0=3 child1=4
Splitting feature "again" infogain=0.8112781244591328
child0=3 child1=1
Splitting feature "likely" infogain=0.2051099000738689
child0=15 child1=2
Splitting feature "arab" infogain=0.08613817052881279
child0=212 child1=4
Splitting feature "again" infogain=0.8112781244591328
child0=3 child1=1
Splitting feature "epic" infogain=0.05593960954577337
child0=207 child1=5
Splitting feature "jim" infogain=0.0636785608613365
child0=168 child1=39
Splitting feature "place" infogain=0.0727868608586344
child0=134 child1=34
Splitting feature "ny" infogain=0.1914332548141935
child0=33 child1=1
Splitting feature "death" infogain=0.17917624018867628
child0=28 child1=5
Splitting feature "another" infogain=0.21715061898103383
child0=19 child1=9
Splitting feature "most" infogain=0.45810589515712374
child0=6 child1=3
Splitting feature "next" infogain=0.9182958340544896
child0=2 child1=1
Splitting feature "were" infogain=0.29272427884960495
child0=4 child1=15
Splitting feature "latter" infogain=0.35335933502142136
child0=14 child1=1
Splitting feature "about" infogain=0.8112781244591328
child0=3 child1=1
Splitting feature "lance" infogain=0.08133798689241423
child0=130 child1=4
Splitting feature "statutes" infogain=0.0924220324273417
child0=126 child1=4
Splitting feature "buffalo" infogain=0.0554127916301978
child0=119 child1=7
Splitting feature "by" infogain=0.12808527889139454
child0=1 child1=6
Splitting feature "o" infogain=0.062448409189187704
child0=117 child1=2
Splitting feature "if" infogain=0.08455304843827044
child0=52 child1=65
Splitting feature "their" infogain=0.17413637456901804
child0=26 child1=26
Splitting feature "responsible" infogain=0.22227492910745839
child0=23 child1=3
Splitting feature "assume" infogain=0.2151524408123472
child0=21 child1=2
Splitting feature "larry" infogain=0.1951647201599787
child0=18 child1=3
Splitting feature "and" infogain=0.9182958340544896
child0=1 child1=2
Splitting feature "anybody" infogain=0.3095434291503252
child0=17 child1=1
Splitting feature "clayton" infogain=0.0790963196515242
child0=1436 child1=108
Splitting feature "israeli" infogain=0.07750123717283675
child0=1370 child1=66
Splitting feature "king" infogain=0.09426205367196241
child0=62 child1=4
Splitting feature "age" infogain=0.08685796213951934
child0=60 child1=2
Splitting feature "muslims" infogain=0.07848420997809735
child0=1317 child1=53
Splitting feature "dangerous" infogain=0.09730035374552384
child0=51 child1=2
Splitting feature "sw" infogain=0.06577273907999559
child0=1258 child1=59
Splitting feature "part" infogain=0.13129586665567827
child0=54 child1=5
Splitting feature "has" infogain=0.9709505944546688
child0=3 child1=2
Splitting feature "waco" infogain=0.057626484243739506
child0=1174 child1=84
Splitting feature "immediately" infogain=0.13239025528339599
child0=79 child1=5
Splitting feature "due" infogain=0.13022362265420973
child0=75 child1=4
Splitting feature "latter" infogain=0.11830738504445726
child0=72 child1=3
Splitting feature "on" infogain=0.10326130553086432
child0=26 child1=46
Splitting feature "economic" infogain=0.15109697051711368
child0=45 child1=1
Splitting feature "disclaimer" infogain=0.2506932010751488
child0=23 child1=3
Splitting feature "we" infogain=0.1874674880534477
child0=11 child1=12
Splitting feature "it" infogain=0.31668908831502096
child0=2 child1=10
Splitting feature "absurd" infogain=0.3219280948873623
child0=6 child1=4
Splitting feature "pay" infogain=0.057945826936858014
child0=1062 child1=112
Splitting feature "one" infogain=0.11550690711467576
child0=40 child1=72
Splitting feature "attacks" infogain=0.10559103637519526
child0=71 child1=1
Splitting feature "federal" infogain=0.34742601632129166
child0=33 child1=7
Splitting feature "about" infogain=0.5916727785823274
child0=6 child1=1
Splitting feature "period" infogain=0.3298460702071465
child0=31 child1=2
Splitting feature "in" infogain=0.20559250818508304
child0=1 child1=30
Splitting feature "jews" infogain=0.05326597643730535
child0=996 child1=66
Splitting feature "cult" infogain=0.3207737659867179
child0=57 child1=9
Splitting feature "any" infogain=0.31976006206417584
child0=4 child1=5
Splitting feature "themselves" infogain=0.15760027685516426
child0=48 child1=9
Splitting feature "any" infogain=0.5577277787393193
child0=6 child1=3
Splitting feature "choice" infogain=0.37744375108173434
child0=4 child1=2
Splitting feature "as" infogain=0.31127812445913283
child0=2 child1=2
Splitting feature "qk" infogain=0.13576328293039397
child0=45 child1=3
Splitting feature "a" infogain=0.2516291673878229
child0=1 child1=2
Splitting feature "status" infogain=0.10929773588431746
child0=43 child1=2
Splitting feature "beyer" infogain=0.04035691533216035
child0=978 child1=18
Splitting feature "arab" infogain=0.040374607186170364
child0=952 child1=26
Splitting feature "t" infogain=0.19555334819207626
child0=14 child1=12
Splitting feature "with" infogain=0.3435794213678427
child0=7 child1=5
Splitting feature "about" infogain=0.12808527889139454
child0=6 child1=1
Splitting feature "guns" infogain=0.0395569437577008
child0=888 child1=64
Splitting feature "above" infogain=0.30462329286192036
child0=55 child1=9
Splitting feature "warrant" infogain=0.27732090440253154
child0=50 child1=5
Splitting feature "watch" infogain=0.17738993912568418
child0=48 child1=2
Splitting feature "an" infogain=1.0
child0=1 child1=1
Splitting feature "after" infogain=0.1536877959439529
child0=38 child1=10
Splitting feature "crime" infogain=0.44643934467101554
child0=8 child1=2
Splitting feature "has" infogain=0.2935644431995964
child0=6 child1=2
Splitting feature "kaldis" infogain=0.031412906410325014
child0=859 child1=29
Splitting feature "arms" infogain=0.03121778562236699
child0=818 child1=41
Splitting feature "difference" infogain=0.470318566046672
child0=34 child1=7
Splitting feature "com" infogain=0.30595849286804166
child0=5 child1=2
Splitting feature "name" infogain=0.2203384615638032
child0=30 child1=4
Splitting feature "a" infogain=0.31127812445913294
child0=3 child1=1
Splitting feature "liberal" infogain=0.1441756336518655
child0=29 child1=1
Splitting feature "new" infogain=0.21639693245126468
child0=28 child1=1
Splitting feature "we" infogain=0.033634647919658534
child0=533 child1=285
Splitting feature "iran" infogain=0.04363364040248241
child0=277 child1=8
Splitting feature "use" infogain=0.31127812445913283
child0=4 child1=4
Splitting feature "using" infogain=0.046735396150360264
child0=242 child1=35
Splitting feature "in" infogain=0.13003339973035105
child0=1 child1=34
Splitting feature "report" infogain=0.19143325481419346
child0=33 child1=1
Splitting feature "turks" infogain=0.048821151541454055
child0=238 child1=4
Splitting feature "how" infogain=0.046317712680695844
child0=157 child1=81
Splitting feature "age" infogain=0.12890510863535642
child0=77 child1=4
Splitting feature "as" infogain=0.8112781244591328
child0=1 child1=3
Splitting feature "beans" infogain=0.13834616949872636
child0=74 child1=3
Splitting feature "article" infogain=0.12569345614478467
child0=26 child1=48
Splitting feature "killing" infogain=0.10442758345346967
child0=46 child1=2
Splitting feature "might" infogain=0.2464381179081908
child0=21 child1=5
Splitting feature "for" infogain=0.9709505944546688
child0=2 child1=3
Splitting feature "word" infogain=0.2225376262215475
child0=19 child1=2
Splitting feature "situations" infogain=0.34046668168467825
child0=17 child1=2
Splitting feature "willing" infogain=0.3227569588973983
child0=16 child1=1
Splitting feature "still" infogain=0.06907281886780603
child0=140 child1=17
Splitting feature "law" infogain=0.3227569588973983
child0=16 child1=1
Splitting feature "c" infogain=0.07673501812601602
child0=91 child1=49
Splitting feature "this" infogain=0.21671479121952353
child0=19 child1=30
Splitting feature "means" infogain=0.4461881574050116
child0=25 child1=5
Splitting feature "again" infogain=0.3219280948873622
child0=4 child1=1
Splitting feature "about" infogain=0.31127812445913294
child0=1 child1=3
Splitting feature "their" infogain=0.3051585985360452
child0=14 child1=5
Splitting feature "will" infogain=0.3948950998563652
child0=8 child1=6
Splitting feature "be" infogain=0.5487949406953987
child0=4 child1=4
Splitting feature "better" infogain=0.31127812445913283
child0=2 child1=2
Splitting feature "going" infogain=0.10108469988456315
child0=81 child1=10
Splitting feature "had" infogain=0.4689955935892812
child0=9 child1=1
Splitting feature "later" infogain=0.09351908750684768
child0=76 child1=5
Splitting feature "must" infogain=0.07794013578907388
child0=65 child1=11
Splitting feature "i" infogain=0.8453509366224367
child0=3 child1=8
Splitting feature "had" infogain=0.5435644431995964
child0=7 child1=1
Splitting feature "question" infogain=0.12668725006832626
child0=59 child1=6
Splitting feature "go" infogain=0.11774172770798863
child0=51 child1=8
Splitting feature "about" infogain=0.31127812445913283
child0=6 child1=2
Splitting feature "at" infogain=0.2516291673878229
child0=4 child1=2
Splitting feature "bush" infogain=0.14995482179334085
child0=48 child1=3
Splitting feature "knows" infogain=0.12401054325055183
child0=46 child1=2
Splitting feature "any" infogain=0.12752187165772444
child0=35 child1=11
Splitting feature "about" infogain=0.5503407095463881
child0=3 child1=8
Splitting feature "by" infogain=0.5487949406953985
child0=3 child1=5
Splitting feature "an" infogain=0.41997309402197514
child0=3 child1=2
Splitting feature "course" infogain=0.1871762568732085
child0=34 child1=1
Splitting feature "internet" infogain=0.16715678748009255
child0=30 child1=4
Splitting feature "many" infogain=0.11271663672563392
child0=28 child1=2
Splitting feature "their" infogain=0.14408665633378215
child0=21 child1=7
Splitting feature "up" infogain=0.32151417033800933
child0=17 child1=4
Splitting feature "from" infogain=0.1752287420479135
child0=11 child1=6
Splitting feature "what" infogain=0.14976144076759756
child0=6 child1=5
Splitting feature "are" infogain=0.17095059445466876
child0=1 child1=4
Splitting feature "an" infogain=0.3166890883150208
child0=4 child1=2
Splitting feature "weapons" infogain=0.056280075594391965
child0=504 child1=29
Splitting feature "d" infogain=0.27492592707267716
child0=25 child1=4
Splitting feature "c" infogain=1.0
child0=2 child1=2
Splitting feature "an" infogain=1.0
child0=1 child1=1
Splitting feature "next" infogain=0.2422921890824148
child0=24 child1=1
Splitting feature "fact" infogain=0.04774710623335032
child0=464 child1=40
Splitting feature "dan" infogain=0.29658066978328723
child0=36 child1=4
Splitting feature "a" infogain=0.15770869916495509
child0=3 child1=33
Splitting feature "every" infogain=0.19590927087360493
child0=32 child1=1
Splitting feature "an" infogain=0.9182958340544896
child0=2 child1=1
Splitting feature "compound" infogain=0.04305586852398302
child0=448 child1=16
Splitting feature "children" infogain=0.5435644431995964
child0=14 child1=2
Splitting feature "racism" infogain=0.03636314106484484
child0=439 child1=9
Splitting feature "alfalfa" infogain=0.03868610959635155
child0=430 child1=9
Splitting feature "uic" infogain=0.03562438813595947
child0=422 child1=8
Splitting feature "mr" infogain=0.03338605682074869
child0=394 child1=28
Splitting feature "again" infogain=0.40282718781138405
child0=22 child1=6
Splitting feature "cso" infogain=0.2919918733834891
child0=20 child1=2
Splitting feature "about" infogain=1.0
child0=1 child1=1
Splitting feature "state" infogain=0.19775251454543857
child0=17 child1=3
Splitting feature "an" infogain=0.9182958340544896
child0=2 child1=1
Splitting feature "where" infogain=0.3227569588973983
child0=16 child1=1
Splitting feature "their" infogain=0.034520362630253265
child0=320 child1=74
Splitting feature "from" infogain=0.13634747250269763
child0=41 child1=33
Splitting feature "was" infogain=0.23435901562279782
child0=19 child1=14
Splitting feature "better" infogain=0.3712323266408757
child0=13 child1=1
Splitting feature "s" infogain=0.43675789121774233
child0=6 child1=13
Splitting feature "any" infogain=0.3599841823548944
child0=6 child1=7
Splitting feature "means" infogain=0.46956521111470706
child0=5 child1=2
Splitting feature "and" infogain=0.3219280948873622
child0=1 child1=4
Splitting feature "about" infogain=0.31127812445913294
child0=1 child1=3
Splitting feature "i" infogain=0.6500224216483541
child0=1 child1=5
Splitting feature "be" infogain=0.1138101028127455
child0=22 child1=19
Splitting feature "did" infogain=0.4854607607459134
child0=17 child1=2
Splitting feature "what" infogain=0.19800662206851982
child0=14 child1=8
Splitting feature "easier" infogain=0.5435644431995964
child0=7 child1=1
Splitting feature "with" infogain=0.22600024438491662
child0=4 child1=10
Splitting feature "or" infogain=0.2364527976600279
child0=2 child1=8
Splitting feature "for" infogain=0.20443400292496505
child0=2 child1=6
Splitting feature "clinton" infogain=0.04512331179559892
child0=291 child1=29
Splitting feature "free" infogain=0.5387264790523526
child0=24 child1=5
Splitting feature "an" infogain=0.7219280948873623
child0=4 child1=1
Splitting feature "crime" infogain=0.24988229283318547
child0=23 child1=1
Splitting feature "michael" infogain=0.04211826639166705
child0=282 child1=9
Splitting feature "considered" infogain=0.0368528276613489
child0=276 child1=6
Splitting feature "policy" infogain=0.036600800020474944
child0=270 child1=6
Splitting feature "fourd" infogain=0.03904959383748996
child0=264 child1=6
Splitting feature "problem" infogain=0.0409258226358038
child0=252 child1=12
Splitting feature "so" infogain=0.5408520829727552
child0=4 child1=8
Splitting feature "about" infogain=0.31127812445913283
child0=2 child1=2
Splitting feature "years" infogain=0.036345644341635897
child0=232 child1=20
Splitting feature "you" infogain=0.33457428291836666
child0=6 child1=14
Splitting feature "edu" infogain=0.3948950998563654
child0=5 child1=9
Splitting feature "seen" infogain=0.4581058951571238
child0=7 child1=2
Splitting feature "and" infogain=0.30595849286804166
child0=2 child1=5
Splitting feature "any" infogain=0.6500224216483541
child0=5 child1=1
Splitting feature "was" infogain=0.04516938992969255
child0=162 child1=70
Splitting feature "email" infogain=0.13717550595461447
child0=67 child1=3
Splitting feature "making" infogain=0.09395650478794404
child0=63 child1=4
Splitting feature "a" infogain=0.31127812445913283
child0=1 child1=3
Splitting feature "as" infogain=0.2516291673878229
child0=2 child1=1
Splitting feature "themselves" infogain=0.0977998894327452
child0=59 child1=4
Splitting feature "paid" infogain=0.1000052189388334
child0=55 child1=4
Splitting feature "a" infogain=0.31127812445913283
child0=2 child1=2
Splitting feature "if" infogain=0.13840829952710787
child0=30 child1=25
Splitting feature "you" infogain=0.19558676452483714
child0=11 child1=14
Splitting feature "usa" infogain=0.3712323266408757
child0=13 child1=1
Splitting feature "by" infogain=0.4931415747199621
child0=6 child1=5
Splitting feature "m" infogain=0.41997309402197514
child0=3 child1=2
Splitting feature "are" infogain=0.2516291673878229
child0=2 child1=1
Splitting feature "and" infogain=0.4591479170272448
child0=3 child1=3
Splitting feature "about" infogain=0.2516291673878229
child0=1 child1=2
Splitting feature "his" infogain=0.19114991182341023
child0=24 child1=6
Splitting feature "my" infogain=0.1775073451694612
child0=16 child1=8
Splitting feature "at" infogain=0.5435644431995964
child0=7 child1=1
Splitting feature "anyone" infogain=0.1454054481059629
child0=13 child1=3
Splitting feature "of" infogain=0.15462496545057802
child0=2 child1=11
Splitting feature "is" infogain=0.1831497988820474
child0=2 child1=9
Splitting feature "at" infogain=0.10218717094933327
child0=8 child1=1
Splitting feature "that" infogain=0.08727107697385439
child0=80 child1=82
Splitting feature "may" infogain=0.12833177235800286
child0=68 child1=14
Splitting feature "many" infogain=0.46956521111470695
child0=10 child1=4
Splitting feature "did" infogain=0.46711995422306357
child0=7 child1=3
Splitting feature "about" infogain=0.2516291673878229
child0=2 child1=1
Splitting feature "wouldn" infogain=0.30595849286804166
child0=5 child1=2
Splitting feature "if" infogain=0.1391725643289402
child0=44 child1=24
Splitting feature "all" infogain=0.34758988139079716
child0=15 child1=9
Splitting feature "but" infogain=0.4613123025696001
child0=10 child1=5
Splitting feature "an" infogain=0.7219280948873623
child0=4 child1=1
Splitting feature "and" infogain=0.6058021490143459
child0=3 child1=7
Splitting feature "in" infogain=0.5916727785823274
child0=1 child1=6
Splitting feature "article" infogain=0.9182958340544896
child0=1 child1=2
Splitting feature "many" infogain=0.13285542741044143
child0=39 child1=5
Splitting feature "far" infogain=0.107017306917089
child0=34 child1=5
Splitting feature "com" infogain=0.1993007388369633
child0=25 child1=9
Splitting feature "european" infogain=0.5032583347756459
child0=8 child1=1
Splitting feature "t" infogain=0.1946915549390224
child0=18 child1=7
Splitting feature "they" infogain=0.2916919971380596
child0=3 child1=4
Splitting feature "like" infogain=0.3502090290998973
child0=16 child1=2
Splitting feature "already" infogain=0.3372900666170139
child0=15 child1=1
Splitting feature "truth" infogain=0.08445491082059653
child0=77 child1=3
Splitting feature "yet" infogain=0.08072306215388259
child0=72 child1=5
Splitting feature "k" infogain=0.07269764189324612
child0=68 child1=4
Splitting feature "an" infogain=0.8112781244591328
child0=3 child1=1
Splitting feature "some" infogain=0.08453385650788858
child0=63 child1=5
Splitting feature "i" infogain=0.9709505944546688
child0=2 child1=3
Splitting feature "it" infogain=0.11953274212919585
child0=47 child1=16
Splitting feature "s" infogain=0.5856755948068322
child0=12 child1=4
Splitting feature "had" infogain=0.24715018363696709
child0=10 child1=2
Splitting feature "want" infogain=0.1075414071369365
child0=45 child1=2
Splitting feature "the" infogain=0.14530009170657887
child0=26 child1=19
Splitting feature "article" infogain=0.4296074394097441
child0=14 child1=5
Splitting feature "a" infogain=0.25698118924235414
child0=7 child1=7
Splitting feature "would" infogain=0.2916919971380596
child0=5 child1=2
Splitting feature "and" infogain=0.41997309402197514
child0=3 child1=2
Splitting feature "by" infogain=0.9182958340544896
child0=2 child1=1
Splitting feature "again" infogain=0.17932914038591186
child0=24 child1=2
Splitting feature "m" infogain=0.1620733511383663
child0=22 child1=2
Splitting feature "edu" infogain=0.15783883005479682
child0=18 child1=4
Splitting feature "is" infogain=0.2722737858267683
child0=14 child1=4
Splitting feature "an" infogain=0.31127812445913283
child0=3 child1=1
Splitting feature "a" infogain=0.2516291673878229
child0=2 child1=1
Splitting feature "a" infogain=0.30316563448891665
child0=9 child1=5
Splitting feature "c" infogain=0.2810361125534233
child0=8 child1=1
Splitting feature "of" infogain=0.5435644431995963
child0=7 child1=1
Splitting feature "i" infogain=0.2916919971380596
child0=5 child1=2
Splitting feature "are" infogain=0.3219280948873625
child0=4 child1=1
Splitting feature "com" infogain=0.8112781244591328
child0=3 child1=1
