
-------------------- Trial 0  --------------------

Trial 0 Training edu.umass.cs.mallet.base.classify.DecisionTreeTrainer with 2700 instances
DecisionTree learned:
!israel&!turkish&!gun&!fbi&!clayton&!israeli&!muslims&!sw&!waco&!pay&!jews&!beyer&!arab&!guns&!kaldis&!arms&!we&!weapons&!fact&!compound: talk.politics.misc
!israel&!turkish&!gun&!fbi&!clayton&!israeli&!muslims&!sw&!waco&!pay&!jews&!beyer&!arab&!guns&!kaldis&!arms&!we&!weapons&!fact&compound: talk.politics.guns
!israel&!turkish&!gun&!fbi&!clayton&!israeli&!muslims&!sw&!waco&!pay&!jews&!beyer&!arab&!guns&!kaldis&!arms&!we&!weapons&fact&!dan: talk.politics.misc
!israel&!turkish&!gun&!fbi&!clayton&!israeli&!muslims&!sw&!waco&!pay&!jews&!beyer&!arab&!guns&!kaldis&!arms&!we&!weapons&fact&dan: talk.politics.guns
!israel&!turkish&!gun&!fbi&!clayton&!israeli&!muslims&!sw&!waco&!pay&!jews&!beyer&!arab&!guns&!kaldis&!arms&!we&weapons&!d&!next: talk.politics.guns
!israel&!turkish&!gun&!fbi&!clayton&!israeli&!muslims&!sw&!waco&!pay&!jews&!beyer&!arab&!guns&!kaldis&!arms&!we&weapons&!d&next: talk.politics.misc
!israel&!turkish&!gun&!fbi&!clayton&!israeli&!muslims&!sw&!waco&!pay&!jews&!beyer&!arab&!guns&!kaldis&!arms&!we&weapons&d&!c: talk.politics.guns
!israel&!turkish&!gun&!fbi&!clayton&!israeli&!muslims&!sw&!waco&!pay&!jews&!beyer&!arab&!guns&!kaldis&!arms&!we&weapons&d&c: talk.politics.misc
!israel&!turkish&!gun&!fbi&!clayton&!israeli&!muslims&!sw&!waco&!pay&!jews&!beyer&!arab&!guns&!kaldis&!arms&we&!iran&!using&!turks: talk.politics.misc
!israel&!turkish&!gun&!fbi&!clayton&!israeli&!muslims&!sw&!waco&!pay&!jews&!beyer&!arab&!guns&!kaldis&!arms&we&!iran&!using&turks: talk.politics.mideast
!israel&!turkish&!gun&!fbi&!clayton&!israeli&!muslims&!sw&!waco&!pay&!jews&!beyer&!arab&!guns&!kaldis&!arms&we&!iran&using&!in: talk.politics.guns
!israel&!turkish&!gun&!fbi&!clayton&!israeli&!muslims&!sw&!waco&!pay&!jews&!beyer&!arab&!guns&!kaldis&!arms&we&!iran&using&in: talk.politics.misc
!israel&!turkish&!gun&!fbi&!clayton&!israeli&!muslims&!sw&!waco&!pay&!jews&!beyer&!arab&!guns&!kaldis&!arms&we&iran&!use: talk.politics.mideast
!israel&!turkish&!gun&!fbi&!clayton&!israeli&!muslims&!sw&!waco&!pay&!jews&!beyer&!arab&!guns&!kaldis&!arms&we&iran&use: talk.politics.mideast
!israel&!turkish&!gun&!fbi&!clayton&!israeli&!muslims&!sw&!waco&!pay&!jews&!beyer&!arab&!guns&!kaldis&arms&!difference&!name&!liberal&!new: talk.politics.guns
!israel&!turkish&!gun&!fbi&!clayton&!israeli&!muslims&!sw&!waco&!pay&!jews&!beyer&!arab&!guns&!kaldis&arms&!difference&!name&!liberal&new: talk.politics.misc
!israel&!turkish&!gun&!fbi&!clayton&!israeli&!muslims&!sw&!waco&!pay&!jews&!beyer&!arab&!guns&!kaldis&arms&!difference&!name&liberal: talk.politics.misc
!israel&!turkish&!gun&!fbi&!clayton&!israeli&!muslims&!sw&!waco&!pay&!jews&!beyer&!arab&!guns&!kaldis&arms&!difference&name&!a: talk.politics.guns
!israel&!turkish&!gun&!fbi&!clayton&!israeli&!muslims&!sw&!waco&!pay&!jews&!beyer&!arab&!guns&!kaldis&arms&!difference&name&a: talk.politics.misc
!israel&!turkish&!gun&!fbi&!clayton&!israeli&!muslims&!sw&!waco&!pay&!jews&!beyer&!arab&!guns&!kaldis&arms&difference&!com: talk.politics.mideast
!israel&!turkish&!gun&!fbi&!clayton&!israeli&!muslims&!sw&!waco&!pay&!jews&!beyer&!arab&!guns&!kaldis&arms&difference&com: talk.politics.mideast
!israel&!turkish&!gun&!fbi&!clayton&!israeli&!muslims&!sw&!waco&!pay&!jews&!beyer&!arab&!guns&kaldis: talk.politics.misc
!israel&!turkish&!gun&!fbi&!clayton&!israeli&!muslims&!sw&!waco&!pay&!jews&!beyer&!arab&guns&!above&!warrant&!watch&!after: talk.politics.guns
!israel&!turkish&!gun&!fbi&!clayton&!israeli&!muslims&!sw&!waco&!pay&!jews&!beyer&!arab&guns&!above&!warrant&!watch&after&!crime&!has: talk.politics.guns
!israel&!turkish&!gun&!fbi&!clayton&!israeli&!muslims&!sw&!waco&!pay&!jews&!beyer&!arab&guns&!above&!warrant&!watch&after&!crime&has: talk.politics.guns
!israel&!turkish&!gun&!fbi&!clayton&!israeli&!muslims&!sw&!waco&!pay&!jews&!beyer&!arab&guns&!above&!warrant&!watch&after&crime: talk.politics.misc
!israel&!turkish&!gun&!fbi&!clayton&!israeli&!muslims&!sw&!waco&!pay&!jews&!beyer&!arab&guns&!above&!warrant&watch&!an: talk.politics.mideast
!israel&!turkish&!gun&!fbi&!clayton&!israeli&!muslims&!sw&!waco&!pay&!jews&!beyer&!arab&guns&!above&!warrant&watch&an: talk.politics.misc
!israel&!turkish&!gun&!fbi&!clayton&!israeli&!muslims&!sw&!waco&!pay&!jews&!beyer&!arab&guns&!above&warrant: talk.politics.misc
!israel&!turkish&!gun&!fbi&!clayton&!israeli&!muslims&!sw&!waco&!pay&!jews&!beyer&!arab&guns&above: talk.politics.misc
!israel&!turkish&!gun&!fbi&!clayton&!israeli&!muslims&!sw&!waco&!pay&!jews&!beyer&arab&!t: talk.politics.mideast
!israel&!turkish&!gun&!fbi&!clayton&!israeli&!muslims&!sw&!waco&!pay&!jews&!beyer&arab&t&!with&!about: talk.politics.mideast
!israel&!turkish&!gun&!fbi&!clayton&!israeli&!muslims&!sw&!waco&!pay&!jews&!beyer&arab&t&!with&about: talk.politics.misc
!israel&!turkish&!gun&!fbi&!clayton&!israeli&!muslims&!sw&!waco&!pay&!jews&!beyer&arab&t&with: talk.politics.mideast
!israel&!turkish&!gun&!fbi&!clayton&!israeli&!muslims&!sw&!waco&!pay&!jews&beyer: talk.politics.mideast
!israel&!turkish&!gun&!fbi&!clayton&!israeli&!muslims&!sw&!waco&!pay&jews&!cult&!themselves&!qk&!status: talk.politics.mideast
!israel&!turkish&!gun&!fbi&!clayton&!israeli&!muslims&!sw&!waco&!pay&jews&!cult&!themselves&!qk&status: talk.politics.mideast
!israel&!turkish&!gun&!fbi&!clayton&!israeli&!muslims&!sw&!waco&!pay&jews&!cult&!themselves&qk&!a: talk.politics.misc
!israel&!turkish&!gun&!fbi&!clayton&!israeli&!muslims&!sw&!waco&!pay&jews&!cult&!themselves&qk&a: talk.politics.mideast
!israel&!turkish&!gun&!fbi&!clayton&!israeli&!muslims&!sw&!waco&!pay&jews&!cult&themselves&!any&!choice&!as: talk.politics.mideast
!israel&!turkish&!gun&!fbi&!clayton&!israeli&!muslims&!sw&!waco&!pay&jews&!cult&themselves&!any&!choice&as: talk.politics.misc
!israel&!turkish&!gun&!fbi&!clayton&!israeli&!muslims&!sw&!waco&!pay&jews&!cult&themselves&!any&choice: talk.politics.guns
!israel&!turkish&!gun&!fbi&!clayton&!israeli&!muslims&!sw&!waco&!pay&jews&!cult&themselves&any: talk.politics.mideast
!israel&!turkish&!gun&!fbi&!clayton&!israeli&!muslims&!sw&!waco&!pay&jews&cult&!any: talk.politics.guns
!israel&!turkish&!gun&!fbi&!clayton&!israeli&!muslims&!sw&!waco&!pay&jews&cult&any: talk.politics.misc
!israel&!turkish&!gun&!fbi&!clayton&!israeli&!muslims&!sw&!waco&pay&!one&!federal&!period&!in: talk.politics.mideast
!israel&!turkish&!gun&!fbi&!clayton&!israeli&!muslims&!sw&!waco&pay&!one&!federal&!period&in: talk.politics.misc
!israel&!turkish&!gun&!fbi&!clayton&!israeli&!muslims&!sw&!waco&pay&!one&!federal&period: talk.politics.guns
!israel&!turkish&!gun&!fbi&!clayton&!israeli&!muslims&!sw&!waco&pay&!one&federal&!about: talk.politics.guns
!israel&!turkish&!gun&!fbi&!clayton&!israeli&!muslims&!sw&!waco&pay&!one&federal&about: talk.politics.misc
!israel&!turkish&!gun&!fbi&!clayton&!israeli&!muslims&!sw&!waco&pay&one&!attacks: talk.politics.misc
!israel&!turkish&!gun&!fbi&!clayton&!israeli&!muslims&!sw&!waco&pay&one&attacks: talk.politics.mideast
!israel&!turkish&!gun&!fbi&!clayton&!israeli&!muslims&!sw&waco&!immediately&!due&!latter&!on&!disclaimer&!we: talk.politics.guns
!israel&!turkish&!gun&!fbi&!clayton&!israeli&!muslims&!sw&waco&!immediately&!due&!latter&!on&!disclaimer&we&!it: talk.politics.misc
!israel&!turkish&!gun&!fbi&!clayton&!israeli&!muslims&!sw&waco&!immediately&!due&!latter&!on&!disclaimer&we&it&!absurd: talk.politics.guns
!israel&!turkish&!gun&!fbi&!clayton&!israeli&!muslims&!sw&waco&!immediately&!due&!latter&!on&!disclaimer&we&it&absurd: talk.politics.guns
!israel&!turkish&!gun&!fbi&!clayton&!israeli&!muslims&!sw&waco&!immediately&!due&!latter&!on&disclaimer: talk.politics.misc
!israel&!turkish&!gun&!fbi&!clayton&!israeli&!muslims&!sw&waco&!immediately&!due&!latter&on&!economic: talk.politics.guns
!israel&!turkish&!gun&!fbi&!clayton&!israeli&!muslims&!sw&waco&!immediately&!due&!latter&on&economic: talk.politics.misc
!israel&!turkish&!gun&!fbi&!clayton&!israeli&!muslims&!sw&waco&!immediately&!due&latter: talk.politics.misc
!israel&!turkish&!gun&!fbi&!clayton&!israeli&!muslims&!sw&waco&!immediately&due: talk.politics.misc
!israel&!turkish&!gun&!fbi&!clayton&!israeli&!muslims&!sw&waco&immediately: talk.politics.misc
!israel&!turkish&!gun&!fbi&!clayton&!israeli&!muslims&sw&!part: talk.politics.guns
!israel&!turkish&!gun&!fbi&!clayton&!israeli&!muslims&sw&part&!has: talk.politics.guns
!israel&!turkish&!gun&!fbi&!clayton&!israeli&!muslims&sw&part&has: talk.politics.misc
!israel&!turkish&!gun&!fbi&!clayton&!israeli&muslims&!dangerous: talk.politics.mideast
!israel&!turkish&!gun&!fbi&!clayton&!israeli&muslims&dangerous: talk.politics.mideast
!israel&!turkish&!gun&!fbi&!clayton&israeli&!king&!age: talk.politics.mideast
!israel&!turkish&!gun&!fbi&!clayton&israeli&!king&age: talk.politics.mideast
!israel&!turkish&!gun&!fbi&!clayton&israeli&king: talk.politics.mideast
!israel&!turkish&!gun&!fbi&clayton: talk.politics.misc
!israel&!turkish&!gun&fbi&!months&!disclaimer&!arab&!epic&!jim&!place&!lance&!statutes&!buffalo&!o&!if&!their&!responsible&!assume&!larry&!anybody: talk.politics.guns
!israel&!turkish&!gun&fbi&!months&!disclaimer&!arab&!epic&!jim&!place&!lance&!statutes&!buffalo&!o&!if&!their&!responsible&!assume&!larry&anybody: talk.politics.misc
!israel&!turkish&!gun&fbi&!months&!disclaimer&!arab&!epic&!jim&!place&!lance&!statutes&!buffalo&!o&!if&!their&!responsible&!assume&larry&!and: talk.politics.guns
!israel&!turkish&!gun&fbi&!months&!disclaimer&!arab&!epic&!jim&!place&!lance&!statutes&!buffalo&!o&!if&!their&!responsible&!assume&larry&and: talk.politics.misc
!israel&!turkish&!gun&fbi&!months&!disclaimer&!arab&!epic&!jim&!place&!lance&!statutes&!buffalo&!o&!if&!their&!responsible&assume: talk.politics.misc
!israel&!turkish&!gun&fbi&!months&!disclaimer&!arab&!epic&!jim&!place&!lance&!statutes&!buffalo&!o&!if&!their&responsible: talk.politics.misc
!israel&!turkish&!gun&fbi&!months&!disclaimer&!arab&!epic&!jim&!place&!lance&!statutes&!buffalo&!o&!if&their: talk.politics.guns
!israel&!turkish&!gun&fbi&!months&!disclaimer&!arab&!epic&!jim&!place&!lance&!statutes&!buffalo&!o&if: talk.politics.guns
!israel&!turkish&!gun&fbi&!months&!disclaimer&!arab&!epic&!jim&!place&!lance&!statutes&!buffalo&o: talk.politics.misc
!israel&!turkish&!gun&fbi&!months&!disclaimer&!arab&!epic&!jim&!place&!lance&!statutes&buffalo&!by: talk.politics.misc
!israel&!turkish&!gun&fbi&!months&!disclaimer&!arab&!epic&!jim&!place&!lance&!statutes&buffalo&by: talk.politics.guns
!israel&!turkish&!gun&fbi&!months&!disclaimer&!arab&!epic&!jim&!place&!lance&statutes: talk.politics.misc
!israel&!turkish&!gun&fbi&!months&!disclaimer&!arab&!epic&!jim&!place&lance: talk.politics.misc
!israel&!turkish&!gun&fbi&!months&!disclaimer&!arab&!epic&!jim&place&!ny&!death&!another&!were&!about: talk.politics.misc
!israel&!turkish&!gun&fbi&!months&!disclaimer&!arab&!epic&!jim&place&!ny&!death&!another&!were&about: talk.politics.guns
!israel&!turkish&!gun&fbi&!months&!disclaimer&!arab&!epic&!jim&place&!ny&!death&!another&were&!latter: talk.politics.guns
!israel&!turkish&!gun&fbi&!months&!disclaimer&!arab&!epic&!jim&place&!ny&!death&!another&were&latter: talk.politics.misc
!israel&!turkish&!gun&fbi&!months&!disclaimer&!arab&!epic&!jim&place&!ny&!death&another&!most: talk.politics.misc
!israel&!turkish&!gun&fbi&!months&!disclaimer&!arab&!epic&!jim&place&!ny&!death&another&most&!next: talk.politics.guns
!israel&!turkish&!gun&fbi&!months&!disclaimer&!arab&!epic&!jim&place&!ny&!death&another&most&next: talk.politics.misc
!israel&!turkish&!gun&fbi&!months&!disclaimer&!arab&!epic&!jim&place&!ny&death: talk.politics.misc
!israel&!turkish&!gun&fbi&!months&!disclaimer&!arab&!epic&!jim&place&ny: talk.politics.mideast
!israel&!turkish&!gun&fbi&!months&!disclaimer&!arab&!epic&jim: talk.politics.guns
!israel&!turkish&!gun&fbi&!months&!disclaimer&!arab&epic: talk.politics.misc
!israel&!turkish&!gun&fbi&!months&!disclaimer&arab&!again: talk.politics.mideast
!israel&!turkish&!gun&fbi&!months&!disclaimer&arab&again: talk.politics.misc
!israel&!turkish&!gun&fbi&!months&disclaimer&!got&!likely: talk.politics.misc
!israel&!turkish&!gun&fbi&!months&disclaimer&!got&likely: talk.politics.guns
!israel&!turkish&!gun&fbi&!months&disclaimer&got&!people: talk.politics.guns
!israel&!turkish&!gun&fbi&!months&disclaimer&got&people&!again: talk.politics.misc
!israel&!turkish&!gun&fbi&!months&disclaimer&got&people&again: talk.politics.guns
!israel&!turkish&!gun&fbi&months&!hand&!must: talk.politics.misc
!israel&!turkish&!gun&fbi&months&!hand&must&!article: talk.politics.guns
!israel&!turkish&!gun&fbi&months&!hand&must&article: talk.politics.misc
!israel&!turkish&!gun&fbi&months&hand: talk.politics.guns
!israel&!turkish&gun&!homeland&!hallam&!government&!entirely&!crack&!thread&!gen&!he: talk.politics.guns
!israel&!turkish&gun&!homeland&!hallam&!government&!entirely&!crack&!thread&!gen&he&!from&!shown&!response: talk.politics.guns
!israel&!turkish&gun&!homeland&!hallam&!government&!entirely&!crack&!thread&!gen&he&!from&!shown&response&!again: talk.politics.misc
!israel&!turkish&gun&!homeland&!hallam&!government&!entirely&!crack&!thread&!gen&he&!from&!shown&response&again: talk.politics.guns
!israel&!turkish&gun&!homeland&!hallam&!government&!entirely&!crack&!thread&!gen&he&!from&shown: talk.politics.misc
!israel&!turkish&gun&!homeland&!hallam&!government&!entirely&!crack&!thread&!gen&he&from: talk.politics.guns
!israel&!turkish&gun&!homeland&!hallam&!government&!entirely&!crack&!thread&gen&!about: talk.politics.guns
!israel&!turkish&gun&!homeland&!hallam&!government&!entirely&!crack&!thread&gen&about: talk.politics.misc
!israel&!turkish&gun&!homeland&!hallam&!government&!entirely&!crack&thread&!about: talk.politics.misc
!israel&!turkish&gun&!homeland&!hallam&!government&!entirely&!crack&thread&about&!an: talk.politics.guns
!israel&!turkish&gun&!homeland&!hallam&!government&!entirely&!crack&thread&about&an: talk.politics.guns
!israel&!turkish&gun&!homeland&!hallam&!government&!entirely&crack: talk.politics.misc
!israel&!turkish&gun&!homeland&!hallam&!government&entirely: talk.politics.misc
!israel&!turkish&gun&!homeland&!hallam&government&!capital&!misc&!arms&!constitution&!save&!trained&!came: talk.politics.guns
!israel&!turkish&gun&!homeland&!hallam&government&!capital&!misc&!arms&!constitution&!save&!trained&came&!me: talk.politics.misc
!israel&!turkish&gun&!homeland&!hallam&government&!capital&!misc&!arms&!constitution&!save&!trained&came&me: talk.politics.guns
!israel&!turkish&gun&!homeland&!hallam&government&!capital&!misc&!arms&!constitution&!save&trained&!about: talk.politics.misc
!israel&!turkish&gun&!homeland&!hallam&government&!capital&!misc&!arms&!constitution&!save&trained&about: talk.politics.guns
!israel&!turkish&gun&!homeland&!hallam&government&!capital&!misc&!arms&!constitution&save&!an: talk.politics.guns
!israel&!turkish&gun&!homeland&!hallam&government&!capital&!misc&!arms&!constitution&save&an: talk.politics.misc
!israel&!turkish&gun&!homeland&!hallam&government&!capital&!misc&!arms&constitution&!then: talk.politics.guns
!israel&!turkish&gun&!homeland&!hallam&government&!capital&!misc&!arms&constitution&then: talk.politics.misc
!israel&!turkish&gun&!homeland&!hallam&government&!capital&!misc&arms: talk.politics.guns
!israel&!turkish&gun&!homeland&!hallam&government&!capital&misc: talk.politics.misc
!israel&!turkish&gun&!homeland&!hallam&government&capital: talk.politics.misc
!israel&!turkish&gun&!homeland&hallam&!lot&!rate: talk.politics.misc
!israel&!turkish&gun&!homeland&hallam&!lot&rate: talk.politics.guns
!israel&!turkish&gun&!homeland&hallam&lot&!individual: talk.politics.guns
!israel&!turkish&gun&!homeland&hallam&lot&individual: talk.politics.guns
!israel&!turkish&gun&homeland: talk.politics.mideast
!israel&turkish&!mar&!liberal&!acuner: talk.politics.mideast
!israel&turkish&!mar&!liberal&acuner: talk.politics.misc
!israel&turkish&!mar&liberal: talk.politics.misc
!israel&turkish&mar&!again: talk.politics.mideast
!israel&turkish&mar&again: talk.politics.mideast
israel&!lo&!jack&!repeated&!amendment&!vm&!temporary&!editorials&!ormer&!hearts: talk.politics.mideast
israel&!lo&!jack&!repeated&!amendment&!vm&!temporary&!editorials&!ormer&hearts&!about: talk.politics.mideast
israel&!lo&!jack&!repeated&!amendment&!vm&!temporary&!editorials&!ormer&hearts&about: talk.politics.mideast
israel&!lo&!jack&!repeated&!amendment&!vm&!temporary&!editorials&ormer: talk.politics.mideast
israel&!lo&!jack&!repeated&!amendment&!vm&!temporary&editorials: talk.politics.misc
israel&!lo&!jack&!repeated&!amendment&!vm&temporary: talk.politics.mideast
israel&!lo&!jack&!repeated&!amendment&vm&!most: talk.politics.mideast
israel&!lo&!jack&!repeated&!amendment&vm&most&!wish: talk.politics.mideast
israel&!lo&!jack&!repeated&!amendment&vm&most&wish: talk.politics.mideast
israel&!lo&!jack&!repeated&amendment&!me&!any: talk.politics.mideast
israel&!lo&!jack&!repeated&amendment&!me&any: talk.politics.mideast
israel&!lo&!jack&!repeated&amendment&me: talk.politics.misc
israel&!lo&!jack&repeated&!can: talk.politics.guns
israel&!lo&!jack&repeated&can: talk.politics.mideast
israel&!lo&jack&!has&!are: talk.politics.misc
israel&!lo&jack&!has&are&!about: talk.politics.mideast
israel&!lo&jack&!has&are&about: talk.politics.mideast
israel&!lo&jack&has: talk.politics.mideast
israel&lo&!an: talk.politics.guns
israel&lo&an: talk.politics.guns
Trial 0 Training edu.umass.cs.mallet.base.classify.DecisionTreeTrainer finished
Trial 0 Trainer edu.umass.cs.mallet.base.classify.DecisionTreeTrainer training data accuracy= 0.8555555555555555
Trial 0 Trainer edu.umass.cs.mallet.base.classify.DecisionTreeTrainer Test Data Confusion Matrix
Confusion Matrix, row=true, column=predicted  accuracy=0.6833333333333333
                    label   0   1   2  |total
  0    talk.politics.guns  55   .  45  |100
  1 talk.politics.mideast   2  81  17  |100
  2    talk.politics.misc  27   4  69  |100

Trial 0 Trainer edu.umass.cs.mallet.base.classify.DecisionTreeTrainer test data accuracy= 0.6833333333333333

edu.umass.cs.mallet.base.classify.DecisionTreeTrainer
Summary. train accuracy mean = 0.8555555555555555 stddev = 0.0 stderr = 0.0
Summary. test accuracy mean = 0.6833333333333333 stddev = 0.0 stderr = 0.0
