
-------------------- Trial 0  --------------------

Trial 0 Training edu.umass.cs.mallet.base.classify.DecisionTreeTrainer with 2700 instances
DecisionTree learned:
!israel&!turkish&!gun&!fbi&!clayton&!israeli&!muslims&!sw&!waco&!pay&!jews&!beyer&!arab&!guns&!kaldis&!arms&!we&!weapons&!fact&!compound&!racism&!alfalfa&!uic&!mr&!their&!clinton&!michael&!considered&!policy&!fourd&!problem&!years&!was&!that&!truth&!yet&!k&!some&!it&!want&!the&!again&!m&!edu&!is&!a&!c&!of&!i&!are: talk.politics.mideast
!israel&!turkish&!gun&!fbi&!clayton&!israeli&!muslims&!sw&!waco&!pay&!jews&!beyer&!arab&!guns&!kaldis&!arms&!we&!weapons&!fact&!compound&!racism&!alfalfa&!uic&!mr&!their&!clinton&!michael&!considered&!policy&!fourd&!problem&!years&!was&!that&!truth&!yet&!k&!some&!it&!want&!the&!again&!m&!edu&!is&!a&!c&!of&!i&are: talk.politics.guns
!israel&!turkish&!gun&!fbi&!clayton&!israeli&!muslims&!sw&!waco&!pay&!jews&!beyer&!arab&!guns&!kaldis&!arms&!we&!weapons&!fact&!compound&!racism&!alfalfa&!uic&!mr&!their&!clinton&!michael&!considered&!policy&!fourd&!problem&!years&!was&!that&!truth&!yet&!k&!some&!it&!want&!the&!again&!m&!edu&!is&!a&!c&!of&i: talk.politics.guns
!israel&!turkish&!gun&!fbi&!clayton&!israeli&!muslims&!sw&!waco&!pay&!jews&!beyer&!arab&!guns&!kaldis&!arms&!we&!weapons&!fact&!compound&!racism&!alfalfa&!uic&!mr&!their&!clinton&!michael&!considered&!policy&!fourd&!problem&!years&!was&!that&!truth&!yet&!k&!some&!it&!want&!the&!again&!m&!edu&!is&!a&!c&of: talk.politics.misc
!israel&!turkish&!gun&!fbi&!clayton&!israeli&!muslims&!sw&!waco&!pay&!jews&!beyer&!arab&!guns&!kaldis&!arms&!we&!weapons&!fact&!compound&!racism&!alfalfa&!uic&!mr&!their&!clinton&!michael&!considered&!policy&!fourd&!problem&!years&!was&!that&!truth&!yet&!k&!some&!it&!want&!the&!again&!m&!edu&!is&!a&c: talk.politics.misc
!israel&!turkish&!gun&!fbi&!clayton&!israeli&!muslims&!sw&!waco&!pay&!jews&!beyer&!arab&!guns&!kaldis&!arms&!we&!weapons&!fact&!compound&!racism&!alfalfa&!uic&!mr&!their&!clinton&!michael&!considered&!policy&!fourd&!problem&!years&!was&!that&!truth&!yet&!k&!some&!it&!want&!the&!again&!m&!edu&!is&a: talk.politics.guns
!israel&!turkish&!gun&!fbi&!clayton&!israeli&!muslims&!sw&!waco&!pay&!jews&!beyer&!arab&!guns&!kaldis&!arms&!we&!weapons&!fact&!compound&!racism&!alfalfa&!uic&!mr&!their&!clinton&!michael&!considered&!policy&!fourd&!problem&!years&!was&!that&!truth&!yet&!k&!some&!it&!want&!the&!again&!m&!edu&is&!an&!a: talk.politics.mideast
!israel&!turkish&!gun&!fbi&!clayton&!israeli&!muslims&!sw&!waco&!pay&!jews&!beyer&!arab&!guns&!kaldis&!arms&!we&!weapons&!fact&!compound&!racism&!alfalfa&!uic&!mr&!their&!clinton&!michael&!considered&!policy&!fourd&!problem&!years&!was&!that&!truth&!yet&!k&!some&!it&!want&!the&!again&!m&!edu&is&!an&a: talk.politics.misc
!israel&!turkish&!gun&!fbi&!clayton&!israeli&!muslims&!sw&!waco&!pay&!jews&!beyer&!arab&!guns&!kaldis&!arms&!we&!weapons&!fact&!compound&!racism&!alfalfa&!uic&!mr&!their&!clinton&!michael&!considered&!policy&!fourd&!problem&!years&!was&!that&!truth&!yet&!k&!some&!it&!want&!the&!again&!m&!edu&is&an: talk.politics.mideast
!israel&!turkish&!gun&!fbi&!clayton&!israeli&!muslims&!sw&!waco&!pay&!jews&!beyer&!arab&!guns&!kaldis&!arms&!we&!weapons&!fact&!compound&!racism&!alfalfa&!uic&!mr&!their&!clinton&!michael&!considered&!policy&!fourd&!problem&!years&!was&!that&!truth&!yet&!k&!some&!it&!want&!the&!again&!m&edu: talk.politics.guns
!israel&!turkish&!gun&!fbi&!clayton&!israeli&!muslims&!sw&!waco&!pay&!jews&!beyer&!arab&!guns&!kaldis&!arms&!we&!weapons&!fact&!compound&!racism&!alfalfa&!uic&!mr&!their&!clinton&!michael&!considered&!policy&!fourd&!problem&!years&!was&!that&!truth&!yet&!k&!some&!it&!want&!the&!again&m: talk.politics.mideast
!israel&!turkish&!gun&!fbi&!clayton&!israeli&!muslims&!sw&!waco&!pay&!jews&!beyer&!arab&!guns&!kaldis&!arms&!we&!weapons&!fact&!compound&!racism&!alfalfa&!uic&!mr&!their&!clinton&!michael&!considered&!policy&!fourd&!problem&!years&!was&!that&!truth&!yet&!k&!some&!it&!want&!the&again: talk.politics.misc
!israel&!turkish&!gun&!fbi&!clayton&!israeli&!muslims&!sw&!waco&!pay&!jews&!beyer&!arab&!guns&!kaldis&!arms&!we&!weapons&!fact&!compound&!racism&!alfalfa&!uic&!mr&!their&!clinton&!michael&!considered&!policy&!fourd&!problem&!years&!was&!that&!truth&!yet&!k&!some&!it&!want&the&!article&!a&!would&!and&!by: talk.politics.guns
!israel&!turkish&!gun&!fbi&!clayton&!israeli&!muslims&!sw&!waco&!pay&!jews&!beyer&!arab&!guns&!kaldis&!arms&!we&!weapons&!fact&!compound&!racism&!alfalfa&!uic&!mr&!their&!clinton&!michael&!considered&!policy&!fourd&!problem&!years&!was&!that&!truth&!yet&!k&!some&!it&!want&the&!article&!a&!would&!and&by: talk.politics.misc
!israel&!turkish&!gun&!fbi&!clayton&!israeli&!muslims&!sw&!waco&!pay&!jews&!beyer&!arab&!guns&!kaldis&!arms&!we&!weapons&!fact&!compound&!racism&!alfalfa&!uic&!mr&!their&!clinton&!michael&!considered&!policy&!fourd&!problem&!years&!was&!that&!truth&!yet&!k&!some&!it&!want&the&!article&!a&!would&and: talk.politics.misc
!israel&!turkish&!gun&!fbi&!clayton&!israeli&!muslims&!sw&!waco&!pay&!jews&!beyer&!arab&!guns&!kaldis&!arms&!we&!weapons&!fact&!compound&!racism&!alfalfa&!uic&!mr&!their&!clinton&!michael&!considered&!policy&!fourd&!problem&!years&!was&!that&!truth&!yet&!k&!some&!it&!want&the&!article&!a&would: talk.politics.guns
!israel&!turkish&!gun&!fbi&!clayton&!israeli&!muslims&!sw&!waco&!pay&!jews&!beyer&!arab&!guns&!kaldis&!arms&!we&!weapons&!fact&!compound&!racism&!alfalfa&!uic&!mr&!their&!clinton&!michael&!considered&!policy&!fourd&!problem&!years&!was&!that&!truth&!yet&!k&!some&!it&!want&the&!article&a: talk.politics.guns
!israel&!turkish&!gun&!fbi&!clayton&!israeli&!muslims&!sw&!waco&!pay&!jews&!beyer&!arab&!guns&!kaldis&!arms&!we&!weapons&!fact&!compound&!racism&!alfalfa&!uic&!mr&!their&!clinton&!michael&!considered&!policy&!fourd&!problem&!years&!was&!that&!truth&!yet&!k&!some&!it&!want&the&article: talk.politics.misc
!israel&!turkish&!gun&!fbi&!clayton&!israeli&!muslims&!sw&!waco&!pay&!jews&!beyer&!arab&!guns&!kaldis&!arms&!we&!weapons&!fact&!compound&!racism&!alfalfa&!uic&!mr&!their&!clinton&!michael&!considered&!policy&!fourd&!problem&!years&!was&!that&!truth&!yet&!k&!some&!it&want: talk.politics.mideast
!israel&!turkish&!gun&!fbi&!clayton&!israeli&!muslims&!sw&!waco&!pay&!jews&!beyer&!arab&!guns&!kaldis&!arms&!we&!weapons&!fact&!compound&!racism&!alfalfa&!uic&!mr&!their&!clinton&!michael&!considered&!policy&!fourd&!problem&!years&!was&!that&!truth&!yet&!k&!some&it&!s&!had: talk.politics.misc
!israel&!turkish&!gun&!fbi&!clayton&!israeli&!muslims&!sw&!waco&!pay&!jews&!beyer&!arab&!guns&!kaldis&!arms&!we&!weapons&!fact&!compound&!racism&!alfalfa&!uic&!mr&!their&!clinton&!michael&!considered&!policy&!fourd&!problem&!years&!was&!that&!truth&!yet&!k&!some&it&!s&had: talk.politics.guns
!israel&!turkish&!gun&!fbi&!clayton&!israeli&!muslims&!sw&!waco&!pay&!jews&!beyer&!arab&!guns&!kaldis&!arms&!we&!weapons&!fact&!compound&!racism&!alfalfa&!uic&!mr&!their&!clinton&!michael&!considered&!policy&!fourd&!problem&!years&!was&!that&!truth&!yet&!k&!some&it&s: talk.politics.guns
!israel&!turkish&!gun&!fbi&!clayton&!israeli&!muslims&!sw&!waco&!pay&!jews&!beyer&!arab&!guns&!kaldis&!arms&!we&!weapons&!fact&!compound&!racism&!alfalfa&!uic&!mr&!their&!clinton&!michael&!considered&!policy&!fourd&!problem&!years&!was&!that&!truth&!yet&!k&some&!i: talk.politics.misc
!israel&!turkish&!gun&!fbi&!clayton&!israeli&!muslims&!sw&!waco&!pay&!jews&!beyer&!arab&!guns&!kaldis&!arms&!we&!weapons&!fact&!compound&!racism&!alfalfa&!uic&!mr&!their&!clinton&!michael&!considered&!policy&!fourd&!problem&!years&!was&!that&!truth&!yet&!k&some&i: talk.politics.mideast
!israel&!turkish&!gun&!fbi&!clayton&!israeli&!muslims&!sw&!waco&!pay&!jews&!beyer&!arab&!guns&!kaldis&!arms&!we&!weapons&!fact&!compound&!racism&!alfalfa&!uic&!mr&!their&!clinton&!michael&!considered&!policy&!fourd&!problem&!years&!was&!that&!truth&!yet&k&!an: talk.politics.mideast
!israel&!turkish&!gun&!fbi&!clayton&!israeli&!muslims&!sw&!waco&!pay&!jews&!beyer&!arab&!guns&!kaldis&!arms&!we&!weapons&!fact&!compound&!racism&!alfalfa&!uic&!mr&!their&!clinton&!michael&!considered&!policy&!fourd&!problem&!years&!was&!that&!truth&!yet&k&an: talk.politics.misc
!israel&!turkish&!gun&!fbi&!clayton&!israeli&!muslims&!sw&!waco&!pay&!jews&!beyer&!arab&!guns&!kaldis&!arms&!we&!weapons&!fact&!compound&!racism&!alfalfa&!uic&!mr&!their&!clinton&!michael&!considered&!policy&!fourd&!problem&!years&!was&!that&!truth&yet: talk.politics.guns
!israel&!turkish&!gun&!fbi&!clayton&!israeli&!muslims&!sw&!waco&!pay&!jews&!beyer&!arab&!guns&!kaldis&!arms&!we&!weapons&!fact&!compound&!racism&!alfalfa&!uic&!mr&!their&!clinton&!michael&!considered&!policy&!fourd&!problem&!years&!was&!that&truth: talk.politics.mideast
!israel&!turkish&!gun&!fbi&!clayton&!israeli&!muslims&!sw&!waco&!pay&!jews&!beyer&!arab&!guns&!kaldis&!arms&!we&!weapons&!fact&!compound&!racism&!alfalfa&!uic&!mr&!their&!clinton&!michael&!considered&!policy&!fourd&!problem&!years&!was&that&!may&!if&!many&!far&!com&!t&!like&!already: talk.politics.mideast
!israel&!turkish&!gun&!fbi&!clayton&!israeli&!muslims&!sw&!waco&!pay&!jews&!beyer&!arab&!guns&!kaldis&!arms&!we&!weapons&!fact&!compound&!racism&!alfalfa&!uic&!mr&!their&!clinton&!michael&!considered&!policy&!fourd&!problem&!years&!was&that&!may&!if&!many&!far&!com&!t&!like&already: talk.politics.misc
!israel&!turkish&!gun&!fbi&!clayton&!israeli&!muslims&!sw&!waco&!pay&!jews&!beyer&!arab&!guns&!kaldis&!arms&!we&!weapons&!fact&!compound&!racism&!alfalfa&!uic&!mr&!their&!clinton&!michael&!considered&!policy&!fourd&!problem&!years&!was&that&!may&!if&!many&!far&!com&!t&like: talk.politics.misc
!israel&!turkish&!gun&!fbi&!clayton&!israeli&!muslims&!sw&!waco&!pay&!jews&!beyer&!arab&!guns&!kaldis&!arms&!we&!weapons&!fact&!compound&!racism&!alfalfa&!uic&!mr&!their&!clinton&!michael&!considered&!policy&!fourd&!problem&!years&!was&that&!may&!if&!many&!far&!com&t&!they: talk.politics.misc
!israel&!turkish&!gun&!fbi&!clayton&!israeli&!muslims&!sw&!waco&!pay&!jews&!beyer&!arab&!guns&!kaldis&!arms&!we&!weapons&!fact&!compound&!racism&!alfalfa&!uic&!mr&!their&!clinton&!michael&!considered&!policy&!fourd&!problem&!years&!was&that&!may&!if&!many&!far&!com&t&they: talk.politics.mideast
!israel&!turkish&!gun&!fbi&!clayton&!israeli&!muslims&!sw&!waco&!pay&!jews&!beyer&!arab&!guns&!kaldis&!arms&!we&!weapons&!fact&!compound&!racism&!alfalfa&!uic&!mr&!their&!clinton&!michael&!considered&!policy&!fourd&!problem&!years&!was&that&!may&!if&!many&!far&com&!european: talk.politics.misc
!israel&!turkish&!gun&!fbi&!clayton&!israeli&!muslims&!sw&!waco&!pay&!jews&!beyer&!arab&!guns&!kaldis&!arms&!we&!weapons&!fact&!compound&!racism&!alfalfa&!uic&!mr&!their&!clinton&!michael&!considered&!policy&!fourd&!problem&!years&!was&that&!may&!if&!many&!far&com&european: talk.politics.mideast
!israel&!turkish&!gun&!fbi&!clayton&!israeli&!muslims&!sw&!waco&!pay&!jews&!beyer&!arab&!guns&!kaldis&!arms&!we&!weapons&!fact&!compound&!racism&!alfalfa&!uic&!mr&!their&!clinton&!michael&!considered&!policy&!fourd&!problem&!years&!was&that&!may&!if&!many&far: talk.politics.mideast
!israel&!turkish&!gun&!fbi&!clayton&!israeli&!muslims&!sw&!waco&!pay&!jews&!beyer&!arab&!guns&!kaldis&!arms&!we&!weapons&!fact&!compound&!racism&!alfalfa&!uic&!mr&!their&!clinton&!michael&!considered&!policy&!fourd&!problem&!years&!was&that&!may&!if&many: talk.politics.misc
!israel&!turkish&!gun&!fbi&!clayton&!israeli&!muslims&!sw&!waco&!pay&!jews&!beyer&!arab&!guns&!kaldis&!arms&!we&!weapons&!fact&!compound&!racism&!alfalfa&!uic&!mr&!their&!clinton&!michael&!considered&!policy&!fourd&!problem&!years&!was&that&!may&if&!all&!but&!and&!article: talk.politics.mideast
!israel&!turkish&!gun&!fbi&!clayton&!israeli&!muslims&!sw&!waco&!pay&!jews&!beyer&!arab&!guns&!kaldis&!arms&!we&!weapons&!fact&!compound&!racism&!alfalfa&!uic&!mr&!their&!clinton&!michael&!considered&!policy&!fourd&!problem&!years&!was&that&!may&if&!all&!but&!and&article: talk.politics.guns
!israel&!turkish&!gun&!fbi&!clayton&!israeli&!muslims&!sw&!waco&!pay&!jews&!beyer&!arab&!guns&!kaldis&!arms&!we&!weapons&!fact&!compound&!racism&!alfalfa&!uic&!mr&!their&!clinton&!michael&!considered&!policy&!fourd&!problem&!years&!was&that&!may&if&!all&!but&and&!in: talk.politics.guns
!israel&!turkish&!gun&!fbi&!clayton&!israeli&!muslims&!sw&!waco&!pay&!jews&!beyer&!arab&!guns&!kaldis&!arms&!we&!weapons&!fact&!compound&!racism&!alfalfa&!uic&!mr&!their&!clinton&!michael&!considered&!policy&!fourd&!problem&!years&!was&that&!may&if&!all&!but&and&in: talk.politics.misc
!israel&!turkish&!gun&!fbi&!clayton&!israeli&!muslims&!sw&!waco&!pay&!jews&!beyer&!arab&!guns&!kaldis&!arms&!we&!weapons&!fact&!compound&!racism&!alfalfa&!uic&!mr&!their&!clinton&!michael&!considered&!policy&!fourd&!problem&!years&!was&that&!may&if&!all&but&!an: talk.politics.mideast
!israel&!turkish&!gun&!fbi&!clayton&!israeli&!muslims&!sw&!waco&!pay&!jews&!beyer&!arab&!guns&!kaldis&!arms&!we&!weapons&!fact&!compound&!racism&!alfalfa&!uic&!mr&!their&!clinton&!michael&!considered&!policy&!fourd&!problem&!years&!was&that&!may&if&!all&but&an: talk.politics.guns
!israel&!turkish&!gun&!fbi&!clayton&!israeli&!muslims&!sw&!waco&!pay&!jews&!beyer&!arab&!guns&!kaldis&!arms&!we&!weapons&!fact&!compound&!racism&!alfalfa&!uic&!mr&!their&!clinton&!michael&!considered&!policy&!fourd&!problem&!years&!was&that&!may&if&all: talk.politics.misc
!israel&!turkish&!gun&!fbi&!clayton&!israeli&!muslims&!sw&!waco&!pay&!jews&!beyer&!arab&!guns&!kaldis&!arms&!we&!weapons&!fact&!compound&!racism&!alfalfa&!uic&!mr&!their&!clinton&!michael&!considered&!policy&!fourd&!problem&!years&!was&that&may&!many&!did&!wouldn: talk.politics.misc
!israel&!turkish&!gun&!fbi&!clayton&!israeli&!muslims&!sw&!waco&!pay&!jews&!beyer&!arab&!guns&!kaldis&!arms&!we&!weapons&!fact&!compound&!racism&!alfalfa&!uic&!mr&!their&!clinton&!michael&!considered&!policy&!fourd&!problem&!years&!was&that&may&!many&!did&wouldn: talk.politics.mideast
!israel&!turkish&!gun&!fbi&!clayton&!israeli&!muslims&!sw&!waco&!pay&!jews&!beyer&!arab&!guns&!kaldis&!arms&!we&!weapons&!fact&!compound&!racism&!alfalfa&!uic&!mr&!their&!clinton&!michael&!considered&!policy&!fourd&!problem&!years&!was&that&may&!many&did&!about: talk.politics.guns
!israel&!turkish&!gun&!fbi&!clayton&!israeli&!muslims&!sw&!waco&!pay&!jews&!beyer&!arab&!guns&!kaldis&!arms&!we&!weapons&!fact&!compound&!racism&!alfalfa&!uic&!mr&!their&!clinton&!michael&!considered&!policy&!fourd&!problem&!years&!was&that&may&!many&did&about: talk.politics.guns
!israel&!turkish&!gun&!fbi&!clayton&!israeli&!muslims&!sw&!waco&!pay&!jews&!beyer&!arab&!guns&!kaldis&!arms&!we&!weapons&!fact&!compound&!racism&!alfalfa&!uic&!mr&!their&!clinton&!michael&!considered&!policy&!fourd&!problem&!years&!was&that&may&many: talk.politics.guns
!israel&!turkish&!gun&!fbi&!clayton&!israeli&!muslims&!sw&!waco&!pay&!jews&!beyer&!arab&!guns&!kaldis&!arms&!we&!weapons&!fact&!compound&!racism&!alfalfa&!uic&!mr&!their&!clinton&!michael&!considered&!policy&!fourd&!problem&!years&was&!email&!making&!themselves&!paid&!if&!his&!my&!anyone&!of: talk.politics.guns
!israel&!turkish&!gun&!fbi&!clayton&!israeli&!muslims&!sw&!waco&!pay&!jews&!beyer&!arab&!guns&!kaldis&!arms&!we&!weapons&!fact&!compound&!racism&!alfalfa&!uic&!mr&!their&!clinton&!michael&!considered&!policy&!fourd&!problem&!years&was&!email&!making&!themselves&!paid&!if&!his&!my&!anyone&of&!is: talk.politics.misc
!israel&!turkish&!gun&!fbi&!clayton&!israeli&!muslims&!sw&!waco&!pay&!jews&!beyer&!arab&!guns&!kaldis&!arms&!we&!weapons&!fact&!compound&!racism&!alfalfa&!uic&!mr&!their&!clinton&!michael&!considered&!policy&!fourd&!problem&!years&was&!email&!making&!themselves&!paid&!if&!his&!my&!anyone&of&is&!at: talk.politics.guns
!israel&!turkish&!gun&!fbi&!clayton&!israeli&!muslims&!sw&!waco&!pay&!jews&!beyer&!arab&!guns&!kaldis&!arms&!we&!weapons&!fact&!compound&!racism&!alfalfa&!uic&!mr&!their&!clinton&!michael&!considered&!policy&!fourd&!problem&!years&was&!email&!making&!themselves&!paid&!if&!his&!my&!anyone&of&is&at: talk.politics.guns
!israel&!turkish&!gun&!fbi&!clayton&!israeli&!muslims&!sw&!waco&!pay&!jews&!beyer&!arab&!guns&!kaldis&!arms&!we&!weapons&!fact&!compound&!racism&!alfalfa&!uic&!mr&!their&!clinton&!michael&!considered&!policy&!fourd&!problem&!years&was&!email&!making&!themselves&!paid&!if&!his&!my&anyone: talk.politics.guns
!israel&!turkish&!gun&!fbi&!clayton&!israeli&!muslims&!sw&!waco&!pay&!jews&!beyer&!arab&!guns&!kaldis&!arms&!we&!weapons&!fact&!compound&!racism&!alfalfa&!uic&!mr&!their&!clinton&!michael&!considered&!policy&!fourd&!problem&!years&was&!email&!making&!themselves&!paid&!if&!his&my&!at: talk.politics.misc
!israel&!turkish&!gun&!fbi&!clayton&!israeli&!muslims&!sw&!waco&!pay&!jews&!beyer&!arab&!guns&!kaldis&!arms&!we&!weapons&!fact&!compound&!racism&!alfalfa&!uic&!mr&!their&!clinton&!michael&!considered&!policy&!fourd&!problem&!years&was&!email&!making&!themselves&!paid&!if&!his&my&at: talk.politics.guns
!israel&!turkish&!gun&!fbi&!clayton&!israeli&!muslims&!sw&!waco&!pay&!jews&!beyer&!arab&!guns&!kaldis&!arms&!we&!weapons&!fact&!compound&!racism&!alfalfa&!uic&!mr&!their&!clinton&!michael&!considered&!policy&!fourd&!problem&!years&was&!email&!making&!themselves&!paid&!if&his: talk.politics.guns
!israel&!turkish&!gun&!fbi&!clayton&!israeli&!muslims&!sw&!waco&!pay&!jews&!beyer&!arab&!guns&!kaldis&!arms&!we&!weapons&!fact&!compound&!racism&!alfalfa&!uic&!mr&!their&!clinton&!michael&!considered&!policy&!fourd&!problem&!years&was&!email&!making&!themselves&!paid&if&!you&!by&!and&!about: talk.politics.misc
!israel&!turkish&!gun&!fbi&!clayton&!israeli&!muslims&!sw&!waco&!pay&!jews&!beyer&!arab&!guns&!kaldis&!arms&!we&!weapons&!fact&!compound&!racism&!alfalfa&!uic&!mr&!their&!clinton&!michael&!considered&!policy&!fourd&!problem&!years&was&!email&!making&!themselves&!paid&if&!you&!by&!and&about: talk.politics.guns
!israel&!turkish&!gun&!fbi&!clayton&!israeli&!muslims&!sw&!waco&!pay&!jews&!beyer&!arab&!guns&!kaldis&!arms&!we&!weapons&!fact&!compound&!racism&!alfalfa&!uic&!mr&!their&!clinton&!michael&!considered&!policy&!fourd&!problem&!years&was&!email&!making&!themselves&!paid&if&!you&!by&and: talk.politics.guns
!israel&!turkish&!gun&!fbi&!clayton&!israeli&!muslims&!sw&!waco&!pay&!jews&!beyer&!arab&!guns&!kaldis&!arms&!we&!weapons&!fact&!compound&!racism&!alfalfa&!uic&!mr&!their&!clinton&!michael&!considered&!policy&!fourd&!problem&!years&was&!email&!making&!themselves&!paid&if&!you&by&!m&!are: talk.politics.guns
!israel&!turkish&!gun&!fbi&!clayton&!israeli&!muslims&!sw&!waco&!pay&!jews&!beyer&!arab&!guns&!kaldis&!arms&!we&!weapons&!fact&!compound&!racism&!alfalfa&!uic&!mr&!their&!clinton&!michael&!considered&!policy&!fourd&!problem&!years&was&!email&!making&!themselves&!paid&if&!you&by&!m&are: talk.politics.guns
!israel&!turkish&!gun&!fbi&!clayton&!israeli&!muslims&!sw&!waco&!pay&!jews&!beyer&!arab&!guns&!kaldis&!arms&!we&!weapons&!fact&!compound&!racism&!alfalfa&!uic&!mr&!their&!clinton&!michael&!considered&!policy&!fourd&!problem&!years&was&!email&!making&!themselves&!paid&if&!you&by&m: talk.politics.mideast
!israel&!turkish&!gun&!fbi&!clayton&!israeli&!muslims&!sw&!waco&!pay&!jews&!beyer&!arab&!guns&!kaldis&!arms&!we&!weapons&!fact&!compound&!racism&!alfalfa&!uic&!mr&!their&!clinton&!michael&!considered&!policy&!fourd&!problem&!years&was&!email&!making&!themselves&!paid&if&you&!usa: talk.politics.guns
!israel&!turkish&!gun&!fbi&!clayton&!israeli&!muslims&!sw&!waco&!pay&!jews&!beyer&!arab&!guns&!kaldis&!arms&!we&!weapons&!fact&!compound&!racism&!alfalfa&!uic&!mr&!their&!clinton&!michael&!considered&!policy&!fourd&!problem&!years&was&!email&!making&!themselves&!paid&if&you&usa: talk.politics.misc
!israel&!turkish&!gun&!fbi&!clayton&!israeli&!muslims&!sw&!waco&!pay&!jews&!beyer&!arab&!guns&!kaldis&!arms&!we&!weapons&!fact&!compound&!racism&!alfalfa&!uic&!mr&!their&!clinton&!michael&!considered&!policy&!fourd&!problem&!years&was&!email&!making&!themselves&paid&!a: talk.politics.mideast
!israel&!turkish&!gun&!fbi&!clayton&!israeli&!muslims&!sw&!waco&!pay&!jews&!beyer&!arab&!guns&!kaldis&!arms&!we&!weapons&!fact&!compound&!racism&!alfalfa&!uic&!mr&!their&!clinton&!michael&!considered&!policy&!fourd&!problem&!years&was&!email&!making&!themselves&paid&a: talk.politics.misc
!israel&!turkish&!gun&!fbi&!clayton&!israeli&!muslims&!sw&!waco&!pay&!jews&!beyer&!arab&!guns&!kaldis&!arms&!we&!weapons&!fact&!compound&!racism&!alfalfa&!uic&!mr&!their&!clinton&!michael&!considered&!policy&!fourd&!problem&!years&was&!email&!making&themselves: talk.politics.misc
!israel&!turkish&!gun&!fbi&!clayton&!israeli&!muslims&!sw&!waco&!pay&!jews&!beyer&!arab&!guns&!kaldis&!arms&!we&!weapons&!fact&!compound&!racism&!alfalfa&!uic&!mr&!their&!clinton&!michael&!considered&!policy&!fourd&!problem&!years&was&!email&making&!a: talk.politics.misc
!israel&!turkish&!gun&!fbi&!clayton&!israeli&!muslims&!sw&!waco&!pay&!jews&!beyer&!arab&!guns&!kaldis&!arms&!we&!weapons&!fact&!compound&!racism&!alfalfa&!uic&!mr&!their&!clinton&!michael&!considered&!policy&!fourd&!problem&!years&was&!email&making&a&!as: talk.politics.mideast
!israel&!turkish&!gun&!fbi&!clayton&!israeli&!muslims&!sw&!waco&!pay&!jews&!beyer&!arab&!guns&!kaldis&!arms&!we&!weapons&!fact&!compound&!racism&!alfalfa&!uic&!mr&!their&!clinton&!michael&!considered&!policy&!fourd&!problem&!years&was&!email&making&a&as: talk.politics.mideast
!israel&!turkish&!gun&!fbi&!clayton&!israeli&!muslims&!sw&!waco&!pay&!jews&!beyer&!arab&!guns&!kaldis&!arms&!we&!weapons&!fact&!compound&!racism&!alfalfa&!uic&!mr&!their&!clinton&!michael&!considered&!policy&!fourd&!problem&!years&was&email: talk.politics.mideast
!israel&!turkish&!gun&!fbi&!clayton&!israeli&!muslims&!sw&!waco&!pay&!jews&!beyer&!arab&!guns&!kaldis&!arms&!we&!weapons&!fact&!compound&!racism&!alfalfa&!uic&!mr&!their&!clinton&!michael&!considered&!policy&!fourd&!problem&years&!you&!any: talk.politics.mideast
!israel&!turkish&!gun&!fbi&!clayton&!israeli&!muslims&!sw&!waco&!pay&!jews&!beyer&!arab&!guns&!kaldis&!arms&!we&!weapons&!fact&!compound&!racism&!alfalfa&!uic&!mr&!their&!clinton&!michael&!considered&!policy&!fourd&!problem&years&!you&any: talk.politics.guns
!israel&!turkish&!gun&!fbi&!clayton&!israeli&!muslims&!sw&!waco&!pay&!jews&!beyer&!arab&!guns&!kaldis&!arms&!we&!weapons&!fact&!compound&!racism&!alfalfa&!uic&!mr&!their&!clinton&!michael&!considered&!policy&!fourd&!problem&years&you&!edu: talk.politics.misc
!israel&!turkish&!gun&!fbi&!clayton&!israeli&!muslims&!sw&!waco&!pay&!jews&!beyer&!arab&!guns&!kaldis&!arms&!we&!weapons&!fact&!compound&!racism&!alfalfa&!uic&!mr&!their&!clinton&!michael&!considered&!policy&!fourd&!problem&years&you&edu&!seen&!and: talk.politics.mideast
!israel&!turkish&!gun&!fbi&!clayton&!israeli&!muslims&!sw&!waco&!pay&!jews&!beyer&!arab&!guns&!kaldis&!arms&!we&!weapons&!fact&!compound&!racism&!alfalfa&!uic&!mr&!their&!clinton&!michael&!considered&!policy&!fourd&!problem&years&you&edu&!seen&and: talk.politics.mideast
!israel&!turkish&!gun&!fbi&!clayton&!israeli&!muslims&!sw&!waco&!pay&!jews&!beyer&!arab&!guns&!kaldis&!arms&!we&!weapons&!fact&!compound&!racism&!alfalfa&!uic&!mr&!their&!clinton&!michael&!considered&!policy&!fourd&!problem&years&you&edu&seen: talk.politics.misc
!israel&!turkish&!gun&!fbi&!clayton&!israeli&!muslims&!sw&!waco&!pay&!jews&!beyer&!arab&!guns&!kaldis&!arms&!we&!weapons&!fact&!compound&!racism&!alfalfa&!uic&!mr&!their&!clinton&!michael&!considered&!policy&!fourd&problem&!so&!about: talk.politics.misc
!israel&!turkish&!gun&!fbi&!clayton&!israeli&!muslims&!sw&!waco&!pay&!jews&!beyer&!arab&!guns&!kaldis&!arms&!we&!weapons&!fact&!compound&!racism&!alfalfa&!uic&!mr&!their&!clinton&!michael&!considered&!policy&!fourd&problem&!so&about: talk.politics.mideast
!israel&!turkish&!gun&!fbi&!clayton&!israeli&!muslims&!sw&!waco&!pay&!jews&!beyer&!arab&!guns&!kaldis&!arms&!we&!weapons&!fact&!compound&!racism&!alfalfa&!uic&!mr&!their&!clinton&!michael&!considered&!policy&!fourd&problem&so: talk.politics.mideast
!israel&!turkish&!gun&!fbi&!clayton&!israeli&!muslims&!sw&!waco&!pay&!jews&!beyer&!arab&!guns&!kaldis&!arms&!we&!weapons&!fact&!compound&!racism&!alfalfa&!uic&!mr&!their&!clinton&!michael&!considered&!policy&fourd: talk.politics.mideast
!israel&!turkish&!gun&!fbi&!clayton&!israeli&!muslims&!sw&!waco&!pay&!jews&!beyer&!arab&!guns&!kaldis&!arms&!we&!weapons&!fact&!compound&!racism&!alfalfa&!uic&!mr&!their&!clinton&!michael&!considered&policy: talk.politics.mideast
!israel&!turkish&!gun&!fbi&!clayton&!israeli&!muslims&!sw&!waco&!pay&!jews&!beyer&!arab&!guns&!kaldis&!arms&!we&!weapons&!fact&!compound&!racism&!alfalfa&!uic&!mr&!their&!clinton&!michael&considered: talk.politics.guns
!israel&!turkish&!gun&!fbi&!clayton&!israeli&!muslims&!sw&!waco&!pay&!jews&!beyer&!arab&!guns&!kaldis&!arms&!we&!weapons&!fact&!compound&!racism&!alfalfa&!uic&!mr&!their&!clinton&michael: talk.politics.misc
!israel&!turkish&!gun&!fbi&!clayton&!israeli&!muslims&!sw&!waco&!pay&!jews&!beyer&!arab&!guns&!kaldis&!arms&!we&!weapons&!fact&!compound&!racism&!alfalfa&!uic&!mr&!their&clinton&!free&!crime: talk.politics.misc
!israel&!turkish&!gun&!fbi&!clayton&!israeli&!muslims&!sw&!waco&!pay&!jews&!beyer&!arab&!guns&!kaldis&!arms&!we&!weapons&!fact&!compound&!racism&!alfalfa&!uic&!mr&!their&clinton&!free&crime: talk.politics.guns
!israel&!turkish&!gun&!fbi&!clayton&!israeli&!muslims&!sw&!waco&!pay&!jews&!beyer&!arab&!guns&!kaldis&!arms&!we&!weapons&!fact&!compound&!racism&!alfalfa&!uic&!mr&!their&clinton&free&!an: talk.politics.guns
!israel&!turkish&!gun&!fbi&!clayton&!israeli&!muslims&!sw&!waco&!pay&!jews&!beyer&!arab&!guns&!kaldis&!arms&!we&!weapons&!fact&!compound&!racism&!alfalfa&!uic&!mr&!their&clinton&free&an: talk.politics.mideast
!israel&!turkish&!gun&!fbi&!clayton&!israeli&!muslims&!sw&!waco&!pay&!jews&!beyer&!arab&!guns&!kaldis&!arms&!we&!weapons&!fact&!compound&!racism&!alfalfa&!uic&!mr&their&!from&!be&!what&!with: talk.politics.guns
!israel&!turkish&!gun&!fbi&!clayton&!israeli&!muslims&!sw&!waco&!pay&!jews&!beyer&!arab&!guns&!kaldis&!arms&!we&!weapons&!fact&!compound&!racism&!alfalfa&!uic&!mr&their&!from&!be&!what&with&!or: talk.politics.misc
!israel&!turkish&!gun&!fbi&!clayton&!israeli&!muslims&!sw&!waco&!pay&!jews&!beyer&!arab&!guns&!kaldis&!arms&!we&!weapons&!fact&!compound&!racism&!alfalfa&!uic&!mr&their&!from&!be&!what&with&or&!for: talk.politics.guns
!israel&!turkish&!gun&!fbi&!clayton&!israeli&!muslims&!sw&!waco&!pay&!jews&!beyer&!arab&!guns&!kaldis&!arms&!we&!weapons&!fact&!compound&!racism&!alfalfa&!uic&!mr&their&!from&!be&!what&with&or&for: talk.politics.guns
!israel&!turkish&!gun&!fbi&!clayton&!israeli&!muslims&!sw&!waco&!pay&!jews&!beyer&!arab&!guns&!kaldis&!arms&!we&!weapons&!fact&!compound&!racism&!alfalfa&!uic&!mr&their&!from&!be&what&!easier: talk.politics.misc
!israel&!turkish&!gun&!fbi&!clayton&!israeli&!muslims&!sw&!waco&!pay&!jews&!beyer&!arab&!guns&!kaldis&!arms&!we&!weapons&!fact&!compound&!racism&!alfalfa&!uic&!mr&their&!from&!be&what&easier: talk.politics.guns
!israel&!turkish&!gun&!fbi&!clayton&!israeli&!muslims&!sw&!waco&!pay&!jews&!beyer&!arab&!guns&!kaldis&!arms&!we&!weapons&!fact&!compound&!racism&!alfalfa&!uic&!mr&their&!from&be&!did: talk.politics.misc
!israel&!turkish&!gun&!fbi&!clayton&!israeli&!muslims&!sw&!waco&!pay&!jews&!beyer&!arab&!guns&!kaldis&!arms&!we&!weapons&!fact&!compound&!racism&!alfalfa&!uic&!mr&their&!from&be&did: talk.politics.guns
!israel&!turkish&!gun&!fbi&!clayton&!israeli&!muslims&!sw&!waco&!pay&!jews&!beyer&!arab&!guns&!kaldis&!arms&!we&!weapons&!fact&!compound&!racism&!alfalfa&!uic&!mr&their&from&!was&!s&!i: talk.politics.guns
!israel&!turkish&!gun&!fbi&!clayton&!israeli&!muslims&!sw&!waco&!pay&!jews&!beyer&!arab&!guns&!kaldis&!arms&!we&!weapons&!fact&!compound&!racism&!alfalfa&!uic&!mr&their&from&!was&!s&i: talk.politics.mideast
!israel&!turkish&!gun&!fbi&!clayton&!israeli&!muslims&!sw&!waco&!pay&!jews&!beyer&!arab&!guns&!kaldis&!arms&!we&!weapons&!fact&!compound&!racism&!alfalfa&!uic&!mr&their&from&!was&s&!any: talk.politics.misc
!israel&!turkish&!gun&!fbi&!clayton&!israeli&!muslims&!sw&!waco&!pay&!jews&!beyer&!arab&!guns&!kaldis&!arms&!we&!weapons&!fact&!compound&!racism&!alfalfa&!uic&!mr&their&from&!was&s&any&!means&!and: talk.politics.mideast
!israel&!turkish&!gun&!fbi&!clayton&!israeli&!muslims&!sw&!waco&!pay&!jews&!beyer&!arab&!guns&!kaldis&!arms&!we&!weapons&!fact&!compound&!racism&!alfalfa&!uic&!mr&their&from&!was&s&any&!means&and&!about: talk.politics.guns
!israel&!turkish&!gun&!fbi&!clayton&!israeli&!muslims&!sw&!waco&!pay&!jews&!beyer&!arab&!guns&!kaldis&!arms&!we&!weapons&!fact&!compound&!racism&!alfalfa&!uic&!mr&their&from&!was&s&any&!means&and&about: talk.politics.guns
!israel&!turkish&!gun&!fbi&!clayton&!israeli&!muslims&!sw&!waco&!pay&!jews&!beyer&!arab&!guns&!kaldis&!arms&!we&!weapons&!fact&!compound&!racism&!alfalfa&!uic&!mr&their&from&!was&s&any&means: talk.politics.misc
!israel&!turkish&!gun&!fbi&!clayton&!israeli&!muslims&!sw&!waco&!pay&!jews&!beyer&!arab&!guns&!kaldis&!arms&!we&!weapons&!fact&!compound&!racism&!alfalfa&!uic&!mr&their&from&was&!better: talk.politics.misc
!israel&!turkish&!gun&!fbi&!clayton&!israeli&!muslims&!sw&!waco&!pay&!jews&!beyer&!arab&!guns&!kaldis&!arms&!we&!weapons&!fact&!compound&!racism&!alfalfa&!uic&!mr&their&from&was&better: talk.politics.guns
!israel&!turkish&!gun&!fbi&!clayton&!israeli&!muslims&!sw&!waco&!pay&!jews&!beyer&!arab&!guns&!kaldis&!arms&!we&!weapons&!fact&!compound&!racism&!alfalfa&!uic&mr&!again&!cso&!state&!where: talk.politics.mideast
!israel&!turkish&!gun&!fbi&!clayton&!israeli&!muslims&!sw&!waco&!pay&!jews&!beyer&!arab&!guns&!kaldis&!arms&!we&!weapons&!fact&!compound&!racism&!alfalfa&!uic&mr&!again&!cso&!state&where: talk.politics.misc
!israel&!turkish&!gun&!fbi&!clayton&!israeli&!muslims&!sw&!waco&!pay&!jews&!beyer&!arab&!guns&!kaldis&!arms&!we&!weapons&!fact&!compound&!racism&!alfalfa&!uic&mr&!again&!cso&state&!an: talk.politics.misc
!israel&!turkish&!gun&!fbi&!clayton&!israeli&!muslims&!sw&!waco&!pay&!jews&!beyer&!arab&!guns&!kaldis&!arms&!we&!weapons&!fact&!compound&!racism&!alfalfa&!uic&mr&!again&!cso&state&an: talk.politics.mideast
!israel&!turkish&!gun&!fbi&!clayton&!israeli&!muslims&!sw&!waco&!pay&!jews&!beyer&!arab&!guns&!kaldis&!arms&!we&!weapons&!fact&!compound&!racism&!alfalfa&!uic&mr&!again&cso&!about: talk.politics.guns
!israel&!turkish&!gun&!fbi&!clayton&!israeli&!muslims&!sw&!waco&!pay&!jews&!beyer&!arab&!guns&!kaldis&!arms&!we&!weapons&!fact&!compound&!racism&!alfalfa&!uic&mr&!again&cso&about: talk.politics.misc
!israel&!turkish&!gun&!fbi&!clayton&!israeli&!muslims&!sw&!waco&!pay&!jews&!beyer&!arab&!guns&!kaldis&!arms&!we&!weapons&!fact&!compound&!racism&!alfalfa&!uic&mr&again: talk.politics.misc
!israel&!turkish&!gun&!fbi&!clayton&!israeli&!muslims&!sw&!waco&!pay&!jews&!beyer&!arab&!guns&!kaldis&!arms&!we&!weapons&!fact&!compound&!racism&!alfalfa&uic: talk.politics.guns
!israel&!turkish&!gun&!fbi&!clayton&!israeli&!muslims&!sw&!waco&!pay&!jews&!beyer&!arab&!guns&!kaldis&!arms&!we&!weapons&!fact&!compound&!racism&alfalfa: talk.politics.mideast
!israel&!turkish&!gun&!fbi&!clayton&!israeli&!muslims&!sw&!waco&!pay&!jews&!beyer&!arab&!guns&!kaldis&!arms&!we&!weapons&!fact&!compound&racism: talk.politics.mideast
!israel&!turkish&!gun&!fbi&!clayton&!israeli&!muslims&!sw&!waco&!pay&!jews&!beyer&!arab&!guns&!kaldis&!arms&!we&!weapons&!fact&compound&!children: talk.politics.guns
!israel&!turkish&!gun&!fbi&!clayton&!israeli&!muslims&!sw&!waco&!pay&!jews&!beyer&!arab&!guns&!kaldis&!arms&!we&!weapons&!fact&compound&children: talk.politics.misc
!israel&!turkish&!gun&!fbi&!clayton&!israeli&!muslims&!sw&!waco&!pay&!jews&!beyer&!arab&!guns&!kaldis&!arms&!we&!weapons&fact&!dan&!a&!an: talk.politics.guns
!israel&!turkish&!gun&!fbi&!clayton&!israeli&!muslims&!sw&!waco&!pay&!jews&!beyer&!arab&!guns&!kaldis&!arms&!we&!weapons&fact&!dan&!a&an: talk.politics.misc
!israel&!turkish&!gun&!fbi&!clayton&!israeli&!muslims&!sw&!waco&!pay&!jews&!beyer&!arab&!guns&!kaldis&!arms&!we&!weapons&fact&!dan&a&!every: talk.politics.misc
!israel&!turkish&!gun&!fbi&!clayton&!israeli&!muslims&!sw&!waco&!pay&!jews&!beyer&!arab&!guns&!kaldis&!arms&!we&!weapons&fact&!dan&a&every: talk.politics.guns
!israel&!turkish&!gun&!fbi&!clayton&!israeli&!muslims&!sw&!waco&!pay&!jews&!beyer&!arab&!guns&!kaldis&!arms&!we&!weapons&fact&dan: talk.politics.guns
!israel&!turkish&!gun&!fbi&!clayton&!israeli&!muslims&!sw&!waco&!pay&!jews&!beyer&!arab&!guns&!kaldis&!arms&!we&weapons&!d&!next: talk.politics.guns
!israel&!turkish&!gun&!fbi&!clayton&!israeli&!muslims&!sw&!waco&!pay&!jews&!beyer&!arab&!guns&!kaldis&!arms&!we&weapons&!d&next: talk.politics.misc
!israel&!turkish&!gun&!fbi&!clayton&!israeli&!muslims&!sw&!waco&!pay&!jews&!beyer&!arab&!guns&!kaldis&!arms&!we&weapons&d&!c&!an: talk.politics.mideast
!israel&!turkish&!gun&!fbi&!clayton&!israeli&!muslims&!sw&!waco&!pay&!jews&!beyer&!arab&!guns&!kaldis&!arms&!we&weapons&d&!c&an: talk.politics.guns
!israel&!turkish&!gun&!fbi&!clayton&!israeli&!muslims&!sw&!waco&!pay&!jews&!beyer&!arab&!guns&!kaldis&!arms&!we&weapons&d&c: talk.politics.misc
!israel&!turkish&!gun&!fbi&!clayton&!israeli&!muslims&!sw&!waco&!pay&!jews&!beyer&!arab&!guns&!kaldis&!arms&we&!iran&!using&!turks&!how&!still&!c&!going&!later&!must&!question&!go&!bush&!knows&!any&!course&!internet&!many&!their&!up&!from&!what&!an: talk.politics.guns
!israel&!turkish&!gun&!fbi&!clayton&!israeli&!muslims&!sw&!waco&!pay&!jews&!beyer&!arab&!guns&!kaldis&!arms&we&!iran&!using&!turks&!how&!still&!c&!going&!later&!must&!question&!go&!bush&!knows&!any&!course&!internet&!many&!their&!up&!from&!what&an: talk.politics.guns
!israel&!turkish&!gun&!fbi&!clayton&!israeli&!muslims&!sw&!waco&!pay&!jews&!beyer&!arab&!guns&!kaldis&!arms&we&!iran&!using&!turks&!how&!still&!c&!going&!later&!must&!question&!go&!bush&!knows&!any&!course&!internet&!many&!their&!up&!from&what&!are: talk.politics.misc
!israel&!turkish&!gun&!fbi&!clayton&!israeli&!muslims&!sw&!waco&!pay&!jews&!beyer&!arab&!guns&!kaldis&!arms&we&!iran&!using&!turks&!how&!still&!c&!going&!later&!must&!question&!go&!bush&!knows&!any&!course&!internet&!many&!their&!up&!from&what&are: talk.politics.guns
!israel&!turkish&!gun&!fbi&!clayton&!israeli&!muslims&!sw&!waco&!pay&!jews&!beyer&!arab&!guns&!kaldis&!arms&we&!iran&!using&!turks&!how&!still&!c&!going&!later&!must&!question&!go&!bush&!knows&!any&!course&!internet&!many&!their&!up&from: talk.politics.guns
!israel&!turkish&!gun&!fbi&!clayton&!israeli&!muslims&!sw&!waco&!pay&!jews&!beyer&!arab&!guns&!kaldis&!arms&we&!iran&!using&!turks&!how&!still&!c&!going&!later&!must&!question&!go&!bush&!knows&!any&!course&!internet&!many&!their&up: talk.politics.misc
!israel&!turkish&!gun&!fbi&!clayton&!israeli&!muslims&!sw&!waco&!pay&!jews&!beyer&!arab&!guns&!kaldis&!arms&we&!iran&!using&!turks&!how&!still&!c&!going&!later&!must&!question&!go&!bush&!knows&!any&!course&!internet&!many&their: talk.politics.guns
!israel&!turkish&!gun&!fbi&!clayton&!israeli&!muslims&!sw&!waco&!pay&!jews&!beyer&!arab&!guns&!kaldis&!arms&we&!iran&!using&!turks&!how&!still&!c&!going&!later&!must&!question&!go&!bush&!knows&!any&!course&!internet&many: talk.politics.misc
!israel&!turkish&!gun&!fbi&!clayton&!israeli&!muslims&!sw&!waco&!pay&!jews&!beyer&!arab&!guns&!kaldis&!arms&we&!iran&!using&!turks&!how&!still&!c&!going&!later&!must&!question&!go&!bush&!knows&!any&!course&internet: talk.politics.misc
!israel&!turkish&!gun&!fbi&!clayton&!israeli&!muslims&!sw&!waco&!pay&!jews&!beyer&!arab&!guns&!kaldis&!arms&we&!iran&!using&!turks&!how&!still&!c&!going&!later&!must&!question&!go&!bush&!knows&!any&course: talk.politics.mideast
!israel&!turkish&!gun&!fbi&!clayton&!israeli&!muslims&!sw&!waco&!pay&!jews&!beyer&!arab&!guns&!kaldis&!arms&we&!iran&!using&!turks&!how&!still&!c&!going&!later&!must&!question&!go&!bush&!knows&any&!about: talk.politics.mideast
!israel&!turkish&!gun&!fbi&!clayton&!israeli&!muslims&!sw&!waco&!pay&!jews&!beyer&!arab&!guns&!kaldis&!arms&we&!iran&!using&!turks&!how&!still&!c&!going&!later&!must&!question&!go&!bush&!knows&any&about&!by: talk.politics.guns
!israel&!turkish&!gun&!fbi&!clayton&!israeli&!muslims&!sw&!waco&!pay&!jews&!beyer&!arab&!guns&!kaldis&!arms&we&!iran&!using&!turks&!how&!still&!c&!going&!later&!must&!question&!go&!bush&!knows&any&about&by&!an: talk.politics.guns
!israel&!turkish&!gun&!fbi&!clayton&!israeli&!muslims&!sw&!waco&!pay&!jews&!beyer&!arab&!guns&!kaldis&!arms&we&!iran&!using&!turks&!how&!still&!c&!going&!later&!must&!question&!go&!bush&!knows&any&about&by&an: talk.politics.misc
!israel&!turkish&!gun&!fbi&!clayton&!israeli&!muslims&!sw&!waco&!pay&!jews&!beyer&!arab&!guns&!kaldis&!arms&we&!iran&!using&!turks&!how&!still&!c&!going&!later&!must&!question&!go&!bush&knows: talk.politics.mideast
!israel&!turkish&!gun&!fbi&!clayton&!israeli&!muslims&!sw&!waco&!pay&!jews&!beyer&!arab&!guns&!kaldis&!arms&we&!iran&!using&!turks&!how&!still&!c&!going&!later&!must&!question&!go&bush: talk.politics.mideast
!israel&!turkish&!gun&!fbi&!clayton&!israeli&!muslims&!sw&!waco&!pay&!jews&!beyer&!arab&!guns&!kaldis&!arms&we&!iran&!using&!turks&!how&!still&!c&!going&!later&!must&!question&go&!about&!at: talk.politics.mideast
!israel&!turkish&!gun&!fbi&!clayton&!israeli&!muslims&!sw&!waco&!pay&!jews&!beyer&!arab&!guns&!kaldis&!arms&we&!iran&!using&!turks&!how&!still&!c&!going&!later&!must&!question&go&!about&at: talk.politics.misc
!israel&!turkish&!gun&!fbi&!clayton&!israeli&!muslims&!sw&!waco&!pay&!jews&!beyer&!arab&!guns&!kaldis&!arms&we&!iran&!using&!turks&!how&!still&!c&!going&!later&!must&!question&go&about: talk.politics.mideast
!israel&!turkish&!gun&!fbi&!clayton&!israeli&!muslims&!sw&!waco&!pay&!jews&!beyer&!arab&!guns&!kaldis&!arms&we&!iran&!using&!turks&!how&!still&!c&!going&!later&!must&question: talk.politics.misc
!israel&!turkish&!gun&!fbi&!clayton&!israeli&!muslims&!sw&!waco&!pay&!jews&!beyer&!arab&!guns&!kaldis&!arms&we&!iran&!using&!turks&!how&!still&!c&!going&!later&must&!i: talk.politics.misc
!israel&!turkish&!gun&!fbi&!clayton&!israeli&!muslims&!sw&!waco&!pay&!jews&!beyer&!arab&!guns&!kaldis&!arms&we&!iran&!using&!turks&!how&!still&!c&!going&!later&must&i&!had: talk.politics.mideast
!israel&!turkish&!gun&!fbi&!clayton&!israeli&!muslims&!sw&!waco&!pay&!jews&!beyer&!arab&!guns&!kaldis&!arms&we&!iran&!using&!turks&!how&!still&!c&!going&!later&must&i&had: talk.politics.guns
!israel&!turkish&!gun&!fbi&!clayton&!israeli&!muslims&!sw&!waco&!pay&!jews&!beyer&!arab&!guns&!kaldis&!arms&we&!iran&!using&!turks&!how&!still&!c&!going&later: talk.politics.guns
!israel&!turkish&!gun&!fbi&!clayton&!israeli&!muslims&!sw&!waco&!pay&!jews&!beyer&!arab&!guns&!kaldis&!arms&we&!iran&!using&!turks&!how&!still&!c&going&!had: talk.politics.misc
!israel&!turkish&!gun&!fbi&!clayton&!israeli&!muslims&!sw&!waco&!pay&!jews&!beyer&!arab&!guns&!kaldis&!arms&we&!iran&!using&!turks&!how&!still&!c&going&had: talk.politics.mideast
!israel&!turkish&!gun&!fbi&!clayton&!israeli&!muslims&!sw&!waco&!pay&!jews&!beyer&!arab&!guns&!kaldis&!arms&we&!iran&!using&!turks&!how&!still&c&!this&!their&!will&!be: talk.politics.guns
!israel&!turkish&!gun&!fbi&!clayton&!israeli&!muslims&!sw&!waco&!pay&!jews&!beyer&!arab&!guns&!kaldis&!arms&we&!iran&!using&!turks&!how&!still&c&!this&!their&!will&be&!better: talk.politics.misc
!israel&!turkish&!gun&!fbi&!clayton&!israeli&!muslims&!sw&!waco&!pay&!jews&!beyer&!arab&!guns&!kaldis&!arms&we&!iran&!using&!turks&!how&!still&c&!this&!their&!will&be&better: talk.politics.guns
!israel&!turkish&!gun&!fbi&!clayton&!israeli&!muslims&!sw&!waco&!pay&!jews&!beyer&!arab&!guns&!kaldis&!arms&we&!iran&!using&!turks&!how&!still&c&!this&!their&will: talk.politics.misc
!israel&!turkish&!gun&!fbi&!clayton&!israeli&!muslims&!sw&!waco&!pay&!jews&!beyer&!arab&!guns&!kaldis&!arms&we&!iran&!using&!turks&!how&!still&c&!this&their: talk.politics.guns
!israel&!turkish&!gun&!fbi&!clayton&!israeli&!muslims&!sw&!waco&!pay&!jews&!beyer&!arab&!guns&!kaldis&!arms&we&!iran&!using&!turks&!how&!still&c&this&!means: talk.politics.misc
!israel&!turkish&!gun&!fbi&!clayton&!israeli&!muslims&!sw&!waco&!pay&!jews&!beyer&!arab&!guns&!kaldis&!arms&we&!iran&!using&!turks&!how&!still&c&this&means&!again&!about: talk.politics.mideast
!israel&!turkish&!gun&!fbi&!clayton&!israeli&!muslims&!sw&!waco&!pay&!jews&!beyer&!arab&!guns&!kaldis&!arms&we&!iran&!using&!turks&!how&!still&c&this&means&!again&about: talk.politics.guns
!israel&!turkish&!gun&!fbi&!clayton&!israeli&!muslims&!sw&!waco&!pay&!jews&!beyer&!arab&!guns&!kaldis&!arms&we&!iran&!using&!turks&!how&!still&c&this&means&again: talk.politics.guns
!israel&!turkish&!gun&!fbi&!clayton&!israeli&!muslims&!sw&!waco&!pay&!jews&!beyer&!arab&!guns&!kaldis&!arms&we&!iran&!using&!turks&!how&still&!law: talk.politics.misc
!israel&!turkish&!gun&!fbi&!clayton&!israeli&!muslims&!sw&!waco&!pay&!jews&!beyer&!arab&!guns&!kaldis&!arms&we&!iran&!using&!turks&!how&still&law: talk.politics.mideast
!israel&!turkish&!gun&!fbi&!clayton&!israeli&!muslims&!sw&!waco&!pay&!jews&!beyer&!arab&!guns&!kaldis&!arms&we&!iran&!using&!turks&how&!age&!beans&!article&!might&!word&!situations&!willing: talk.politics.misc
!israel&!turkish&!gun&!fbi&!clayton&!israeli&!muslims&!sw&!waco&!pay&!jews&!beyer&!arab&!guns&!kaldis&!arms&we&!iran&!using&!turks&how&!age&!beans&!article&!might&!word&!situations&willing: talk.politics.guns
!israel&!turkish&!gun&!fbi&!clayton&!israeli&!muslims&!sw&!waco&!pay&!jews&!beyer&!arab&!guns&!kaldis&!arms&we&!iran&!using&!turks&how&!age&!beans&!article&!might&!word&situations: talk.politics.guns
!israel&!turkish&!gun&!fbi&!clayton&!israeli&!muslims&!sw&!waco&!pay&!jews&!beyer&!arab&!guns&!kaldis&!arms&we&!iran&!using&!turks&how&!age&!beans&!article&!might&word: talk.politics.guns
!israel&!turkish&!gun&!fbi&!clayton&!israeli&!muslims&!sw&!waco&!pay&!jews&!beyer&!arab&!guns&!kaldis&!arms&we&!iran&!using&!turks&how&!age&!beans&!article&might&!for: talk.politics.mideast
!israel&!turkish&!gun&!fbi&!clayton&!israeli&!muslims&!sw&!waco&!pay&!jews&!beyer&!arab&!guns&!kaldis&!arms&we&!iran&!using&!turks&how&!age&!beans&!article&might&for: talk.politics.misc
!israel&!turkish&!gun&!fbi&!clayton&!israeli&!muslims&!sw&!waco&!pay&!jews&!beyer&!arab&!guns&!kaldis&!arms&we&!iran&!using&!turks&how&!age&!beans&article&!killing: talk.politics.misc
!israel&!turkish&!gun&!fbi&!clayton&!israeli&!muslims&!sw&!waco&!pay&!jews&!beyer&!arab&!guns&!kaldis&!arms&we&!iran&!using&!turks&how&!age&!beans&article&killing: talk.politics.mideast
!israel&!turkish&!gun&!fbi&!clayton&!israeli&!muslims&!sw&!waco&!pay&!jews&!beyer&!arab&!guns&!kaldis&!arms&we&!iran&!using&!turks&how&!age&beans: talk.politics.guns
!israel&!turkish&!gun&!fbi&!clayton&!israeli&!muslims&!sw&!waco&!pay&!jews&!beyer&!arab&!guns&!kaldis&!arms&we&!iran&!using&!turks&how&age&!as: talk.politics.mideast
!israel&!turkish&!gun&!fbi&!clayton&!israeli&!muslims&!sw&!waco&!pay&!jews&!beyer&!arab&!guns&!kaldis&!arms&we&!iran&!using&!turks&how&age&as: talk.politics.guns
!israel&!turkish&!gun&!fbi&!clayton&!israeli&!muslims&!sw&!waco&!pay&!jews&!beyer&!arab&!guns&!kaldis&!arms&we&!iran&!using&turks: talk.politics.mideast
!israel&!turkish&!gun&!fbi&!clayton&!israeli&!muslims&!sw&!waco&!pay&!jews&!beyer&!arab&!guns&!kaldis&!arms&we&!iran&using&!in: talk.politics.guns
!israel&!turkish&!gun&!fbi&!clayton&!israeli&!muslims&!sw&!waco&!pay&!jews&!beyer&!arab&!guns&!kaldis&!arms&we&!iran&using&in&!report: talk.politics.misc
!israel&!turkish&!gun&!fbi&!clayton&!israeli&!muslims&!sw&!waco&!pay&!jews&!beyer&!arab&!guns&!kaldis&!arms&we&!iran&using&in&report: talk.politics.guns
!israel&!turkish&!gun&!fbi&!clayton&!israeli&!muslims&!sw&!waco&!pay&!jews&!beyer&!arab&!guns&!kaldis&!arms&we&iran&!use: talk.politics.mideast
!israel&!turkish&!gun&!fbi&!clayton&!israeli&!muslims&!sw&!waco&!pay&!jews&!beyer&!arab&!guns&!kaldis&!arms&we&iran&use: talk.politics.mideast
!israel&!turkish&!gun&!fbi&!clayton&!israeli&!muslims&!sw&!waco&!pay&!jews&!beyer&!arab&!guns&!kaldis&arms&!difference&!name&!liberal&!new: talk.politics.guns
!israel&!turkish&!gun&!fbi&!clayton&!israeli&!muslims&!sw&!waco&!pay&!jews&!beyer&!arab&!guns&!kaldis&arms&!difference&!name&!liberal&new: talk.politics.misc
!israel&!turkish&!gun&!fbi&!clayton&!israeli&!muslims&!sw&!waco&!pay&!jews&!beyer&!arab&!guns&!kaldis&arms&!difference&!name&liberal: talk.politics.misc
!israel&!turkish&!gun&!fbi&!clayton&!israeli&!muslims&!sw&!waco&!pay&!jews&!beyer&!arab&!guns&!kaldis&arms&!difference&name&!a: talk.politics.guns
!israel&!turkish&!gun&!fbi&!clayton&!israeli&!muslims&!sw&!waco&!pay&!jews&!beyer&!arab&!guns&!kaldis&arms&!difference&name&a: talk.politics.misc
!israel&!turkish&!gun&!fbi&!clayton&!israeli&!muslims&!sw&!waco&!pay&!jews&!beyer&!arab&!guns&!kaldis&arms&difference&!com: talk.politics.mideast
!israel&!turkish&!gun&!fbi&!clayton&!israeli&!muslims&!sw&!waco&!pay&!jews&!beyer&!arab&!guns&!kaldis&arms&difference&com: talk.politics.mideast
!israel&!turkish&!gun&!fbi&!clayton&!israeli&!muslims&!sw&!waco&!pay&!jews&!beyer&!arab&!guns&kaldis: talk.politics.misc
!israel&!turkish&!gun&!fbi&!clayton&!israeli&!muslims&!sw&!waco&!pay&!jews&!beyer&!arab&guns&!above&!warrant&!watch&!after: talk.politics.guns
!israel&!turkish&!gun&!fbi&!clayton&!israeli&!muslims&!sw&!waco&!pay&!jews&!beyer&!arab&guns&!above&!warrant&!watch&after&!crime&!has: talk.politics.guns
!israel&!turkish&!gun&!fbi&!clayton&!israeli&!muslims&!sw&!waco&!pay&!jews&!beyer&!arab&guns&!above&!warrant&!watch&after&!crime&has: talk.politics.guns
!israel&!turkish&!gun&!fbi&!clayton&!israeli&!muslims&!sw&!waco&!pay&!jews&!beyer&!arab&guns&!above&!warrant&!watch&after&crime: talk.politics.misc
!israel&!turkish&!gun&!fbi&!clayton&!israeli&!muslims&!sw&!waco&!pay&!jews&!beyer&!arab&guns&!above&!warrant&watch&!an: talk.politics.mideast
!israel&!turkish&!gun&!fbi&!clayton&!israeli&!muslims&!sw&!waco&!pay&!jews&!beyer&!arab&guns&!above&!warrant&watch&an: talk.politics.misc
!israel&!turkish&!gun&!fbi&!clayton&!israeli&!muslims&!sw&!waco&!pay&!jews&!beyer&!arab&guns&!above&warrant: talk.politics.misc
!israel&!turkish&!gun&!fbi&!clayton&!israeli&!muslims&!sw&!waco&!pay&!jews&!beyer&!arab&guns&above: talk.politics.misc
!israel&!turkish&!gun&!fbi&!clayton&!israeli&!muslims&!sw&!waco&!pay&!jews&!beyer&arab&!t: talk.politics.mideast
!israel&!turkish&!gun&!fbi&!clayton&!israeli&!muslims&!sw&!waco&!pay&!jews&!beyer&arab&t&!with&!about: talk.politics.mideast
!israel&!turkish&!gun&!fbi&!clayton&!israeli&!muslims&!sw&!waco&!pay&!jews&!beyer&arab&t&!with&about: talk.politics.misc
!israel&!turkish&!gun&!fbi&!clayton&!israeli&!muslims&!sw&!waco&!pay&!jews&!beyer&arab&t&with: talk.politics.mideast
!israel&!turkish&!gun&!fbi&!clayton&!israeli&!muslims&!sw&!waco&!pay&!jews&beyer: talk.politics.mideast
!israel&!turkish&!gun&!fbi&!clayton&!israeli&!muslims&!sw&!waco&!pay&jews&!cult&!themselves&!qk&!status: talk.politics.mideast
!israel&!turkish&!gun&!fbi&!clayton&!israeli&!muslims&!sw&!waco&!pay&jews&!cult&!themselves&!qk&status: talk.politics.mideast
!israel&!turkish&!gun&!fbi&!clayton&!israeli&!muslims&!sw&!waco&!pay&jews&!cult&!themselves&qk&!a: talk.politics.misc
!israel&!turkish&!gun&!fbi&!clayton&!israeli&!muslims&!sw&!waco&!pay&jews&!cult&!themselves&qk&a: talk.politics.mideast
!israel&!turkish&!gun&!fbi&!clayton&!israeli&!muslims&!sw&!waco&!pay&jews&!cult&themselves&!any&!choice&!as: talk.politics.mideast
!israel&!turkish&!gun&!fbi&!clayton&!israeli&!muslims&!sw&!waco&!pay&jews&!cult&themselves&!any&!choice&as: talk.politics.misc
!israel&!turkish&!gun&!fbi&!clayton&!israeli&!muslims&!sw&!waco&!pay&jews&!cult&themselves&!any&choice: talk.politics.guns
!israel&!turkish&!gun&!fbi&!clayton&!israeli&!muslims&!sw&!waco&!pay&jews&!cult&themselves&any: talk.politics.mideast
!israel&!turkish&!gun&!fbi&!clayton&!israeli&!muslims&!sw&!waco&!pay&jews&cult&!any: talk.politics.guns
!israel&!turkish&!gun&!fbi&!clayton&!israeli&!muslims&!sw&!waco&!pay&jews&cult&any: talk.politics.misc
!israel&!turkish&!gun&!fbi&!clayton&!israeli&!muslims&!sw&!waco&pay&!one&!federal&!period&!in: talk.politics.mideast
!israel&!turkish&!gun&!fbi&!clayton&!israeli&!muslims&!sw&!waco&pay&!one&!federal&!period&in: talk.politics.misc
!israel&!turkish&!gun&!fbi&!clayton&!israeli&!muslims&!sw&!waco&pay&!one&!federal&period: talk.politics.guns
!israel&!turkish&!gun&!fbi&!clayton&!israeli&!muslims&!sw&!waco&pay&!one&federal&!about: talk.politics.guns
!israel&!turkish&!gun&!fbi&!clayton&!israeli&!muslims&!sw&!waco&pay&!one&federal&about: talk.politics.misc
!israel&!turkish&!gun&!fbi&!clayton&!israeli&!muslims&!sw&!waco&pay&one&!attacks: talk.politics.misc
!israel&!turkish&!gun&!fbi&!clayton&!israeli&!muslims&!sw&!waco&pay&one&attacks: talk.politics.mideast
!israel&!turkish&!gun&!fbi&!clayton&!israeli&!muslims&!sw&waco&!immediately&!due&!latter&!on&!disclaimer&!we: talk.politics.guns
!israel&!turkish&!gun&!fbi&!clayton&!israeli&!muslims&!sw&waco&!immediately&!due&!latter&!on&!disclaimer&we&!it: talk.politics.misc
!israel&!turkish&!gun&!fbi&!clayton&!israeli&!muslims&!sw&waco&!immediately&!due&!latter&!on&!disclaimer&we&it&!absurd: talk.politics.guns
!israel&!turkish&!gun&!fbi&!clayton&!israeli&!muslims&!sw&waco&!immediately&!due&!latter&!on&!disclaimer&we&it&absurd: talk.politics.guns
!israel&!turkish&!gun&!fbi&!clayton&!israeli&!muslims&!sw&waco&!immediately&!due&!latter&!on&disclaimer: talk.politics.misc
!israel&!turkish&!gun&!fbi&!clayton&!israeli&!muslims&!sw&waco&!immediately&!due&!latter&on&!economic: talk.politics.guns
!israel&!turkish&!gun&!fbi&!clayton&!israeli&!muslims&!sw&waco&!immediately&!due&!latter&on&economic: talk.politics.misc
!israel&!turkish&!gun&!fbi&!clayton&!israeli&!muslims&!sw&waco&!immediately&!due&latter: talk.politics.misc
!israel&!turkish&!gun&!fbi&!clayton&!israeli&!muslims&!sw&waco&!immediately&due: talk.politics.misc
!israel&!turkish&!gun&!fbi&!clayton&!israeli&!muslims&!sw&waco&immediately: talk.politics.misc
!israel&!turkish&!gun&!fbi&!clayton&!israeli&!muslims&sw&!part: talk.politics.guns
!israel&!turkish&!gun&!fbi&!clayton&!israeli&!muslims&sw&part&!has: talk.politics.guns
!israel&!turkish&!gun&!fbi&!clayton&!israeli&!muslims&sw&part&has: talk.politics.misc
!israel&!turkish&!gun&!fbi&!clayton&!israeli&muslims&!dangerous: talk.politics.mideast
!israel&!turkish&!gun&!fbi&!clayton&!israeli&muslims&dangerous: talk.politics.mideast
!israel&!turkish&!gun&!fbi&!clayton&israeli&!king&!age: talk.politics.mideast
!israel&!turkish&!gun&!fbi&!clayton&israeli&!king&age: talk.politics.mideast
!israel&!turkish&!gun&!fbi&!clayton&israeli&king: talk.politics.mideast
!israel&!turkish&!gun&!fbi&clayton: talk.politics.misc
!israel&!turkish&!gun&fbi&!months&!disclaimer&!arab&!epic&!jim&!place&!lance&!statutes&!buffalo&!o&!if&!their&!responsible&!assume&!larry&!anybody: talk.politics.guns
!israel&!turkish&!gun&fbi&!months&!disclaimer&!arab&!epic&!jim&!place&!lance&!statutes&!buffalo&!o&!if&!their&!responsible&!assume&!larry&anybody: talk.politics.misc
!israel&!turkish&!gun&fbi&!months&!disclaimer&!arab&!epic&!jim&!place&!lance&!statutes&!buffalo&!o&!if&!their&!responsible&!assume&larry&!and: talk.politics.guns
!israel&!turkish&!gun&fbi&!months&!disclaimer&!arab&!epic&!jim&!place&!lance&!statutes&!buffalo&!o&!if&!their&!responsible&!assume&larry&and: talk.politics.misc
!israel&!turkish&!gun&fbi&!months&!disclaimer&!arab&!epic&!jim&!place&!lance&!statutes&!buffalo&!o&!if&!their&!responsible&assume: talk.politics.misc
!israel&!turkish&!gun&fbi&!months&!disclaimer&!arab&!epic&!jim&!place&!lance&!statutes&!buffalo&!o&!if&!their&responsible: talk.politics.misc
!israel&!turkish&!gun&fbi&!months&!disclaimer&!arab&!epic&!jim&!place&!lance&!statutes&!buffalo&!o&!if&their: talk.politics.guns
!israel&!turkish&!gun&fbi&!months&!disclaimer&!arab&!epic&!jim&!place&!lance&!statutes&!buffalo&!o&if: talk.politics.guns
!israel&!turkish&!gun&fbi&!months&!disclaimer&!arab&!epic&!jim&!place&!lance&!statutes&!buffalo&o: talk.politics.misc
!israel&!turkish&!gun&fbi&!months&!disclaimer&!arab&!epic&!jim&!place&!lance&!statutes&buffalo&!by: talk.politics.misc
!israel&!turkish&!gun&fbi&!months&!disclaimer&!arab&!epic&!jim&!place&!lance&!statutes&buffalo&by: talk.politics.guns
!israel&!turkish&!gun&fbi&!months&!disclaimer&!arab&!epic&!jim&!place&!lance&statutes: talk.politics.misc
!israel&!turkish&!gun&fbi&!months&!disclaimer&!arab&!epic&!jim&!place&lance: talk.politics.misc
!israel&!turkish&!gun&fbi&!months&!disclaimer&!arab&!epic&!jim&place&!ny&!death&!another&!were&!about: talk.politics.misc
!israel&!turkish&!gun&fbi&!months&!disclaimer&!arab&!epic&!jim&place&!ny&!death&!another&!were&about: talk.politics.guns
!israel&!turkish&!gun&fbi&!months&!disclaimer&!arab&!epic&!jim&place&!ny&!death&!another&were&!latter: talk.politics.guns
!israel&!turkish&!gun&fbi&!months&!disclaimer&!arab&!epic&!jim&place&!ny&!death&!another&were&latter: talk.politics.misc
!israel&!turkish&!gun&fbi&!months&!disclaimer&!arab&!epic&!jim&place&!ny&!death&another&!most: talk.politics.misc
!israel&!turkish&!gun&fbi&!months&!disclaimer&!arab&!epic&!jim&place&!ny&!death&another&most&!next: talk.politics.guns
!israel&!turkish&!gun&fbi&!months&!disclaimer&!arab&!epic&!jim&place&!ny&!death&another&most&next: talk.politics.misc
!israel&!turkish&!gun&fbi&!months&!disclaimer&!arab&!epic&!jim&place&!ny&death: talk.politics.misc
!israel&!turkish&!gun&fbi&!months&!disclaimer&!arab&!epic&!jim&place&ny: talk.politics.mideast
!israel&!turkish&!gun&fbi&!months&!disclaimer&!arab&!epic&jim: talk.politics.guns
!israel&!turkish&!gun&fbi&!months&!disclaimer&!arab&epic: talk.politics.misc
!israel&!turkish&!gun&fbi&!months&!disclaimer&arab&!again: talk.politics.mideast
!israel&!turkish&!gun&fbi&!months&!disclaimer&arab&again: talk.politics.misc
!israel&!turkish&!gun&fbi&!months&disclaimer&!got&!likely: talk.politics.misc
!israel&!turkish&!gun&fbi&!months&disclaimer&!got&likely: talk.politics.guns
!israel&!turkish&!gun&fbi&!months&disclaimer&got&!people: talk.politics.guns
!israel&!turkish&!gun&fbi&!months&disclaimer&got&people&!again: talk.politics.misc
!israel&!turkish&!gun&fbi&!months&disclaimer&got&people&again: talk.politics.guns
!israel&!turkish&!gun&fbi&months&!hand&!must: talk.politics.misc
!israel&!turkish&!gun&fbi&months&!hand&must&!article: talk.politics.guns
!israel&!turkish&!gun&fbi&months&!hand&must&article: talk.politics.misc
!israel&!turkish&!gun&fbi&months&hand: talk.politics.guns
!israel&!turkish&gun&!homeland&!hallam&!government&!entirely&!crack&!thread&!gen&!he: talk.politics.guns
!israel&!turkish&gun&!homeland&!hallam&!government&!entirely&!crack&!thread&!gen&he&!from&!shown&!response: talk.politics.guns
!israel&!turkish&gun&!homeland&!hallam&!government&!entirely&!crack&!thread&!gen&he&!from&!shown&response&!again: talk.politics.misc
!israel&!turkish&gun&!homeland&!hallam&!government&!entirely&!crack&!thread&!gen&he&!from&!shown&response&again: talk.politics.guns
!israel&!turkish&gun&!homeland&!hallam&!government&!entirely&!crack&!thread&!gen&he&!from&shown: talk.politics.misc
!israel&!turkish&gun&!homeland&!hallam&!government&!entirely&!crack&!thread&!gen&he&from: talk.politics.guns
!israel&!turkish&gun&!homeland&!hallam&!government&!entirely&!crack&!thread&gen&!about: talk.politics.guns
!israel&!turkish&gun&!homeland&!hallam&!government&!entirely&!crack&!thread&gen&about: talk.politics.misc
!israel&!turkish&gun&!homeland&!hallam&!government&!entirely&!crack&thread&!about: talk.politics.misc
!israel&!turkish&gun&!homeland&!hallam&!government&!entirely&!crack&thread&about&!an: talk.politics.guns
!israel&!turkish&gun&!homeland&!hallam&!government&!entirely&!crack&thread&about&an: talk.politics.guns
!israel&!turkish&gun&!homeland&!hallam&!government&!entirely&crack: talk.politics.misc
!israel&!turkish&gun&!homeland&!hallam&!government&entirely: talk.politics.misc
!israel&!turkish&gun&!homeland&!hallam&government&!capital&!misc&!arms&!constitution&!save&!trained&!came: talk.politics.guns
!israel&!turkish&gun&!homeland&!hallam&government&!capital&!misc&!arms&!constitution&!save&!trained&came&!me: talk.politics.misc
!israel&!turkish&gun&!homeland&!hallam&government&!capital&!misc&!arms&!constitution&!save&!trained&came&me: talk.politics.guns
!israel&!turkish&gun&!homeland&!hallam&government&!capital&!misc&!arms&!constitution&!save&trained&!about: talk.politics.misc
!israel&!turkish&gun&!homeland&!hallam&government&!capital&!misc&!arms&!constitution&!save&trained&about: talk.politics.guns
!israel&!turkish&gun&!homeland&!hallam&government&!capital&!misc&!arms&!constitution&save&!an: talk.politics.guns
!israel&!turkish&gun&!homeland&!hallam&government&!capital&!misc&!arms&!constitution&save&an: talk.politics.misc
!israel&!turkish&gun&!homeland&!hallam&government&!capital&!misc&!arms&constitution&!then: talk.politics.guns
!israel&!turkish&gun&!homeland&!hallam&government&!capital&!misc&!arms&constitution&then: talk.politics.misc
!israel&!turkish&gun&!homeland&!hallam&government&!capital&!misc&arms: talk.politics.guns
!israel&!turkish&gun&!homeland&!hallam&government&!capital&misc: talk.politics.misc
!israel&!turkish&gun&!homeland&!hallam&government&capital: talk.politics.misc
!israel&!turkish&gun&!homeland&hallam&!lot&!rate: talk.politics.misc
!israel&!turkish&gun&!homeland&hallam&!lot&rate: talk.politics.guns
!israel&!turkish&gun&!homeland&hallam&lot&!individual: talk.politics.guns
!israel&!turkish&gun&!homeland&hallam&lot&individual: talk.politics.guns
!israel&!turkish&gun&homeland: talk.politics.mideast
!israel&turkish&!mar&!liberal&!acuner: talk.politics.mideast
!israel&turkish&!mar&!liberal&acuner: talk.politics.misc
!israel&turkish&!mar&liberal: talk.politics.misc
!israel&turkish&mar&!again: talk.politics.mideast
!israel&turkish&mar&again: talk.politics.mideast
israel&!lo&!jack&!repeated&!amendment&!vm&!temporary&!editorials&!ormer&!hearts: talk.politics.mideast
israel&!lo&!jack&!repeated&!amendment&!vm&!temporary&!editorials&!ormer&hearts&!about: talk.politics.mideast
israel&!lo&!jack&!repeated&!amendment&!vm&!temporary&!editorials&!ormer&hearts&about: talk.politics.mideast
israel&!lo&!jack&!repeated&!amendment&!vm&!temporary&!editorials&ormer: talk.politics.mideast
israel&!lo&!jack&!repeated&!amendment&!vm&!temporary&editorials: talk.politics.misc
israel&!lo&!jack&!repeated&!amendment&!vm&temporary: talk.politics.mideast
israel&!lo&!jack&!repeated&!amendment&vm&!most: talk.politics.mideast
israel&!lo&!jack&!repeated&!amendment&vm&most&!wish: talk.politics.mideast
israel&!lo&!jack&!repeated&!amendment&vm&most&wish: talk.politics.mideast
israel&!lo&!jack&!repeated&amendment&!me&!any: talk.politics.mideast
israel&!lo&!jack&!repeated&amendment&!me&any: talk.politics.mideast
israel&!lo&!jack&!repeated&amendment&me: talk.politics.misc
israel&!lo&!jack&repeated&!can: talk.politics.guns
israel&!lo&!jack&repeated&can: talk.politics.mideast
israel&!lo&jack&!has&!are: talk.politics.misc
israel&!lo&jack&!has&are&!about: talk.politics.mideast
israel&!lo&jack&!has&are&about: talk.politics.mideast
israel&!lo&jack&has: talk.politics.mideast
israel&lo&!an: talk.politics.guns
israel&lo&an: talk.politics.guns
Trial 0 Training edu.umass.cs.mallet.base.classify.DecisionTreeTrainer finished
Trial 0 Trainer edu.umass.cs.mallet.base.classify.DecisionTreeTrainer training data accuracy= 0.9681481481481482
Trial 0 Trainer edu.umass.cs.mallet.base.classify.DecisionTreeTrainer Test Data Confusion Matrix
Confusion Matrix, row=true, column=predicted  accuracy=0.7
                    label   0   1   2  |total
  0    talk.politics.guns  69  12  19  |100
  1 talk.politics.mideast   7  85   8  |100
  2    talk.politics.misc  37   7  56  |100

Trial 0 Trainer edu.umass.cs.mallet.base.classify.DecisionTreeTrainer test data accuracy= 0.7

edu.umass.cs.mallet.base.classify.DecisionTreeTrainer
Summary. train accuracy mean = 0.9681481481481482 stddev = 0.0 stderr = 0.0
Summary. test accuracy mean = 0.7 stddev = 0.0 stderr = 0.0
