
-------------------- Trial 0  --------------------

Trial 0 Training edu.umass.cs.mallet.base.classify.DecisionTreeTrainer with 2700 instances
DecisionTree learned:
!israel&!turkish&!gun&!fbi: talk.politics.misc
!israel&!turkish&!gun&fbi: talk.politics.guns
!israel&!turkish&gun&!homeland: talk.politics.guns
!israel&!turkish&gun&homeland: talk.politics.mideast
!israel&turkish&!mar&!liberal: talk.politics.mideast
!israel&turkish&!mar&liberal: talk.politics.misc
!israel&turkish&mar&!again: talk.politics.mideast
!israel&turkish&mar&again: talk.politics.mideast
israel&!lo&!jack&!repeated: talk.politics.mideast
israel&!lo&!jack&repeated: talk.politics.mideast
israel&!lo&jack&!has: talk.politics.misc
israel&!lo&jack&has: talk.politics.mideast
israel&lo&!an: talk.politics.guns
israel&lo&an: talk.politics.guns
Trial 0 Training edu.umass.cs.mallet.base.classify.DecisionTreeTrainer finished
Trial 0 Trainer edu.umass.cs.mallet.base.classify.DecisionTreeTrainer training data accuracy= 0.6377777777777778
Trial 0 Trainer edu.umass.cs.mallet.base.classify.DecisionTreeTrainer Test Data Confusion Matrix
Confusion Matrix, row=true, column=predicted  accuracy=0.5233333333333333
                    label   0   1   2  |total
  0    talk.politics.guns  36   .  64  |100
  1 talk.politics.mideast   1  57  42  |100
  2    talk.politics.misc  32   4  64  |100

Trial 0 Trainer edu.umass.cs.mallet.base.classify.DecisionTreeTrainer test data accuracy= 0.5233333333333333

edu.umass.cs.mallet.base.classify.DecisionTreeTrainer
Summary. train accuracy mean = 0.6377777777777778 stddev = 0.0 stderr = 0.0
Summary. test accuracy mean = 0.5233333333333333 stddev = 0.0 stderr = 0.0
