
-------------------- Trial 0  --------------------

Trial 0 Training MaxEntTrainer,numIterations=10,gaussianPriorVariance=1.0 with 46451 instances
Trial 0 Training MaxEntTrainer,numIterations=10,gaussianPriorVariance=1.0 finished
Trial 0 Trainer MaxEntTrainer,numIterations=10,gaussianPriorVariance=1.0 Training Data Confusion Matrix
Confusion Matrix, row=true, column=predicted  accuracy=0.983100471464554
    label   0   1   2   3   4   5   6   7   8   9  10  11  12  13  14  15  16  17  18  19  20  21  22  23  24  25  26  27  28  29  30  31  32  33  34  35  36  37  38  39  40  41  42  43  44  |total
  0   NNP 5071   .   .   1   9   .   .   3  12   2   .   .   .   .   .   .   2   .   1   .   .   .   1   .   .   .   .   .   .   .   .   .   .   .   2   .   .   .   .   .   .   .   .   .   .  |5104
  1 comma   1 2525   .   .   .   .   .   .   .   .   .   .   .   .   .   .   .   .   .   .   .   .   .   .   .   .   .   .   .   .   .   .   .   .   .   .   .   .   .   .   .   .   .   .   .  |2526
  2    CD   7   . 1394   2   2   .   .   1   8   .   .   .   .   .   .   .   .   .   .   .   .   .   .   .   .   .   .   .   .   .   .   .   .   .   .   .   .   .   .   .   .   .   .   .   .  |1414
  3   NNS   8   .   1 2946   3   .   1   .   7   .   .   .   .   .   .   .   .   .   .   .   .   .   .   .   .   .   .   .   .   .   .   .   .   .   .   .   .   .   .   .   .   .   .   .   .  |2966
  4    JJ  32   .   1   1 2787   .   4   6  76   4   .   .  10   1   3   9  12   .   .   .   .   1   .   .   .   .   .   .   .   .   .   1   .   .   .   .   .   .   .   .   .   .   .   .   .  |2948
  5    MD   .   .   .   .   . 405   .   .   .   .   .   .   .   .   .   .   .   .   .   .   .   .   .   .   .   .   .   .   .   .   .   .   .   .   .   .   .   .   .   .   .   .   .   .   .  |405
  6    VB   4   .   .   .   1   . 1156   .   7   1   .   .   .   .   .   1   .   .   .   .   .   8   .   .   .   .   .   .   .   .   .   .   .   .   .   .   .   .   .   .   .   .   .   .   .  |1178
  7    DT   3   .   .   .   1   .   . 3971   5  10   .   .   .   .   .   .   .   .   .   .   .   .   .   .   .   .   .   .   .   .   .   .   .   .   .   .   .   .   .   .   .   .   .   .   .  |3990
  8    NN  44   .   6  14  71   .   5   . 5976   2   .   .   7   2   .   .   3   .   .   .   .   1   .   .   .   .   .   .   .   .   .   .   .   .   .   .   .   .   .   .   .   .   .   .   .  |6131
  9    IN   5   .   .   .   8   .   .   1   . 4816   .   .   .   2   .   .  12   1   .   .   3   1   3   .   .   .   .   .   .   .   .   .   .   .   .   .   .   .   .   .   .   .   .   .   .  |4852
 10     .   .   .   1   .   .   .   .   .   .   . 1916   .   .   .   .   .   .   .   .   .   .   .   .   .   .   .   .   .   .   .   .   .   .   .   .   .   .   .   .   .   .   .   .   .   .  |1917
 11   VBZ   3   .   .   8   .   .   .   .   .   1   . 1084   .   .   .   .   .   .   .   .   .   .   .   .   .   1   .   .   .   .   .   .   .   .   .   .   .   .   .   .   .   .   .   .   .  |1097
 12   VBG   4   .   .   .   1   .   1   .  28   .   .   . 706   .   .   .   .   .   .   .   .   .   .   .   .   .   .   .   .   .   .   .   .   .   .   .   .   .   .   .   .   .   .   .   .  |740
 13    CC   .   .   .   .   .   .   .   1   .   .   .   .   . 1122   .   .   1   .   .   .   .   .   .   .   .   .   .   .   .   .   .   .   .   .   .   .   .   .   .   .   .   .   .   .   .  |1124
 14   VBD   1   .   .   .   .   .   .   .   4   .   .   .   .   . 1502  11   .   .   .   .   .   .   .   .   .   .   .   .   .   .   .   .   .   .   .   .   .   .   .   .   .   .   .   .   .  |1518
 15   VBN   3   .   .   .   9   .   .   .   8   .   .   .   .   .  10 982   .   .   .   .   .   .   .   .   .   .   .   .   .   .   .   .   .   .   .   .   .   .   .   .   .   .   .   .   .  |1012
 16    RB  11   .   .   3  10   .   .   5  12  31   .   .   .   .   .   . 1381   .   .   1   .   1   6   .   .   .   .   1   .   .   .   1   .   .   .   .   .   .   .   .   .   .   .   .   .  |1463
 17    TO   1   .   .   .   .   .   .   .   .   .   .   .   .   .   .   .   . 1014   .   .   .   .   .   .   .   .   .   .   .   .   .   .   .   .   .   .   .   .   .   .   .   .   .   .   .  |1015
 18   PRP   .   .   2   .   .   .   .   .   1   .   .   .   .   .   .   .   .   . 926   .   .   .   .   .   .   .   .   .   .   .   .   .   .   .   .   .   .   .   .   .   .   .   .   .   .  |929
 19   RBR   .   .   .   .   3   .   .   .   2   1   .   .   .   .   .   .   1   .   .  68   .   .   .   .   .   .   .   .   .   .   .  10   .   .   .   .   .   .   .   .   .   .   .   .   .  |85
 20   WDT   1   .   .   .   .   .   .   1   .   5   .   .   .   .   .   .   .   .   .   . 192   .   .   .   .   .   .   .   .   .   .   .   .   .   .   .   .   .   .   .   .   .   .   .   .  |199
 21   VBP   7   .   .   1   2   .   1   .  15   .   .   1   1   .   1   .   .   .   .   .   . 688   .   .   .   .   .   .   .   .   .   .   .   .   .   .   .   .   .   .   .   .   .   .   .  |717
 22    RP   .   .   .   .   .   .   .   .   1  21   .   .   .   .   .   .   3   .   .   .   .   . 109   .   .   .   .   .   .   .   .   .   .   .   .   .   .   .   .   .   .   .   .   .   .  |134
 23  PRP$   2   .   .   1   .   .   .   .   .   .   .   .   .   .   .   .   .   .   .   .   .   .   . 401   .   .   .   .   .   .   .   .   .   .   .   .   .   .   .   .   .   .   .   .   .  |404
 24   JJS   .   .   .   .   1   .   .   .   .   .   .   .   .   .   .   .   .   .   .   .   .   .   .   .  89   .   .   .   .   .   .   .   .   .   .   .   .   .   .   .   .   .   .   .   .  |90
 25   POS   .   .   .   .   .   .   .   .   .   .   .   .   .   .   .   .   .   .   .   .   .   .   .   .   . 398   .   .   .   .   .   .   .   .   .   .   .   .   .   .   .   .   .   .   .  |398
 26    ``   .   .   .   .   .   .   .   .   1   .   .   .   .   .   .   .   .   .   .   .   .   .   .   .   .   . 401   .   .   .   .   .   .   .   .   .   .   .   .   .   .   .   .   .   .  |402
 27    EX   .   .   .   .   .   .   .   .   .   .   .   .   .   .   .   .   .   .   .   .   .   .   .   .   .   .   .  48   .   .   .   .   .   .   .   .   .   .   .   .   .   .   .   .   .  |48
 28    ''   .   .   .   .   .   .   .   .   .   .   .   .   .   .   .   .   .   .   .   .   .   .   .   .   .   1   .   . 392   .   .   .   .   .   .   .   .   .   .   .   .   .   .   .   .  |393
 29    WP   .   .   .   .   .   .   .   .   .   .   .   .   .   .   .   .   .   .   .   .   .   .   .   .   .   .   .   .   . 135   .   .   .   .   .   .   .   .   .   .   .   .   .   .   .  |135
 30     :   .   .   .   .   2   .   .   .   .   .   .   .   .   .   .   .   .   .   .   .   .   .   .   .   .   .   .   .   .   . 283   .   .   .   .   .   .   .   .   .   .   .   .   .   .  |285
 31   JJR   1   .   .   1   1   .   .   .   3   .   .   .   .   .   .   .   1   .   .   6   .   .   .   .   .   .   .   .   .   .   . 142   .   .   .   .   .   .   .   .   .   .   .   .   .  |155
 32   WRB   .   .   .   .   1   .   .   .   1   .   .   .   .   .   .   .   .   .   .   .   .   .   .   .   .   .   .   .   .   .   .   .  89   .   .   .   .   .   .   .   .   .   .   .   .  |91
 33     $   2   .   .   .   .   .   .   .   .   .   .   .   .   .   .   .   .   .   .   .   .   .   .   .   .   .   .   .   .   .   .   .   . 334   .   .   .   .   .   .   .   .   .   .   .  |336
 34  NNPS  16   .   .   4   .   .   .   .   .   .   .   .   .   .   .   .   .   .   .   .   .   .   .   .   .   .   .   .   .   .   .   .   .   .  74   .   .   .   .   .   .   .   .   .   .  |94
 35   WP$   1   .   .   .   .   .   .   .   .   .   .   .   .   .   .   .   .   .   .   .   .   .   .   .   .   .   .   .   .   .   .   .   .   .   .   5   .   .   .   .   .   .   .   .   .  |6
 36 -LRB-   .   .   .   .   .   .   .   .   .   .   .   .   .   .   .   .   .   .   .   .   .   .   .   .   .   .   .   .   .   .   .   .   .   .   .   .  52   .   .   .   .   .   .   .   .  |52
 37 -RRB-   .   .   .   .   .   .   .   .   .   .   .   .   .   .   .   .   .   .   .   .   .   .   .   .   .   .   .   .   .   .   .   .   .   .   .   .   .  55   .   .   .   .   .   .   .  |55
 38   PDT   .   .   .   .   2   .   .   2   .   .   .   .   .   .   .   .   .   .   .   .   .   .   .   .   .   .   .   .   .   .   .   .   .   .   .   .   .   .   5   .   .   .   .   .   .  |9
 39   RBS   .   .   .   .   .   .   .   .   .   .   .   .   .   .   .   .   .   .   .   .   .   .   .   .   1   .   .   .   .   .   .   .   .   .   .   .   .   .   .  18   .   .   .   .   .  |19
 40    FW   .   .   .   .   .   .   .   .   1   1   .   .   .   .   .   .   .   .   .   .   .   .   .   .   .   .   .   .   .   .   .   .   .   .   .   .   .   .   .   .   .   .   .   .   .  |2
 41    UH   1   .   .   .   .   .   .   .   .   .   .   .   .   .   .   .   .   .   .   .   .   .   .   .   .   .   .   .   .   .   .   .   .   .   .   .   .   .   .   .   .   .   .   .   .  |1
 42   SYM   .   .   .   .   .   .   .   .   .   .   .   .   .   1   .   .   .   .   .   .   .   .   .   .   .   .   .   .   .   .   .   .   .   .   .   .   .   .   .   .   .   .   .   .   .  |1
 43    LS   .   .   .   .   .   .   .   1   1   .   .   .   .   .   .   .   .   .   .   .   .   .   .   .   .   .   .   .   .   .   .   .   .   .   .   .   .   .   .   .   .   .   .   8   .  |10
 44     #   1   .   .   .   .   .   .   .   .   .   .   .   .   .   .   .   .   .   .   .   .   .   .   .   .   .   .   .   .   .   .   .   .   .   .   .   .   .   .   .   .   .   .   .   .  |1

Trial 0 Trainer MaxEntTrainer,numIterations=10,gaussianPriorVariance=1.0 training data accuracy= 0.983100471464554

MaxEntTrainer,numIterations=10,gaussianPriorVariance=1.0
Summary. train accuracy mean = 0.983100471464554 stddev = 0.0 stderr = 0.0
