
-------------------- Trial 0  --------------------

Trial 0 Training MaxEntTrainer,numIterations=10,gaussianPriorVariance=1.0 with 46451 instances
Trial 0 Training MaxEntTrainer,numIterations=10,gaussianPriorVariance=1.0 finished
Trial 0 Trainer MaxEntTrainer,numIterations=10,gaussianPriorVariance=1.0 Training Data Confusion Matrix
Confusion Matrix, row=true, column=predicted  accuracy=0.9866956577899292
    label   0   1   2   3   4   5   6   7   8   9  10  11  12  13  14  15  16  17  18  19  20  21  22  23  24  25  26  27  28  29  30  31  32  33  34  35  36  37  38  39  40  41  42  43  44  |total
  0   NNP 5051   .   .   3  19   .   4   3  21   2   .   .   .   .   .   1   .   .   .   .   .   .   .   .   .   .   .   .   .   .   .   .   .   .   .   .   .   .   .   .   .   .   .   .   .  |5104
  1 comma   1 2525   .   .   .   .   .   .   .   .   .   .   .   .   .   .   .   .   .   .   .   .   .   .   .   .   .   .   .   .   .   .   .   .   .   .   .   .   .   .   .   .   .   .   .  |2526
  2    CD  10   . 1382   2   6   .   1   1  12   .   .   .   .   .   .   .   .   .   .   .   .   .   .   .   .   .   .   .   .   .   .   .   .   .   .   .   .   .   .   .   .   .   .   .   .  |1414
  3   NNS   8   .   . 2924   5   .   2   .  23   2   .   .   .   .   .   .   1   .   .   .   .   1   .   .   .   .   .   .   .   .   .   .   .   .   .   .   .   .   .   .   .   .   .   .   .  |2966
  4    JJ  13   .   .   1 2883   .   3   4  29   1   .   .   3   1   1   5   3   .   .   .   .   .   .   .   .   .   .   .   .   .   .   1   .   .   .   .   .   .   .   .   .   .   .   .   .  |2948
  5    MD   .   .   .   .   . 405   .   .   .   .   .   .   .   .   .   .   .   .   .   .   .   .   .   .   .   .   .   .   .   .   .   .   .   .   .   .   .   .   .   .   .   .   .   .   .  |405
  6    VB   2   .   .   .   .   . 1167   .   3   1   .   .   .   .   1   .   .   .   .   .   .   4   .   .   .   .   .   .   .   .   .   .   .   .   .   .   .   .   .   .   .   .   .   .   .  |1178
  7    DT   2   .   .   .   1   .   1 3976   2   8   .   .   .   .   .   .   .   .   .   .   .   .   .   .   .   .   .   .   .   .   .   .   .   .   .   .   .   .   .   .   .   .   .   .   .  |3990
  8    NN  24   .   3   8  26   .   4   . 6059   1   .   .   2   2   .   .   .   .   .   .   .   2   .   .   .   .   .   .   .   .   .   .   .   .   .   .   .   .   .   .   .   .   .   .   .  |6131
  9    IN   1   .   .   .   5   .   .   1   1 4829   .   .   .   2   .   .  10   .   .   .   1   .   2   .   .   .   .   .   .   .   .   .   .   .   .   .   .   .   .   .   .   .   .   .   .  |4852
 10     .   .   .   .   .   .   .   .   .   .   . 1917   .   .   .   .   .   .   .   .   .   .   .   .   .   .   .   .   .   .   .   .   .   .   .   .   .   .   .   .   .   .   .   .   .   .  |1917
 11   VBZ   3   .   .   4   1   .   .   .   2   1   . 1085   .   .   1   .   .   .   .   .   .   .   .   .   .   .   .   .   .   .   .   .   .   .   .   .   .   .   .   .   .   .   .   .   .  |1097
 12   VBG   1   .   .   .   3   .   2   .  29   .   .   . 703   .   1   1   .   .   .   .   .   .   .   .   .   .   .   .   .   .   .   .   .   .   .   .   .   .   .   .   .   .   .   .   .  |740
 13    CC   .   .   .   .   .   .   .   .   .   1   .   .   . 1123   .   .   .   .   .   .   .   .   .   .   .   .   .   .   .   .   .   .   .   .   .   .   .   .   .   .   .   .   .   .   .  |1124
 14   VBD   4   .   .   1   1   .   .   .   3   1   .   .   .   . 1498   9   .   .   .   .   .   1   .   .   .   .   .   .   .   .   .   .   .   .   .   .   .   .   .   .   .   .   .   .   .  |1518
 15   VBN   2   .   .   2  16   .   1   .   9   1   .   .   .   .   6 975   .   .   .   .   .   .   .   .   .   .   .   .   .   .   .   .   .   .   .   .   .   .   .   .   .   .   .   .   .  |1012
 16    RB   7   .   .   3  11   .   3   1  14  18   .   .   .   .   2   1 1400   .   .   .   .   .   2   .   .   .   .   .   .   .   .   1   .   .   .   .   .   .   .   .   .   .   .   .   .  |1463
 17    TO   1   .   .   .   .   .   .   .   .   2   .   .   .   .   .   .   . 1012   .   .   .   .   .   .   .   .   .   .   .   .   .   .   .   .   .   .   .   .   .   .   .   .   .   .   .  |1015
 18   PRP   .   .   1   .   .   .   .   .   5   .   .   .   .   .   .   .   .   . 923   .   .   .   .   .   .   .   .   .   .   .   .   .   .   .   .   .   .   .   .   .   .   .   .   .   .  |929
 19   RBR   .   .   .   .   1   .   .   .   2   1   .   .   .   .   .   .   1   .   .  73   .   .   .   .   .   .   .   .   .   .   .   7   .   .   .   .   .   .   .   .   .   .   .   .   .  |85
 20   WDT   .   .   .   .   .   .   .   1   .   1   .   .   .   .   .   .   .   .   .   . 197   .   .   .   .   .   .   .   .   .   .   .   .   .   .   .   .   .   .   .   .   .   .   .   .  |199
 21   VBP   4   .   .   .   2   .   1   .  12   .   .   1   .   .   1   1   1   .   .   .   . 694   .   .   .   .   .   .   .   .   .   .   .   .   .   .   .   .   .   .   .   .   .   .   .  |717
 22    RP   .   .   .   .   .   .   .   .   1  14   .   .   .   .   .   .   5   .   .   .   .   . 114   .   .   .   .   .   .   .   .   .   .   .   .   .   .   .   .   .   .   .   .   .   .  |134
 23  PRP$   2   .   .   1   .   .   .   .   .   .   .   .   .   .   .   .   .   .   .   .   .   .   . 401   .   .   .   .   .   .   .   .   .   .   .   .   .   .   .   .   .   .   .   .   .  |404
 24   JJS   .   .   .   .   1   .   .   .   3   .   .   .   .   .   .   .   .   .   .   .   .   .   .   .  86   .   .   .   .   .   .   .   .   .   .   .   .   .   .   .   .   .   .   .   .  |90
 25   POS   .   .   .   .   .   .   .   .   .   .   .   .   .   .   .   .   .   .   .   .   .   .   .   .   . 398   .   .   .   .   .   .   .   .   .   .   .   .   .   .   .   .   .   .   .  |398
 26    ``   .   .   .   .   .   .   .   .   1   .   .   .   .   .   .   .   .   .   .   .   .   .   .   .   .   . 401   .   .   .   .   .   .   .   .   .   .   .   .   .   .   .   .   .   .  |402
 27    EX   .   .   .   .   .   .   .   .   .   .   .   .   .   .   .   .   .   .   .   .   .   .   .   .   .   .   .  48   .   .   .   .   .   .   .   .   .   .   .   .   .   .   .   .   .  |48
 28    ''   .   .   .   .   .   .   .   .   .   .   .   .   .   .   .   .   .   .   .   .   .   .   .   .   .   1   .   . 392   .   .   .   .   .   .   .   .   .   .   .   .   .   .   .   .  |393
 29    WP   .   .   .   .   .   .   .   .   .   .   .   .   .   .   .   .   .   .   .   .   .   .   .   .   .   .   .   .   . 135   .   .   .   .   .   .   .   .   .   .   .   .   .   .   .  |135
 30     :   .   .   .   .   .   .   .   .   .   .   .   .   .   .   .   .   .   .   .   .   .   .   .   .   .   .   .   .   .   . 285   .   .   .   .   .   .   .   .   .   .   .   .   .   .  |285
 31   JJR   .   .   .   2   4   .   1   .   1   .   .   .   .   .   .   .   1   .   .   2   .   .   .   .   .   .   .   .   .   .   . 144   .   .   .   .   .   .   .   .   .   .   .   .   .  |155
 32   WRB   .   .   .   1   .   .   .   .   1   2   .   .   .   .   .   .   .   .   .   .   .   .   .   .   .   .   .   .   .   .   .   .  87   .   .   .   .   .   .   .   .   .   .   .   .  |91
 33     $   .   .   .   .   .   .   1   .   .   .   .   .   .   .   .   .   .   .   .   .   .   .   .   .   .   .   .   .   .   .   .   .   . 335   .   .   .   .   .   .   .   .   .   .   .  |336
 34  NNPS  20   .   .   5   1   .   .   .   6   .   .   .   .   .   .   .   .   .   .   .   .   .   .   .   .   .   .   .   .   .   .   .   .   .  62   .   .   .   .   .   .   .   .   .   .  |94
 35   WP$   1   .   .   .   .   .   .   .   .   .   .   .   .   .   .   .   .   .   .   .   .   .   .   .   .   .   .   .   .   .   .   .   .   .   .   5   .   .   .   .   .   .   .   .   .  |6
 36 -LRB-   .   .   .   .   .   .   .   .   .   .   .   .   .   .   .   .   .   .   .   .   .   .   .   .   .   .   .   .   .   .   .   .   .   .   .   .  52   .   .   .   .   .   .   .   .  |52
 37 -RRB-   .   .   .   .   .   .   .   .   .   .   .   .   .   .   .   .   .   .   .   .   .   .   .   .   .   .   .   .   .   .   .   .   .   .   .   .   .  55   .   .   .   .   .   .   .  |55
 38   PDT   .   .   .   .   2   .   .   2   .   .   .   .   .   .   .   .   .   .   .   .   .   .   .   .   .   .   .   .   .   .   .   .   .   .   .   .   .   .   5   .   .   .   .   .   .  |9
 39   RBS   .   .   .   .   .   .   .   .   .   .   .   .   .   .   .   .   .   .   .   .   .   .   .   .   .   .   .   .   .   .   .   .   .   .   .   .   .   .   .  19   .   .   .   .   .  |19
 40    FW   .   .   .   .   .   .   .   .   1   1   .   .   .   .   .   .   .   .   .   .   .   .   .   .   .   .   .   .   .   .   .   .   .   .   .   .   .   .   .   .   .   .   .   .   .  |2
 41    UH   .   .   .   .   .   .   .   .   .   .   .   .   .   .   .   1   .   .   .   .   .   .   .   .   .   .   .   .   .   .   .   .   .   .   .   .   .   .   .   .   .   .   .   .   .  |1
 42   SYM   .   .   .   .   .   .   .   .   .   .   .   .   .   1   .   .   .   .   .   .   .   .   .   .   .   .   .   .   .   .   .   .   .   .   .   .   .   .   .   .   .   .   .   .   .  |1
 43    LS   .   .   .   .   .   .   .   1   .   1   .   .   .   .   .   .   .   .   .   .   .   .   .   .   .   .   .   .   .   .   .   .   .   .   .   .   .   .   .   .   .   .   .   8   .  |10
 44     #   1   .   .   .   .   .   .   .   .   .   .   .   .   .   .   .   .   .   .   .   .   .   .   .   .   .   .   .   .   .   .   .   .   .   .   .   .   .   .   .   .   .   .   .   .  |1

Trial 0 Trainer MaxEntTrainer,numIterations=10,gaussianPriorVariance=1.0 training data accuracy= 0.9866956577899292

MaxEntTrainer,numIterations=10,gaussianPriorVariance=1.0
Summary. train accuracy mean = 0.9866956577899292 stddev = 0.0 stderr = 0.0
